snr = 34
code_rate = 5/6, qam_bit = 12, n_cw_to_sim = 2, cw_factor = 25
n_ss = 4, QAM = 4096, path_num = 1
0     packet: packet ERROR!!! accumulated num_err_pkt: 1
1     packet: packet ERROR!!! accumulated num_err_pkt: 2
2     packet: packet ERROR!!! accumulated num_err_pkt: 3
3     packet: packet ERROR!!! accumulated num_err_pkt: 4
4     packet: packet ERROR!!! accumulated num_err_pkt: 5
5     packet: packet ERROR!!! accumulated num_err_pkt: 6
6     packet: packet ERROR!!! accumulated num_err_pkt: 7
7     packet: packet ERROR!!! accumulated num_err_pkt: 8
8     packet: packet ERROR!!! accumulated num_err_pkt: 9
9     packet: packet ERROR!!! accumulated num_err_pkt: 10
10     packet: packet ERROR!!! accumulated num_err_pkt: 11
11     packet: packet ERROR!!! accumulated num_err_pkt: 12
12     packet: packet ERROR!!! accumulated num_err_pkt: 13
13     packet: packet ERROR!!! accumulated num_err_pkt: 14
14     packet: packet ERROR!!! accumulated num_err_pkt: 15
15     packet: packet ERROR!!! accumulated num_err_pkt: 16
16     packet: packet ERROR!!! accumulated num_err_pkt: 17
17     packet: packet ERROR!!! accumulated num_err_pkt: 18
18     packet: packet ERROR!!! accumulated num_err_pkt: 19
19     packet: packet ERROR!!! accumulated num_err_pkt: 20
20     packet: packet ERROR!!! accumulated num_err_pkt: 21
21     packet: packet ERROR!!! accumulated num_err_pkt: 22
22     packet: packet ERROR!!! accumulated num_err_pkt: 23
23     packet: packet ERROR!!! accumulated num_err_pkt: 24
24     packet: packet ERROR!!! accumulated num_err_pkt: 25
25     packet: packet ERROR!!! accumulated num_err_pkt: 26
26     packet: packet ERROR!!! accumulated num_err_pkt: 27
27     packet: packet ERROR!!! accumulated num_err_pkt: 28
28     packet: packet ERROR!!! accumulated num_err_pkt: 29
29     packet: packet ERROR!!! accumulated num_err_pkt: 30
30     packet: packet ERROR!!! accumulated num_err_pkt: 31
31     packet: packet ERROR!!! accumulated num_err_pkt: 32
32     packet: packet ERROR!!! accumulated num_err_pkt: 33
33     packet: packet ERROR!!! accumulated num_err_pkt: 34
34     packet: packet ERROR!!! accumulated num_err_pkt: 35
35     packet: packet ERROR!!! accumulated num_err_pkt: 36
36     packet: packet ERROR!!! accumulated num_err_pkt: 37
37     packet: packet ERROR!!! accumulated num_err_pkt: 38
38     packet: packet ERROR!!! accumulated num_err_pkt: 39
39     packet: packet ERROR!!! accumulated num_err_pkt: 40
40     packet: packet ERROR!!! accumulated num_err_pkt: 41
41     packet: packet ERROR!!! accumulated num_err_pkt: 42
42     packet: packet ERROR!!! accumulated num_err_pkt: 43
43     packet: packet ERROR!!! accumulated num_err_pkt: 44
44     packet: packet ERROR!!! accumulated num_err_pkt: 45
45     packet: packet ERROR!!! accumulated num_err_pkt: 46
46     packet: packet ERROR!!! accumulated num_err_pkt: 47
47     packet: packet ERROR!!! accumulated num_err_pkt: 48
48     packet: packet ERROR!!! accumulated num_err_pkt: 49
49     packet: packet ERROR!!! accumulated num_err_pkt: 50
50     packet: packet ERROR!!! accumulated num_err_pkt: 51
51     packet: packet ERROR!!! accumulated num_err_pkt: 52
52     packet: packet ERROR!!! accumulated num_err_pkt: 53
53     packet: packet ERROR!!! accumulated num_err_pkt: 54
54     packet: packet ERROR!!! accumulated num_err_pkt: 55
55     packet: packet ERROR!!! accumulated num_err_pkt: 56
56     packet: packet ERROR!!! accumulated num_err_pkt: 57
57     packet: packet ERROR!!! accumulated num_err_pkt: 58
58     packet: packet ERROR!!! accumulated num_err_pkt: 59
59     packet: packet ERROR!!! accumulated num_err_pkt: 60
60     packet: packet ERROR!!! accumulated num_err_pkt: 61
61     packet: packet ERROR!!! accumulated num_err_pkt: 62
62     packet: packet ERROR!!! accumulated num_err_pkt: 63
63     packet: packet ERROR!!! accumulated num_err_pkt: 64
64     packet: packet ERROR!!! accumulated num_err_pkt: 65
65     packet: packet ERROR!!! accumulated num_err_pkt: 66
66     packet: packet ERROR!!! accumulated num_err_pkt: 67
67     packet: packet ERROR!!! accumulated num_err_pkt: 68
68     packet: packet ERROR!!! accumulated num_err_pkt: 69
69     packet: packet ERROR!!! accumulated num_err_pkt: 70
70     packet: packet ERROR!!! accumulated num_err_pkt: 71
71     packet: packet ERROR!!! accumulated num_err_pkt: 72
72     packet: packet ERROR!!! accumulated num_err_pkt: 73
73     packet: packet ERROR!!! accumulated num_err_pkt: 74
74     packet: packet ERROR!!! accumulated num_err_pkt: 75
75     packet: packet ERROR!!! accumulated num_err_pkt: 76
76     packet: packet ERROR!!! accumulated num_err_pkt: 77
77     packet: packet ERROR!!! accumulated num_err_pkt: 78
78     packet: packet ERROR!!! accumulated num_err_pkt: 79
79     packet: packet ERROR!!! accumulated num_err_pkt: 80
80     packet: packet ERROR!!! accumulated num_err_pkt: 81
81     packet: packet ERROR!!! accumulated num_err_pkt: 82
82     packet: packet ERROR!!! accumulated num_err_pkt: 83
83     packet: packet ERROR!!! accumulated num_err_pkt: 84
84     packet: packet ERROR!!! accumulated num_err_pkt: 85
85     packet: packet ERROR!!! accumulated num_err_pkt: 86
86     packet: packet ERROR!!! accumulated num_err_pkt: 87
87     packet: packet ERROR!!! accumulated num_err_pkt: 88
88     packet: packet ERROR!!! accumulated num_err_pkt: 89
89     packet: packet ERROR!!! accumulated num_err_pkt: 90
90     packet: packet ERROR!!! accumulated num_err_pkt: 91
91     packet: packet ERROR!!! accumulated num_err_pkt: 92
92     packet: packet ERROR!!! accumulated num_err_pkt: 93
93     packet: packet ERROR!!! accumulated num_err_pkt: 94
94     packet: packet ERROR!!! accumulated num_err_pkt: 95
95     packet: packet ERROR!!! accumulated num_err_pkt: 96
96     packet: packet ERROR!!! accumulated num_err_pkt: 97
97     packet: packet ERROR!!! accumulated num_err_pkt: 98
98     packet: packet ERROR!!! accumulated num_err_pkt: 99
99     packet: packet ERROR!!! accumulated num_err_pkt: 100
SNR: 34
BER: 9.30607, error_bits: 36182, total_bits: 3888
CER: 0.5154, error_codewords: 2577, total_codewords: 5000
PER: 1, error_packets: 100, total_packets: 100

execution time: 10.402 seconds
snr = 34.5
code_rate = 5/6, qam_bit = 12, n_cw_to_sim = 2, cw_factor = 25
n_ss = 4, QAM = 4096, path_num = 1
0     packet: packet ERROR!!! accumulated num_err_pkt: 1
1     packet: packet ERROR!!! accumulated num_err_pkt: 2
2     packet: packet ERROR!!! accumulated num_err_pkt: 3
3     packet: packet ERROR!!! accumulated num_err_pkt: 4
4     packet: packet ERROR!!! accumulated num_err_pkt: 5
5     packet: packet ERROR!!! accumulated num_err_pkt: 6
6     packet: packet ERROR!!! accumulated num_err_pkt: 7
7     packet: packet ERROR!!! accumulated num_err_pkt: 8
8     packet: packet ERROR!!! accumulated num_err_pkt: 9
9     packet: packet ERROR!!! accumulated num_err_pkt: 10
10     packet: packet ERROR!!! accumulated num_err_pkt: 11
11     packet: packet ERROR!!! accumulated num_err_pkt: 12
12     packet: packet ERROR!!! accumulated num_err_pkt: 13
13     packet: packet ERROR!!! accumulated num_err_pkt: 14
14     packet: packet ERROR!!! accumulated num_err_pkt: 15
15     packet: packet ERROR!!! accumulated num_err_pkt: 16
16     packet: packet ERROR!!! accumulated num_err_pkt: 17
17     packet: packet ERROR!!! accumulated num_err_pkt: 18
18     packet: packet ERROR!!! accumulated num_err_pkt: 19
19     packet: packet ERROR!!! accumulated num_err_pkt: 20
20     packet: packet ERROR!!! accumulated num_err_pkt: 21
21     packet: packet ERROR!!! accumulated num_err_pkt: 22
22     packet: packet ERROR!!! accumulated num_err_pkt: 23
23     packet: packet ERROR!!! accumulated num_err_pkt: 24
24     packet: packet ERROR!!! accumulated num_err_pkt: 25
25     packet: packet ERROR!!! accumulated num_err_pkt: 26
26     packet: packet ERROR!!! accumulated num_err_pkt: 27
27     packet: packet ERROR!!! accumulated num_err_pkt: 28
28     packet: packet ERROR!!! accumulated num_err_pkt: 29
29     packet: packet ERROR!!! accumulated num_err_pkt: 30
30     packet: packet ERROR!!! accumulated num_err_pkt: 31
31     packet: packet ERROR!!! accumulated num_err_pkt: 32
32     packet: packet ERROR!!! accumulated num_err_pkt: 33
33     packet: packet ERROR!!! accumulated num_err_pkt: 34
34     packet: packet ERROR!!! accumulated num_err_pkt: 35
35     packet: packet ERROR!!! accumulated num_err_pkt: 36
36     packet: packet ERROR!!! accumulated num_err_pkt: 37
37     packet: packet ERROR!!! accumulated num_err_pkt: 38
38     packet: packet ERROR!!! accumulated num_err_pkt: 39
39     packet: packet ERROR!!! accumulated num_err_pkt: 40
40     packet: packet ERROR!!! accumulated num_err_pkt: 41
41     packet: packet ERROR!!! accumulated num_err_pkt: 42
42     packet: packet ERROR!!! accumulated num_err_pkt: 43
43     packet: packet ERROR!!! accumulated num_err_pkt: 44
44     packet: packet ERROR!!! accumulated num_err_pkt: 45
45     packet: packet ERROR!!! accumulated num_err_pkt: 46
46     packet: packet ERROR!!! accumulated num_err_pkt: 47
47     packet: packet ERROR!!! accumulated num_err_pkt: 48
48     packet: packet ERROR!!! accumulated num_err_pkt: 49
49     packet: packet ERROR!!! accumulated num_err_pkt: 50
50     packet: packet ERROR!!! accumulated num_err_pkt: 51
51     packet: packet ERROR!!! accumulated num_err_pkt: 52
52     packet: packet ERROR!!! accumulated num_err_pkt: 53
53     packet: packet ERROR!!! accumulated num_err_pkt: 54
54     packet: packet ERROR!!! accumulated num_err_pkt: 55
55     packet: packet ERROR!!! accumulated num_err_pkt: 56
56     packet: packet ERROR!!! accumulated num_err_pkt: 57
57     packet: packet ERROR!!! accumulated num_err_pkt: 58
58     packet: packet ERROR!!! accumulated num_err_pkt: 59
59     packet: packet ERROR!!! accumulated num_err_pkt: 60
60     packet: packet ERROR!!! accumulated num_err_pkt: 61
61     packet: packet ERROR!!! accumulated num_err_pkt: 62
62     packet: packet ERROR!!! accumulated num_err_pkt: 63
63     packet: packet ERROR!!! accumulated num_err_pkt: 64
64     packet: packet ERROR!!! accumulated num_err_pkt: 65
65     packet: packet ERROR!!! accumulated num_err_pkt: 66
66     packet: packet ERROR!!! accumulated num_err_pkt: 67
67     packet: packet ERROR!!! accumulated num_err_pkt: 68
68     packet: packet ERROR!!! accumulated num_err_pkt: 69
69     packet: packet ERROR!!! accumulated num_err_pkt: 70
70     packet: packet ERROR!!! accumulated num_err_pkt: 71
71     packet: packet ERROR!!! accumulated num_err_pkt: 72
72     packet: packet ERROR!!! accumulated num_err_pkt: 73
73     packet: packet ERROR!!! accumulated num_err_pkt: 74
74     packet: packet ERROR!!! accumulated num_err_pkt: 75
75     packet: packet ERROR!!! accumulated num_err_pkt: 76
76     packet: packet ERROR!!! accumulated num_err_pkt: 77
77     packet: packet ERROR!!! accumulated num_err_pkt: 78
78     packet: packet ERROR!!! accumulated num_err_pkt: 79
79     packet: packet ERROR!!! accumulated num_err_pkt: 80
80     packet: packet ERROR!!! accumulated num_err_pkt: 81
81     packet: packet ERROR!!! accumulated num_err_pkt: 82
82     packet: packet ERROR!!! accumulated num_err_pkt: 83
83     packet: packet ERROR!!! accumulated num_err_pkt: 84
84     packet: packet ERROR!!! accumulated num_err_pkt: 85
85     packet: packet ERROR!!! accumulated num_err_pkt: 86
86     packet: packet ERROR!!! accumulated num_err_pkt: 87
87     packet: packet ERROR!!! accumulated num_err_pkt: 88
88     packet: packet ERROR!!! accumulated num_err_pkt: 89
89     packet: packet ERROR!!! accumulated num_err_pkt: 90
90     packet: packet ERROR!!! accumulated num_err_pkt: 91
91     packet: packet ERROR!!! accumulated num_err_pkt: 92
92     packet: packet ERROR!!! accumulated num_err_pkt: 93
93     packet: packet ERROR!!! accumulated num_err_pkt: 94
94     packet: packet ERROR!!! accumulated num_err_pkt: 95
95     packet: packet ERROR!!! accumulated num_err_pkt: 96
96     packet: packet ERROR!!! accumulated num_err_pkt: 97
97     packet: packet ERROR!!! accumulated num_err_pkt: 98
98     packet: packet ERROR!!! accumulated num_err_pkt: 99
99     packet: packet ERROR!!! accumulated num_err_pkt: 100
SNR: 34.5
BER: 1.89712, error_bits: 7376, total_bits: 3888
CER: 0.1594, error_codewords: 797, total_codewords: 5000
PER: 1, error_packets: 100, total_packets: 100

execution time: 8.762 seconds
snr = 35
code_rate = 5/6, qam_bit = 12, n_cw_to_sim = 2, cw_factor = 25
n_ss = 4, QAM = 4096, path_num = 1
0     packet: packet correct. accumulated num_err_pkt: 0
1     packet: packet ERROR!!! accumulated num_err_pkt: 1
2     packet: packet ERROR!!! accumulated num_err_pkt: 2
3     packet: packet correct. accumulated num_err_pkt: 2
4     packet: packet correct. accumulated num_err_pkt: 2
5     packet: packet ERROR!!! accumulated num_err_pkt: 3
6     packet: packet ERROR!!! accumulated num_err_pkt: 4
7     packet: packet correct. accumulated num_err_pkt: 4
8     packet: packet ERROR!!! accumulated num_err_pkt: 5
9     packet: packet ERROR!!! accumulated num_err_pkt: 6
10     packet: packet correct. accumulated num_err_pkt: 6
11     packet: packet ERROR!!! accumulated num_err_pkt: 7
12     packet: packet ERROR!!! accumulated num_err_pkt: 8
13     packet: packet correct. accumulated num_err_pkt: 8
14     packet: packet correct. accumulated num_err_pkt: 8
15     packet: packet ERROR!!! accumulated num_err_pkt: 9
16     packet: packet ERROR!!! accumulated num_err_pkt: 10
17     packet: packet correct. accumulated num_err_pkt: 10
18     packet: packet correct. accumulated num_err_pkt: 10
19     packet: packet ERROR!!! accumulated num_err_pkt: 11
20     packet: packet ERROR!!! accumulated num_err_pkt: 12
21     packet: packet ERROR!!! accumulated num_err_pkt: 13
22     packet: packet ERROR!!! accumulated num_err_pkt: 14
23     packet: packet correct. accumulated num_err_pkt: 14
24     packet: packet ERROR!!! accumulated num_err_pkt: 15
25     packet: packet ERROR!!! accumulated num_err_pkt: 16
26     packet: packet ERROR!!! accumulated num_err_pkt: 17
27     packet: packet ERROR!!! accumulated num_err_pkt: 18
28     packet: packet correct. accumulated num_err_pkt: 18
29     packet: packet correct. accumulated num_err_pkt: 18
30     packet: packet ERROR!!! accumulated num_err_pkt: 19
31     packet: packet correct. accumulated num_err_pkt: 19
32     packet: packet correct. accumulated num_err_pkt: 19
33     packet: packet correct. accumulated num_err_pkt: 19
34     packet: packet ERROR!!! accumulated num_err_pkt: 20
35     packet: packet correct. accumulated num_err_pkt: 20
36     packet: packet ERROR!!! accumulated num_err_pkt: 21
37     packet: packet ERROR!!! accumulated num_err_pkt: 22
38     packet: packet ERROR!!! accumulated num_err_pkt: 23
39     packet: packet ERROR!!! accumulated num_err_pkt: 24
40     packet: packet ERROR!!! accumulated num_err_pkt: 25
41     packet: packet ERROR!!! accumulated num_err_pkt: 26
42     packet: packet ERROR!!! accumulated num_err_pkt: 27
43     packet: packet correct. accumulated num_err_pkt: 27
44     packet: packet ERROR!!! accumulated num_err_pkt: 28
45     packet: packet correct. accumulated num_err_pkt: 28
46     packet: packet ERROR!!! accumulated num_err_pkt: 29
47     packet: packet ERROR!!! accumulated num_err_pkt: 30
48     packet: packet ERROR!!! accumulated num_err_pkt: 31
49     packet: packet ERROR!!! accumulated num_err_pkt: 32
50     packet: packet ERROR!!! accumulated num_err_pkt: 33
51     packet: packet ERROR!!! accumulated num_err_pkt: 34
52     packet: packet correct. accumulated num_err_pkt: 34
53     packet: packet ERROR!!! accumulated num_err_pkt: 35
54     packet: packet ERROR!!! accumulated num_err_pkt: 36
55     packet: packet ERROR!!! accumulated num_err_pkt: 37
56     packet: packet ERROR!!! accumulated num_err_pkt: 38
57     packet: packet correct. accumulated num_err_pkt: 38
58     packet: packet correct. accumulated num_err_pkt: 38
59     packet: packet correct. accumulated num_err_pkt: 38
60     packet: packet ERROR!!! accumulated num_err_pkt: 39
61     packet: packet ERROR!!! accumulated num_err_pkt: 40
62     packet: packet ERROR!!! accumulated num_err_pkt: 41
63     packet: packet ERROR!!! accumulated num_err_pkt: 42
64     packet: packet correct. accumulated num_err_pkt: 42
65     packet: packet correct. accumulated num_err_pkt: 42
66     packet: packet ERROR!!! accumulated num_err_pkt: 43
67     packet: packet correct. accumulated num_err_pkt: 43
68     packet: packet ERROR!!! accumulated num_err_pkt: 44
69     packet: packet ERROR!!! accumulated num_err_pkt: 45
70     packet: packet correct. accumulated num_err_pkt: 45
71     packet: packet correct. accumulated num_err_pkt: 45
72     packet: packet ERROR!!! accumulated num_err_pkt: 46
73     packet: packet correct. accumulated num_err_pkt: 46
74     packet: packet correct. accumulated num_err_pkt: 46
75     packet: packet ERROR!!! accumulated num_err_pkt: 47
76     packet: packet correct. accumulated num_err_pkt: 47
77     packet: packet correct. accumulated num_err_pkt: 47
78     packet: packet ERROR!!! accumulated num_err_pkt: 48
79     packet: packet correct. accumulated num_err_pkt: 48
80     packet: packet ERROR!!! accumulated num_err_pkt: 49
81     packet: packet ERROR!!! accumulated num_err_pkt: 50
82     packet: packet ERROR!!! accumulated num_err_pkt: 51
83     packet: packet ERROR!!! accumulated num_err_pkt: 52
84     packet: packet ERROR!!! accumulated num_err_pkt: 53
85     packet: packet ERROR!!! accumulated num_err_pkt: 54
86     packet: packet ERROR!!! accumulated num_err_pkt: 55
87     packet: packet correct. accumulated num_err_pkt: 55
88     packet: packet ERROR!!! accumulated num_err_pkt: 56
89     packet: packet ERROR!!! accumulated num_err_pkt: 57
90     packet: packet ERROR!!! accumulated num_err_pkt: 58
91     packet: packet ERROR!!! accumulated num_err_pkt: 59
92     packet: packet correct. accumulated num_err_pkt: 59
93     packet: packet correct. accumulated num_err_pkt: 59
94     packet: packet ERROR!!! accumulated num_err_pkt: 60
95     packet: packet ERROR!!! accumulated num_err_pkt: 61
96     packet: packet ERROR!!! accumulated num_err_pkt: 62
97     packet: packet correct. accumulated num_err_pkt: 62
98     packet: packet ERROR!!! accumulated num_err_pkt: 63
99     packet: packet ERROR!!! accumulated num_err_pkt: 64
SNR: 35
BER: 0.268004, error_bits: 1042, total_bits: 3888
CER: 0.0302, error_codewords: 151, total_codewords: 5000
PER: 0.64, error_packets: 64, total_packets: 100

execution time: 8.107 seconds
snr = 35.5
code_rate = 5/6, qam_bit = 12, n_cw_to_sim = 2, cw_factor = 25
n_ss = 4, QAM = 4096, path_num = 1
0     packet: packet correct. accumulated num_err_pkt: 0
1     packet: packet correct. accumulated num_err_pkt: 0
2     packet: packet correct. accumulated num_err_pkt: 0
3     packet: packet correct. accumulated num_err_pkt: 0
4     packet: packet correct. accumulated num_err_pkt: 0
5     packet: packet correct. accumulated num_err_pkt: 0
6     packet: packet correct. accumulated num_err_pkt: 0
7     packet: packet correct. accumulated num_err_pkt: 0
8     packet: packet correct. accumulated num_err_pkt: 0
9     packet: packet ERROR!!! accumulated num_err_pkt: 1
10     packet: packet correct. accumulated num_err_pkt: 1
11     packet: packet correct. accumulated num_err_pkt: 1
12     packet: packet ERROR!!! accumulated num_err_pkt: 2
13     packet: packet correct. accumulated num_err_pkt: 2
14     packet: packet correct. accumulated num_err_pkt: 2
15     packet: packet correct. accumulated num_err_pkt: 2
16     packet: packet correct. accumulated num_err_pkt: 2
17     packet: packet correct. accumulated num_err_pkt: 2
18     packet: packet correct. accumulated num_err_pkt: 2
19     packet: packet correct. accumulated num_err_pkt: 2
20     packet: packet correct. accumulated num_err_pkt: 2
21     packet: packet correct. accumulated num_err_pkt: 2
22     packet: packet correct. accumulated num_err_pkt: 2
23     packet: packet correct. accumulated num_err_pkt: 2
24     packet: packet ERROR!!! accumulated num_err_pkt: 3
25     packet: packet correct. accumulated num_err_pkt: 3
26     packet: packet ERROR!!! accumulated num_err_pkt: 4
27     packet: packet correct. accumulated num_err_pkt: 4
28     packet: packet correct. accumulated num_err_pkt: 4
29     packet: packet correct. accumulated num_err_pkt: 4
30     packet: packet ERROR!!! accumulated num_err_pkt: 5
31     packet: packet correct. accumulated num_err_pkt: 5
32     packet: packet correct. accumulated num_err_pkt: 5
33     packet: packet correct. accumulated num_err_pkt: 5
34     packet: packet correct. accumulated num_err_pkt: 5
35     packet: packet correct. accumulated num_err_pkt: 5
36     packet: packet correct. accumulated num_err_pkt: 5
37     packet: packet ERROR!!! accumulated num_err_pkt: 6
38     packet: packet correct. accumulated num_err_pkt: 6
39     packet: packet correct. accumulated num_err_pkt: 6
40     packet: packet correct. accumulated num_err_pkt: 6
41     packet: packet correct. accumulated num_err_pkt: 6
42     packet: packet correct. accumulated num_err_pkt: 6
43     packet: packet correct. accumulated num_err_pkt: 6
44     packet: packet correct. accumulated num_err_pkt: 6
45     packet: packet correct. accumulated num_err_pkt: 6
46     packet: packet correct. accumulated num_err_pkt: 6
47     packet: packet correct. accumulated num_err_pkt: 6
48     packet: packet correct. accumulated num_err_pkt: 6
49     packet: packet ERROR!!! accumulated num_err_pkt: 7
50     packet: packet correct. accumulated num_err_pkt: 7
51     packet: packet correct. accumulated num_err_pkt: 7
52     packet: packet correct. accumulated num_err_pkt: 7
53     packet: packet correct. accumulated num_err_pkt: 7
54     packet: packet correct. accumulated num_err_pkt: 7
55     packet: packet correct. accumulated num_err_pkt: 7
56     packet: packet correct. accumulated num_err_pkt: 7
57     packet: packet correct. accumulated num_err_pkt: 7
58     packet: packet correct. accumulated num_err_pkt: 7
59     packet: packet correct. accumulated num_err_pkt: 7
60     packet: packet correct. accumulated num_err_pkt: 7
61     packet: packet correct. accumulated num_err_pkt: 7
62     packet: packet correct. accumulated num_err_pkt: 7
63     packet: packet correct. accumulated num_err_pkt: 7
64     packet: packet correct. accumulated num_err_pkt: 7
65     packet: packet correct. accumulated num_err_pkt: 7
66     packet: packet ERROR!!! accumulated num_err_pkt: 8
67     packet: packet correct. accumulated num_err_pkt: 8
68     packet: packet correct. accumulated num_err_pkt: 8
69     packet: packet correct. accumulated num_err_pkt: 8
70     packet: packet correct. accumulated num_err_pkt: 8
71     packet: packet correct. accumulated num_err_pkt: 8
72     packet: packet correct. accumulated num_err_pkt: 8
73     packet: packet correct. accumulated num_err_pkt: 8
74     packet: packet correct. accumulated num_err_pkt: 8
75     packet: packet ERROR!!! accumulated num_err_pkt: 9
76     packet: packet correct. accumulated num_err_pkt: 9
77     packet: packet correct. accumulated num_err_pkt: 9
78     packet: packet correct. accumulated num_err_pkt: 9
79     packet: packet correct. accumulated num_err_pkt: 9
80     packet: packet ERROR!!! accumulated num_err_pkt: 10
81     packet: packet correct. accumulated num_err_pkt: 10
82     packet: packet ERROR!!! accumulated num_err_pkt: 11
83     packet: packet correct. accumulated num_err_pkt: 11
84     packet: packet correct. accumulated num_err_pkt: 11
85     packet: packet correct. accumulated num_err_pkt: 11
86     packet: packet correct. accumulated num_err_pkt: 11
87     packet: packet correct. accumulated num_err_pkt: 11
88     packet: packet correct. accumulated num_err_pkt: 11
89     packet: packet ERROR!!! accumulated num_err_pkt: 12
90     packet: packet correct. accumulated num_err_pkt: 12
91     packet: packet correct. accumulated num_err_pkt: 12
92     packet: packet correct. accumulated num_err_pkt: 12
93     packet: packet correct. accumulated num_err_pkt: 12
94     packet: packet correct. accumulated num_err_pkt: 12
95     packet: packet correct. accumulated num_err_pkt: 12
96     packet: packet correct. accumulated num_err_pkt: 12
97     packet: packet correct. accumulated num_err_pkt: 12
98     packet: packet correct. accumulated num_err_pkt: 12
99     packet: packet correct. accumulated num_err_pkt: 12
SNR: 35.5
BER: 0.0298354, error_bits: 116, total_bits: 3888
CER: 0.0044, error_codewords: 22, total_codewords: 5000
PER: 0.12, error_packets: 12, total_packets: 100

execution time: 7.823 seconds
snr = 36
code_rate = 5/6, qam_bit = 12, n_cw_to_sim = 2, cw_factor = 25
n_ss = 4, QAM = 4096, path_num = 1
0     packet: packet correct. accumulated num_err_pkt: 0
1     packet: packet correct. accumulated num_err_pkt: 0
2     packet: packet correct. accumulated num_err_pkt: 0
3     packet: packet correct. accumulated num_err_pkt: 0
4     packet: packet correct. accumulated num_err_pkt: 0
5     packet: packet correct. accumulated num_err_pkt: 0
6     packet: packet correct. accumulated num_err_pkt: 0
7     packet: packet correct. accumulated num_err_pkt: 0
8     packet: packet correct. accumulated num_err_pkt: 0
9     packet: packet correct. accumulated num_err_pkt: 0
10     packet: packet correct. accumulated num_err_pkt: 0
11     packet: packet correct. accumulated num_err_pkt: 0
12     packet: packet correct. accumulated num_err_pkt: 0
13     packet: packet correct. accumulated num_err_pkt: 0
14     packet: packet correct. accumulated num_err_pkt: 0
15     packet: packet correct. accumulated num_err_pkt: 0
16     packet: packet correct. accumulated num_err_pkt: 0
17     packet: packet correct. accumulated num_err_pkt: 0
18     packet: packet correct. accumulated num_err_pkt: 0
19     packet: packet correct. accumulated num_err_pkt: 0
20     packet: packet correct. accumulated num_err_pkt: 0
21     packet: packet correct. accumulated num_err_pkt: 0
22     packet: packet correct. accumulated num_err_pkt: 0
23     packet: packet correct. accumulated num_err_pkt: 0
24     packet: packet correct. accumulated num_err_pkt: 0
25     packet: packet correct. accumulated num_err_pkt: 0
26     packet: packet correct. accumulated num_err_pkt: 0
27     packet: packet correct. accumulated num_err_pkt: 0
28     packet: packet correct. accumulated num_err_pkt: 0
29     packet: packet correct. accumulated num_err_pkt: 0
30     packet: packet correct. accumulated num_err_pkt: 0
31     packet: packet correct. accumulated num_err_pkt: 0
32     packet: packet correct. accumulated num_err_pkt: 0
33     packet: packet correct. accumulated num_err_pkt: 0
34     packet: packet correct. accumulated num_err_pkt: 0
35     packet: packet correct. accumulated num_err_pkt: 0
36     packet: packet correct. accumulated num_err_pkt: 0
37     packet: packet correct. accumulated num_err_pkt: 0
38     packet: packet correct. accumulated num_err_pkt: 0
39     packet: packet correct. accumulated num_err_pkt: 0
40     packet: packet correct. accumulated num_err_pkt: 0
41     packet: packet correct. accumulated num_err_pkt: 0
42     packet: packet correct. accumulated num_err_pkt: 0
43     packet: packet correct. accumulated num_err_pkt: 0
44     packet: packet correct. accumulated num_err_pkt: 0
45     packet: packet correct. accumulated num_err_pkt: 0
46     packet: packet correct. accumulated num_err_pkt: 0
47     packet: packet correct. accumulated num_err_pkt: 0
48     packet: packet correct. accumulated num_err_pkt: 0
49     packet: packet correct. accumulated num_err_pkt: 0
50     packet: packet correct. accumulated num_err_pkt: 0
51     packet: packet correct. accumulated num_err_pkt: 0
52     packet: packet correct. accumulated num_err_pkt: 0
53     packet: packet correct. accumulated num_err_pkt: 0
54     packet: packet correct. accumulated num_err_pkt: 0
55     packet: packet correct. accumulated num_err_pkt: 0
56     packet: packet correct. accumulated num_err_pkt: 0
57     packet: packet correct. accumulated num_err_pkt: 0
58     packet: packet correct. accumulated num_err_pkt: 0
59     packet: packet correct. accumulated num_err_pkt: 0
60     packet: packet correct. accumulated num_err_pkt: 0
61     packet: packet correct. accumulated num_err_pkt: 0
62     packet: packet correct. accumulated num_err_pkt: 0
63     packet: packet correct. accumulated num_err_pkt: 0
64     packet: packet correct. accumulated num_err_pkt: 0
65     packet: packet correct. accumulated num_err_pkt: 0
66     packet: packet correct. accumulated num_err_pkt: 0
67     packet: packet correct. accumulated num_err_pkt: 0
68     packet: packet correct. accumulated num_err_pkt: 0
69     packet: packet correct. accumulated num_err_pkt: 0
70     packet: packet correct. accumulated num_err_pkt: 0
71     packet: packet correct. accumulated num_err_pkt: 0
72     packet: packet correct. accumulated num_err_pkt: 0
73     packet: packet correct. accumulated num_err_pkt: 0
74     packet: packet correct. accumulated num_err_pkt: 0
75     packet: packet ERROR!!! accumulated num_err_pkt: 1
76     packet: packet correct. accumulated num_err_pkt: 1
77     packet: packet correct. accumulated num_err_pkt: 1
78     packet: packet correct. accumulated num_err_pkt: 1
79     packet: packet correct. accumulated num_err_pkt: 1
80     packet: packet correct. accumulated num_err_pkt: 1
81     packet: packet correct. accumulated num_err_pkt: 1
82     packet: packet correct. accumulated num_err_pkt: 1
83     packet: packet correct. accumulated num_err_pkt: 1
84     packet: packet correct. accumulated num_err_pkt: 1
85     packet: packet correct. accumulated num_err_pkt: 1
86     packet: packet correct. accumulated num_err_pkt: 1
87     packet: packet correct. accumulated num_err_pkt: 1
88     packet: packet correct. accumulated num_err_pkt: 1
89     packet: packet correct. accumulated num_err_pkt: 1
90     packet: packet correct. accumulated num_err_pkt: 1
91     packet: packet correct. accumulated num_err_pkt: 1
92     packet: packet correct. accumulated num_err_pkt: 1
93     packet: packet correct. accumulated num_err_pkt: 1
94     packet: packet correct. accumulated num_err_pkt: 1
95     packet: packet correct. accumulated num_err_pkt: 1
96     packet: packet correct. accumulated num_err_pkt: 1
97     packet: packet correct. accumulated num_err_pkt: 1
98     packet: packet correct. accumulated num_err_pkt: 1
99     packet: packet correct. accumulated num_err_pkt: 1
SNR: 36
BER: 0.00205761, error_bits: 8, total_bits: 3888
CER: 0.0002, error_codewords: 1, total_codewords: 5000
PER: 0.01, error_packets: 1, total_packets: 100

execution time: 7.708 seconds
Unknown argument: 13
Unknown argument: 34
Unknown argument: 36
test end
