snr = 29
code_rate = 5/6, qam_bit = 10, n_cw_to_sim = 5, cw_factor = 10
n_ss = 4, QAM = 1024, path_num = 1
0     packet: packet ERROR!!! accumulated num_err_pkt: 1
1     packet: packet ERROR!!! accumulated num_err_pkt: 2
2     packet: packet ERROR!!! accumulated num_err_pkt: 3
3     packet: packet ERROR!!! accumulated num_err_pkt: 4
4     packet: packet ERROR!!! accumulated num_err_pkt: 5
5     packet: packet ERROR!!! accumulated num_err_pkt: 6
6     packet: packet ERROR!!! accumulated num_err_pkt: 7
7     packet: packet ERROR!!! accumulated num_err_pkt: 8
8     packet: packet ERROR!!! accumulated num_err_pkt: 9
9     packet: packet ERROR!!! accumulated num_err_pkt: 10
10     packet: packet ERROR!!! accumulated num_err_pkt: 11
11     packet: packet ERROR!!! accumulated num_err_pkt: 12
12     packet: packet ERROR!!! accumulated num_err_pkt: 13
13     packet: packet ERROR!!! accumulated num_err_pkt: 14
14     packet: packet ERROR!!! accumulated num_err_pkt: 15
15     packet: packet ERROR!!! accumulated num_err_pkt: 16
16     packet: packet ERROR!!! accumulated num_err_pkt: 17
17     packet: packet ERROR!!! accumulated num_err_pkt: 18
18     packet: packet ERROR!!! accumulated num_err_pkt: 19
19     packet: packet ERROR!!! accumulated num_err_pkt: 20
20     packet: packet ERROR!!! accumulated num_err_pkt: 21
21     packet: packet ERROR!!! accumulated num_err_pkt: 22
22     packet: packet ERROR!!! accumulated num_err_pkt: 23
23     packet: packet ERROR!!! accumulated num_err_pkt: 24
24     packet: packet ERROR!!! accumulated num_err_pkt: 25
25     packet: packet ERROR!!! accumulated num_err_pkt: 26
26     packet: packet ERROR!!! accumulated num_err_pkt: 27
27     packet: packet ERROR!!! accumulated num_err_pkt: 28
28     packet: packet ERROR!!! accumulated num_err_pkt: 29
29     packet: packet ERROR!!! accumulated num_err_pkt: 30
30     packet: packet ERROR!!! accumulated num_err_pkt: 31
31     packet: packet ERROR!!! accumulated num_err_pkt: 32
32     packet: packet ERROR!!! accumulated num_err_pkt: 33
33     packet: packet ERROR!!! accumulated num_err_pkt: 34
34     packet: packet ERROR!!! accumulated num_err_pkt: 35
35     packet: packet ERROR!!! accumulated num_err_pkt: 36
36     packet: packet ERROR!!! accumulated num_err_pkt: 37
37     packet: packet ERROR!!! accumulated num_err_pkt: 38
38     packet: packet ERROR!!! accumulated num_err_pkt: 39
39     packet: packet ERROR!!! accumulated num_err_pkt: 40
40     packet: packet ERROR!!! accumulated num_err_pkt: 41
41     packet: packet ERROR!!! accumulated num_err_pkt: 42
42     packet: packet ERROR!!! accumulated num_err_pkt: 43
43     packet: packet ERROR!!! accumulated num_err_pkt: 44
44     packet: packet ERROR!!! accumulated num_err_pkt: 45
45     packet: packet ERROR!!! accumulated num_err_pkt: 46
46     packet: packet ERROR!!! accumulated num_err_pkt: 47
47     packet: packet ERROR!!! accumulated num_err_pkt: 48
48     packet: packet ERROR!!! accumulated num_err_pkt: 49
49     packet: packet ERROR!!! accumulated num_err_pkt: 50
50     packet: packet ERROR!!! accumulated num_err_pkt: 51
51     packet: packet ERROR!!! accumulated num_err_pkt: 52
52     packet: packet ERROR!!! accumulated num_err_pkt: 53
53     packet: packet ERROR!!! accumulated num_err_pkt: 54
54     packet: packet ERROR!!! accumulated num_err_pkt: 55
55     packet: packet ERROR!!! accumulated num_err_pkt: 56
56     packet: packet ERROR!!! accumulated num_err_pkt: 57
57     packet: packet ERROR!!! accumulated num_err_pkt: 58
58     packet: packet ERROR!!! accumulated num_err_pkt: 59
59     packet: packet ERROR!!! accumulated num_err_pkt: 60
60     packet: packet ERROR!!! accumulated num_err_pkt: 61
61     packet: packet ERROR!!! accumulated num_err_pkt: 62
62     packet: packet ERROR!!! accumulated num_err_pkt: 63
63     packet: packet ERROR!!! accumulated num_err_pkt: 64
64     packet: packet ERROR!!! accumulated num_err_pkt: 65
65     packet: packet ERROR!!! accumulated num_err_pkt: 66
66     packet: packet ERROR!!! accumulated num_err_pkt: 67
67     packet: packet ERROR!!! accumulated num_err_pkt: 68
68     packet: packet ERROR!!! accumulated num_err_pkt: 69
69     packet: packet ERROR!!! accumulated num_err_pkt: 70
70     packet: packet ERROR!!! accumulated num_err_pkt: 71
71     packet: packet ERROR!!! accumulated num_err_pkt: 72
72     packet: packet ERROR!!! accumulated num_err_pkt: 73
73     packet: packet ERROR!!! accumulated num_err_pkt: 74
74     packet: packet ERROR!!! accumulated num_err_pkt: 75
75     packet: packet ERROR!!! accumulated num_err_pkt: 76
76     packet: packet ERROR!!! accumulated num_err_pkt: 77
77     packet: packet ERROR!!! accumulated num_err_pkt: 78
78     packet: packet ERROR!!! accumulated num_err_pkt: 79
79     packet: packet ERROR!!! accumulated num_err_pkt: 80
80     packet: packet ERROR!!! accumulated num_err_pkt: 81
81     packet: packet ERROR!!! accumulated num_err_pkt: 82
82     packet: packet ERROR!!! accumulated num_err_pkt: 83
83     packet: packet ERROR!!! accumulated num_err_pkt: 84
84     packet: packet ERROR!!! accumulated num_err_pkt: 85
85     packet: packet ERROR!!! accumulated num_err_pkt: 86
86     packet: packet ERROR!!! accumulated num_err_pkt: 87
87     packet: packet ERROR!!! accumulated num_err_pkt: 88
88     packet: packet ERROR!!! accumulated num_err_pkt: 89
89     packet: packet ERROR!!! accumulated num_err_pkt: 90
90     packet: packet ERROR!!! accumulated num_err_pkt: 91
91     packet: packet ERROR!!! accumulated num_err_pkt: 92
92     packet: packet ERROR!!! accumulated num_err_pkt: 93
93     packet: packet ERROR!!! accumulated num_err_pkt: 94
94     packet: packet ERROR!!! accumulated num_err_pkt: 95
95     packet: packet ERROR!!! accumulated num_err_pkt: 96
96     packet: packet ERROR!!! accumulated num_err_pkt: 97
97     packet: packet ERROR!!! accumulated num_err_pkt: 98
98     packet: packet ERROR!!! accumulated num_err_pkt: 99
99     packet: packet ERROR!!! accumulated num_err_pkt: 100
SNR: 29
BER: 0.88107, error_bits: 8564, total_bits: 9720
CER: 0.3094, error_codewords: 1547, total_codewords: 5000
PER: 1, error_packets: 100, total_packets: 100

execution time: 13.962 seconds
snr = 29.5
code_rate = 5/6, qam_bit = 10, n_cw_to_sim = 5, cw_factor = 10
n_ss = 4, QAM = 1024, path_num = 1
0     packet: packet correct. accumulated num_err_pkt: 0
1     packet: packet ERROR!!! accumulated num_err_pkt: 1
2     packet: packet ERROR!!! accumulated num_err_pkt: 2
3     packet: packet ERROR!!! accumulated num_err_pkt: 3
4     packet: packet ERROR!!! accumulated num_err_pkt: 4
5     packet: packet correct. accumulated num_err_pkt: 4
6     packet: packet ERROR!!! accumulated num_err_pkt: 5
7     packet: packet ERROR!!! accumulated num_err_pkt: 6
8     packet: packet correct. accumulated num_err_pkt: 6
9     packet: packet ERROR!!! accumulated num_err_pkt: 7
10     packet: packet ERROR!!! accumulated num_err_pkt: 8
11     packet: packet correct. accumulated num_err_pkt: 8
12     packet: packet ERROR!!! accumulated num_err_pkt: 9
13     packet: packet correct. accumulated num_err_pkt: 9
14     packet: packet ERROR!!! accumulated num_err_pkt: 10
15     packet: packet correct. accumulated num_err_pkt: 10
16     packet: packet ERROR!!! accumulated num_err_pkt: 11
17     packet: packet ERROR!!! accumulated num_err_pkt: 12
18     packet: packet ERROR!!! accumulated num_err_pkt: 13
19     packet: packet ERROR!!! accumulated num_err_pkt: 14
20     packet: packet ERROR!!! accumulated num_err_pkt: 15
21     packet: packet ERROR!!! accumulated num_err_pkt: 16
22     packet: packet correct. accumulated num_err_pkt: 16
23     packet: packet ERROR!!! accumulated num_err_pkt: 17
24     packet: packet ERROR!!! accumulated num_err_pkt: 18
25     packet: packet ERROR!!! accumulated num_err_pkt: 19
26     packet: packet correct. accumulated num_err_pkt: 19
27     packet: packet ERROR!!! accumulated num_err_pkt: 20
28     packet: packet ERROR!!! accumulated num_err_pkt: 21
29     packet: packet ERROR!!! accumulated num_err_pkt: 22
30     packet: packet ERROR!!! accumulated num_err_pkt: 23
31     packet: packet correct. accumulated num_err_pkt: 23
32     packet: packet ERROR!!! accumulated num_err_pkt: 24
33     packet: packet ERROR!!! accumulated num_err_pkt: 25
34     packet: packet correct. accumulated num_err_pkt: 25
35     packet: packet ERROR!!! accumulated num_err_pkt: 26
36     packet: packet ERROR!!! accumulated num_err_pkt: 27
37     packet: packet ERROR!!! accumulated num_err_pkt: 28
38     packet: packet correct. accumulated num_err_pkt: 28
39     packet: packet correct. accumulated num_err_pkt: 28
40     packet: packet ERROR!!! accumulated num_err_pkt: 29
41     packet: packet correct. accumulated num_err_pkt: 29
42     packet: packet correct. accumulated num_err_pkt: 29
43     packet: packet correct. accumulated num_err_pkt: 29
44     packet: packet ERROR!!! accumulated num_err_pkt: 30
45     packet: packet correct. accumulated num_err_pkt: 30
46     packet: packet correct. accumulated num_err_pkt: 30
47     packet: packet correct. accumulated num_err_pkt: 30
48     packet: packet ERROR!!! accumulated num_err_pkt: 31
49     packet: packet correct. accumulated num_err_pkt: 31
50     packet: packet correct. accumulated num_err_pkt: 31
51     packet: packet correct. accumulated num_err_pkt: 31
52     packet: packet ERROR!!! accumulated num_err_pkt: 32
53     packet: packet ERROR!!! accumulated num_err_pkt: 33
54     packet: packet ERROR!!! accumulated num_err_pkt: 34
55     packet: packet correct. accumulated num_err_pkt: 34
56     packet: packet ERROR!!! accumulated num_err_pkt: 35
57     packet: packet ERROR!!! accumulated num_err_pkt: 36
58     packet: packet ERROR!!! accumulated num_err_pkt: 37
59     packet: packet correct. accumulated num_err_pkt: 37
60     packet: packet correct. accumulated num_err_pkt: 37
61     packet: packet ERROR!!! accumulated num_err_pkt: 38
62     packet: packet ERROR!!! accumulated num_err_pkt: 39
63     packet: packet correct. accumulated num_err_pkt: 39
64     packet: packet correct. accumulated num_err_pkt: 39
65     packet: packet ERROR!!! accumulated num_err_pkt: 40
66     packet: packet ERROR!!! accumulated num_err_pkt: 41
67     packet: packet correct. accumulated num_err_pkt: 41
68     packet: packet ERROR!!! accumulated num_err_pkt: 42
69     packet: packet correct. accumulated num_err_pkt: 42
70     packet: packet correct. accumulated num_err_pkt: 42
71     packet: packet correct. accumulated num_err_pkt: 42
72     packet: packet correct. accumulated num_err_pkt: 42
73     packet: packet correct. accumulated num_err_pkt: 42
74     packet: packet correct. accumulated num_err_pkt: 42
75     packet: packet correct. accumulated num_err_pkt: 42
76     packet: packet correct. accumulated num_err_pkt: 42
77     packet: packet ERROR!!! accumulated num_err_pkt: 43
78     packet: packet ERROR!!! accumulated num_err_pkt: 44
79     packet: packet correct. accumulated num_err_pkt: 44
80     packet: packet ERROR!!! accumulated num_err_pkt: 45
81     packet: packet correct. accumulated num_err_pkt: 45
82     packet: packet ERROR!!! accumulated num_err_pkt: 46
83     packet: packet ERROR!!! accumulated num_err_pkt: 47
84     packet: packet ERROR!!! accumulated num_err_pkt: 48
85     packet: packet correct. accumulated num_err_pkt: 48
86     packet: packet ERROR!!! accumulated num_err_pkt: 49
87     packet: packet ERROR!!! accumulated num_err_pkt: 50
88     packet: packet ERROR!!! accumulated num_err_pkt: 51
89     packet: packet correct. accumulated num_err_pkt: 51
90     packet: packet ERROR!!! accumulated num_err_pkt: 52
91     packet: packet correct. accumulated num_err_pkt: 52
92     packet: packet ERROR!!! accumulated num_err_pkt: 53
93     packet: packet correct. accumulated num_err_pkt: 53
94     packet: packet ERROR!!! accumulated num_err_pkt: 54
95     packet: packet ERROR!!! accumulated num_err_pkt: 55
96     packet: packet ERROR!!! accumulated num_err_pkt: 56
97     packet: packet correct. accumulated num_err_pkt: 56
98     packet: packet ERROR!!! accumulated num_err_pkt: 57
99     packet: packet correct. accumulated num_err_pkt: 57
SNR: 29.5
BER: 0.0783951, error_bits: 762, total_bits: 9720
CER: 0.0506, error_codewords: 253, total_codewords: 5000
PER: 0.57, error_packets: 57, total_packets: 100

execution time: 11.916 seconds
snr = 30
code_rate = 5/6, qam_bit = 10, n_cw_to_sim = 5, cw_factor = 10
n_ss = 4, QAM = 1024, path_num = 1
0     packet: packet correct. accumulated num_err_pkt: 0
1     packet: packet correct. accumulated num_err_pkt: 0
2     packet: packet correct. accumulated num_err_pkt: 0
3     packet: packet correct. accumulated num_err_pkt: 0
4     packet: packet correct. accumulated num_err_pkt: 0
5     packet: packet correct. accumulated num_err_pkt: 0
6     packet: packet correct. accumulated num_err_pkt: 0
7     packet: packet correct. accumulated num_err_pkt: 0
8     packet: packet correct. accumulated num_err_pkt: 0
9     packet: packet correct. accumulated num_err_pkt: 0
10     packet: packet correct. accumulated num_err_pkt: 0
11     packet: packet correct. accumulated num_err_pkt: 0
12     packet: packet correct. accumulated num_err_pkt: 0
13     packet: packet correct. accumulated num_err_pkt: 0
14     packet: packet correct. accumulated num_err_pkt: 0
15     packet: packet correct. accumulated num_err_pkt: 0
16     packet: packet correct. accumulated num_err_pkt: 0
17     packet: packet correct. accumulated num_err_pkt: 0
18     packet: packet correct. accumulated num_err_pkt: 0
19     packet: packet correct. accumulated num_err_pkt: 0
20     packet: packet ERROR!!! accumulated num_err_pkt: 1
21     packet: packet correct. accumulated num_err_pkt: 1
22     packet: packet correct. accumulated num_err_pkt: 1
23     packet: packet ERROR!!! accumulated num_err_pkt: 2
24     packet: packet correct. accumulated num_err_pkt: 2
25     packet: packet ERROR!!! accumulated num_err_pkt: 3
26     packet: packet correct. accumulated num_err_pkt: 3
27     packet: packet correct. accumulated num_err_pkt: 3
28     packet: packet correct. accumulated num_err_pkt: 3
29     packet: packet correct. accumulated num_err_pkt: 3
30     packet: packet correct. accumulated num_err_pkt: 3
31     packet: packet correct. accumulated num_err_pkt: 3
32     packet: packet correct. accumulated num_err_pkt: 3
33     packet: packet correct. accumulated num_err_pkt: 3
34     packet: packet correct. accumulated num_err_pkt: 3
35     packet: packet correct. accumulated num_err_pkt: 3
36     packet: packet ERROR!!! accumulated num_err_pkt: 4
37     packet: packet correct. accumulated num_err_pkt: 4
38     packet: packet correct. accumulated num_err_pkt: 4
39     packet: packet correct. accumulated num_err_pkt: 4
40     packet: packet correct. accumulated num_err_pkt: 4
41     packet: packet correct. accumulated num_err_pkt: 4
42     packet: packet correct. accumulated num_err_pkt: 4
43     packet: packet correct. accumulated num_err_pkt: 4
44     packet: packet ERROR!!! accumulated num_err_pkt: 5
45     packet: packet correct. accumulated num_err_pkt: 5
46     packet: packet correct. accumulated num_err_pkt: 5
47     packet: packet correct. accumulated num_err_pkt: 5
48     packet: packet correct. accumulated num_err_pkt: 5
49     packet: packet correct. accumulated num_err_pkt: 5
50     packet: packet correct. accumulated num_err_pkt: 5
51     packet: packet correct. accumulated num_err_pkt: 5
52     packet: packet correct. accumulated num_err_pkt: 5
53     packet: packet correct. accumulated num_err_pkt: 5
54     packet: packet correct. accumulated num_err_pkt: 5
55     packet: packet correct. accumulated num_err_pkt: 5
56     packet: packet ERROR!!! accumulated num_err_pkt: 6
57     packet: packet correct. accumulated num_err_pkt: 6
58     packet: packet ERROR!!! accumulated num_err_pkt: 7
59     packet: packet correct. accumulated num_err_pkt: 7
60     packet: packet correct. accumulated num_err_pkt: 7
61     packet: packet ERROR!!! accumulated num_err_pkt: 8
62     packet: packet correct. accumulated num_err_pkt: 8
63     packet: packet correct. accumulated num_err_pkt: 8
64     packet: packet correct. accumulated num_err_pkt: 8
65     packet: packet correct. accumulated num_err_pkt: 8
66     packet: packet correct. accumulated num_err_pkt: 8
67     packet: packet correct. accumulated num_err_pkt: 8
68     packet: packet correct. accumulated num_err_pkt: 8
69     packet: packet correct. accumulated num_err_pkt: 8
70     packet: packet correct. accumulated num_err_pkt: 8
71     packet: packet correct. accumulated num_err_pkt: 8
72     packet: packet correct. accumulated num_err_pkt: 8
73     packet: packet correct. accumulated num_err_pkt: 8
74     packet: packet correct. accumulated num_err_pkt: 8
75     packet: packet correct. accumulated num_err_pkt: 8
76     packet: packet correct. accumulated num_err_pkt: 8
77     packet: packet ERROR!!! accumulated num_err_pkt: 9
78     packet: packet ERROR!!! accumulated num_err_pkt: 10
79     packet: packet correct. accumulated num_err_pkt: 10
80     packet: packet correct. accumulated num_err_pkt: 10
81     packet: packet correct. accumulated num_err_pkt: 10
82     packet: packet correct. accumulated num_err_pkt: 10
83     packet: packet correct. accumulated num_err_pkt: 10
84     packet: packet correct. accumulated num_err_pkt: 10
85     packet: packet correct. accumulated num_err_pkt: 10
86     packet: packet correct. accumulated num_err_pkt: 10
87     packet: packet correct. accumulated num_err_pkt: 10
88     packet: packet correct. accumulated num_err_pkt: 10
89     packet: packet correct. accumulated num_err_pkt: 10
90     packet: packet correct. accumulated num_err_pkt: 10
91     packet: packet correct. accumulated num_err_pkt: 10
92     packet: packet correct. accumulated num_err_pkt: 10
93     packet: packet correct. accumulated num_err_pkt: 10
94     packet: packet correct. accumulated num_err_pkt: 10
95     packet: packet correct. accumulated num_err_pkt: 10
96     packet: packet correct. accumulated num_err_pkt: 10
97     packet: packet correct. accumulated num_err_pkt: 10
98     packet: packet correct. accumulated num_err_pkt: 10
99     packet: packet correct. accumulated num_err_pkt: 10
SNR: 30
BER: 0.00606996, error_bits: 59, total_bits: 9720
CER: 0.0068, error_codewords: 34, total_codewords: 5000
PER: 0.1, error_packets: 10, total_packets: 100

execution time: 11.356 seconds
snr = 30.5
code_rate = 5/6, qam_bit = 10, n_cw_to_sim = 5, cw_factor = 10
n_ss = 4, QAM = 1024, path_num = 1
0     packet: packet correct. accumulated num_err_pkt: 0
1     packet: packet correct. accumulated num_err_pkt: 0
2     packet: packet correct. accumulated num_err_pkt: 0
3     packet: packet correct. accumulated num_err_pkt: 0
4     packet: packet correct. accumulated num_err_pkt: 0
5     packet: packet correct. accumulated num_err_pkt: 0
6     packet: packet correct. accumulated num_err_pkt: 0
7     packet: packet correct. accumulated num_err_pkt: 0
8     packet: packet correct. accumulated num_err_pkt: 0
9     packet: packet correct. accumulated num_err_pkt: 0
10     packet: packet correct. accumulated num_err_pkt: 0
11     packet: packet correct. accumulated num_err_pkt: 0
12     packet: packet correct. accumulated num_err_pkt: 0
13     packet: packet correct. accumulated num_err_pkt: 0
14     packet: packet correct. accumulated num_err_pkt: 0
15     packet: packet correct. accumulated num_err_pkt: 0
16     packet: packet correct. accumulated num_err_pkt: 0
17     packet: packet correct. accumulated num_err_pkt: 0
18     packet: packet correct. accumulated num_err_pkt: 0
19     packet: packet correct. accumulated num_err_pkt: 0
20     packet: packet correct. accumulated num_err_pkt: 0
21     packet: packet correct. accumulated num_err_pkt: 0
22     packet: packet correct. accumulated num_err_pkt: 0
23     packet: packet correct. accumulated num_err_pkt: 0
24     packet: packet correct. accumulated num_err_pkt: 0
25     packet: packet ERROR!!! accumulated num_err_pkt: 1
26     packet: packet correct. accumulated num_err_pkt: 1
27     packet: packet correct. accumulated num_err_pkt: 1
28     packet: packet correct. accumulated num_err_pkt: 1
29     packet: packet correct. accumulated num_err_pkt: 1
30     packet: packet correct. accumulated num_err_pkt: 1
31     packet: packet correct. accumulated num_err_pkt: 1
32     packet: packet correct. accumulated num_err_pkt: 1
33     packet: packet correct. accumulated num_err_pkt: 1
34     packet: packet correct. accumulated num_err_pkt: 1
35     packet: packet correct. accumulated num_err_pkt: 1
36     packet: packet ERROR!!! accumulated num_err_pkt: 2
37     packet: packet correct. accumulated num_err_pkt: 2
38     packet: packet correct. accumulated num_err_pkt: 2
39     packet: packet correct. accumulated num_err_pkt: 2
40     packet: packet correct. accumulated num_err_pkt: 2
41     packet: packet correct. accumulated num_err_pkt: 2
42     packet: packet correct. accumulated num_err_pkt: 2
43     packet: packet correct. accumulated num_err_pkt: 2
44     packet: packet correct. accumulated num_err_pkt: 2
45     packet: packet correct. accumulated num_err_pkt: 2
46     packet: packet correct. accumulated num_err_pkt: 2
47     packet: packet correct. accumulated num_err_pkt: 2
48     packet: packet correct. accumulated num_err_pkt: 2
49     packet: packet correct. accumulated num_err_pkt: 2
50     packet: packet correct. accumulated num_err_pkt: 2
51     packet: packet correct. accumulated num_err_pkt: 2
52     packet: packet correct. accumulated num_err_pkt: 2
53     packet: packet correct. accumulated num_err_pkt: 2
54     packet: packet correct. accumulated num_err_pkt: 2
55     packet: packet correct. accumulated num_err_pkt: 2
56     packet: packet correct. accumulated num_err_pkt: 2
57     packet: packet correct. accumulated num_err_pkt: 2
58     packet: packet correct. accumulated num_err_pkt: 2
59     packet: packet correct. accumulated num_err_pkt: 2
60     packet: packet correct. accumulated num_err_pkt: 2
61     packet: packet ERROR!!! accumulated num_err_pkt: 3
62     packet: packet correct. accumulated num_err_pkt: 3
63     packet: packet correct. accumulated num_err_pkt: 3
64     packet: packet correct. accumulated num_err_pkt: 3
65     packet: packet correct. accumulated num_err_pkt: 3
66     packet: packet correct. accumulated num_err_pkt: 3
67     packet: packet correct. accumulated num_err_pkt: 3
68     packet: packet correct. accumulated num_err_pkt: 3
69     packet: packet correct. accumulated num_err_pkt: 3
70     packet: packet correct. accumulated num_err_pkt: 3
71     packet: packet correct. accumulated num_err_pkt: 3
72     packet: packet correct. accumulated num_err_pkt: 3
73     packet: packet correct. accumulated num_err_pkt: 3
74     packet: packet correct. accumulated num_err_pkt: 3
75     packet: packet correct. accumulated num_err_pkt: 3
76     packet: packet correct. accumulated num_err_pkt: 3
77     packet: packet ERROR!!! accumulated num_err_pkt: 4
78     packet: packet correct. accumulated num_err_pkt: 4
79     packet: packet correct. accumulated num_err_pkt: 4
80     packet: packet correct. accumulated num_err_pkt: 4
81     packet: packet correct. accumulated num_err_pkt: 4
82     packet: packet correct. accumulated num_err_pkt: 4
83     packet: packet correct. accumulated num_err_pkt: 4
84     packet: packet correct. accumulated num_err_pkt: 4
85     packet: packet correct. accumulated num_err_pkt: 4
86     packet: packet correct. accumulated num_err_pkt: 4
87     packet: packet correct. accumulated num_err_pkt: 4
88     packet: packet correct. accumulated num_err_pkt: 4
89     packet: packet correct. accumulated num_err_pkt: 4
90     packet: packet correct. accumulated num_err_pkt: 4
91     packet: packet correct. accumulated num_err_pkt: 4
92     packet: packet correct. accumulated num_err_pkt: 4
93     packet: packet correct. accumulated num_err_pkt: 4
94     packet: packet correct. accumulated num_err_pkt: 4
95     packet: packet correct. accumulated num_err_pkt: 4
96     packet: packet correct. accumulated num_err_pkt: 4
97     packet: packet correct. accumulated num_err_pkt: 4
98     packet: packet correct. accumulated num_err_pkt: 4
99     packet: packet correct. accumulated num_err_pkt: 4
SNR: 30.5
BER: 0.00185185, error_bits: 18, total_bits: 9720
CER: 0.003, error_codewords: 15, total_codewords: 5000
PER: 0.04, error_packets: 4, total_packets: 100

execution time: 11.34 seconds
snr = 31
code_rate = 5/6, qam_bit = 10, n_cw_to_sim = 5, cw_factor = 10
n_ss = 4, QAM = 1024, path_num = 1
0     packet: packet correct. accumulated num_err_pkt: 0
1     packet: packet correct. accumulated num_err_pkt: 0
2     packet: packet correct. accumulated num_err_pkt: 0
3     packet: packet correct. accumulated num_err_pkt: 0
4     packet: packet correct. accumulated num_err_pkt: 0
5     packet: packet correct. accumulated num_err_pkt: 0
6     packet: packet correct. accumulated num_err_pkt: 0
7     packet: packet correct. accumulated num_err_pkt: 0
8     packet: packet correct. accumulated num_err_pkt: 0
9     packet: packet correct. accumulated num_err_pkt: 0
10     packet: packet correct. accumulated num_err_pkt: 0
11     packet: packet correct. accumulated num_err_pkt: 0
12     packet: packet correct. accumulated num_err_pkt: 0
13     packet: packet correct. accumulated num_err_pkt: 0
14     packet: packet correct. accumulated num_err_pkt: 0
15     packet: packet correct. accumulated num_err_pkt: 0
16     packet: packet correct. accumulated num_err_pkt: 0
17     packet: packet correct. accumulated num_err_pkt: 0
18     packet: packet correct. accumulated num_err_pkt: 0
19     packet: packet correct. accumulated num_err_pkt: 0
20     packet: packet correct. accumulated num_err_pkt: 0
21     packet: packet correct. accumulated num_err_pkt: 0
22     packet: packet correct. accumulated num_err_pkt: 0
23     packet: packet correct. accumulated num_err_pkt: 0
24     packet: packet correct. accumulated num_err_pkt: 0
25     packet: packet correct. accumulated num_err_pkt: 0
26     packet: packet correct. accumulated num_err_pkt: 0
27     packet: packet correct. accumulated num_err_pkt: 0
28     packet: packet correct. accumulated num_err_pkt: 0
29     packet: packet correct. accumulated num_err_pkt: 0
30     packet: packet correct. accumulated num_err_pkt: 0
31     packet: packet correct. accumulated num_err_pkt: 0
32     packet: packet correct. accumulated num_err_pkt: 0
33     packet: packet correct. accumulated num_err_pkt: 0
34     packet: packet correct. accumulated num_err_pkt: 0
35     packet: packet correct. accumulated num_err_pkt: 0
36     packet: packet correct. accumulated num_err_pkt: 0
37     packet: packet correct. accumulated num_err_pkt: 0
38     packet: packet correct. accumulated num_err_pkt: 0
39     packet: packet correct. accumulated num_err_pkt: 0
40     packet: packet correct. accumulated num_err_pkt: 0
41     packet: packet correct. accumulated num_err_pkt: 0
42     packet: packet correct. accumulated num_err_pkt: 0
43     packet: packet correct. accumulated num_err_pkt: 0
44     packet: packet correct. accumulated num_err_pkt: 0
45     packet: packet correct. accumulated num_err_pkt: 0
46     packet: packet correct. accumulated num_err_pkt: 0
47     packet: packet correct. accumulated num_err_pkt: 0
48     packet: packet correct. accumulated num_err_pkt: 0
49     packet: packet correct. accumulated num_err_pkt: 0
50     packet: packet correct. accumulated num_err_pkt: 0
51     packet: packet correct. accumulated num_err_pkt: 0
52     packet: packet correct. accumulated num_err_pkt: 0
53     packet: packet correct. accumulated num_err_pkt: 0
54     packet: packet correct. accumulated num_err_pkt: 0
55     packet: packet correct. accumulated num_err_pkt: 0
56     packet: packet correct. accumulated num_err_pkt: 0
57     packet: packet correct. accumulated num_err_pkt: 0
58     packet: packet correct. accumulated num_err_pkt: 0
59     packet: packet correct. accumulated num_err_pkt: 0
60     packet: packet correct. accumulated num_err_pkt: 0
61     packet: packet correct. accumulated num_err_pkt: 0
62     packet: packet correct. accumulated num_err_pkt: 0
63     packet: packet correct. accumulated num_err_pkt: 0
64     packet: packet correct. accumulated num_err_pkt: 0
65     packet: packet correct. accumulated num_err_pkt: 0
66     packet: packet correct. accumulated num_err_pkt: 0
67     packet: packet correct. accumulated num_err_pkt: 0
68     packet: packet correct. accumulated num_err_pkt: 0
69     packet: packet correct. accumulated num_err_pkt: 0
70     packet: packet correct. accumulated num_err_pkt: 0
71     packet: packet correct. accumulated num_err_pkt: 0
72     packet: packet correct. accumulated num_err_pkt: 0
73     packet: packet correct. accumulated num_err_pkt: 0
74     packet: packet correct. accumulated num_err_pkt: 0
75     packet: packet correct. accumulated num_err_pkt: 0
76     packet: packet correct. accumulated num_err_pkt: 0
77     packet: packet correct. accumulated num_err_pkt: 0
78     packet: packet correct. accumulated num_err_pkt: 0
79     packet: packet correct. accumulated num_err_pkt: 0
80     packet: packet correct. accumulated num_err_pkt: 0
81     packet: packet correct. accumulated num_err_pkt: 0
82     packet: packet correct. accumulated num_err_pkt: 0
83     packet: packet correct. accumulated num_err_pkt: 0
84     packet: packet correct. accumulated num_err_pkt: 0
85     packet: packet correct. accumulated num_err_pkt: 0
86     packet: packet correct. accumulated num_err_pkt: 0
87     packet: packet correct. accumulated num_err_pkt: 0
88     packet: packet correct. accumulated num_err_pkt: 0
89     packet: packet correct. accumulated num_err_pkt: 0
90     packet: packet correct. accumulated num_err_pkt: 0
91     packet: packet correct. accumulated num_err_pkt: 0
92     packet: packet correct. accumulated num_err_pkt: 0
93     packet: packet correct. accumulated num_err_pkt: 0
94     packet: packet correct. accumulated num_err_pkt: 0
95     packet: packet correct. accumulated num_err_pkt: 0
96     packet: packet correct. accumulated num_err_pkt: 0
97     packet: packet correct. accumulated num_err_pkt: 0
98     packet: packet correct. accumulated num_err_pkt: 0
99     packet: packet correct. accumulated num_err_pkt: 0
SNR: 31
BER: 0, error_bits: 0, total_bits: 9720
CER: 0, error_codewords: 0, total_codewords: 5000
PER: 0, error_packets: 0, total_packets: 100

execution time: 11.28 seconds
Unknown argument: 11
Unknown argument: 29
Unknown argument: 31
test end
