snr = 23
code_rate = 5/6, qam_bit = 8, n_cw_to_sim = 4, cw_factor = 12
n_ss = 4, QAM = 256, path_num = 1
0     packet: packet ERROR!!! accumulated num_err_pkt: 1
1     packet: packet ERROR!!! accumulated num_err_pkt: 2
2     packet: packet ERROR!!! accumulated num_err_pkt: 3
3     packet: packet ERROR!!! accumulated num_err_pkt: 4
4     packet: packet ERROR!!! accumulated num_err_pkt: 5
5     packet: packet ERROR!!! accumulated num_err_pkt: 6
6     packet: packet ERROR!!! accumulated num_err_pkt: 7
7     packet: packet ERROR!!! accumulated num_err_pkt: 8
8     packet: packet ERROR!!! accumulated num_err_pkt: 9
9     packet: packet ERROR!!! accumulated num_err_pkt: 10
10     packet: packet ERROR!!! accumulated num_err_pkt: 11
11     packet: packet ERROR!!! accumulated num_err_pkt: 12
12     packet: packet ERROR!!! accumulated num_err_pkt: 13
13     packet: packet ERROR!!! accumulated num_err_pkt: 14
14     packet: packet ERROR!!! accumulated num_err_pkt: 15
15     packet: packet ERROR!!! accumulated num_err_pkt: 16
16     packet: packet ERROR!!! accumulated num_err_pkt: 17
17     packet: packet ERROR!!! accumulated num_err_pkt: 18
18     packet: packet ERROR!!! accumulated num_err_pkt: 19
19     packet: packet ERROR!!! accumulated num_err_pkt: 20
20     packet: packet ERROR!!! accumulated num_err_pkt: 21
21     packet: packet ERROR!!! accumulated num_err_pkt: 22
22     packet: packet ERROR!!! accumulated num_err_pkt: 23
23     packet: packet ERROR!!! accumulated num_err_pkt: 24
24     packet: packet ERROR!!! accumulated num_err_pkt: 25
25     packet: packet ERROR!!! accumulated num_err_pkt: 26
26     packet: packet ERROR!!! accumulated num_err_pkt: 27
27     packet: packet ERROR!!! accumulated num_err_pkt: 28
28     packet: packet ERROR!!! accumulated num_err_pkt: 29
29     packet: packet ERROR!!! accumulated num_err_pkt: 30
30     packet: packet ERROR!!! accumulated num_err_pkt: 31
31     packet: packet ERROR!!! accumulated num_err_pkt: 32
32     packet: packet ERROR!!! accumulated num_err_pkt: 33
33     packet: packet ERROR!!! accumulated num_err_pkt: 34
34     packet: packet ERROR!!! accumulated num_err_pkt: 35
35     packet: packet ERROR!!! accumulated num_err_pkt: 36
36     packet: packet ERROR!!! accumulated num_err_pkt: 37
37     packet: packet ERROR!!! accumulated num_err_pkt: 38
38     packet: packet ERROR!!! accumulated num_err_pkt: 39
39     packet: packet ERROR!!! accumulated num_err_pkt: 40
40     packet: packet ERROR!!! accumulated num_err_pkt: 41
41     packet: packet ERROR!!! accumulated num_err_pkt: 42
42     packet: packet ERROR!!! accumulated num_err_pkt: 43
43     packet: packet ERROR!!! accumulated num_err_pkt: 44
44     packet: packet ERROR!!! accumulated num_err_pkt: 45
45     packet: packet ERROR!!! accumulated num_err_pkt: 46
46     packet: packet ERROR!!! accumulated num_err_pkt: 47
47     packet: packet ERROR!!! accumulated num_err_pkt: 48
48     packet: packet ERROR!!! accumulated num_err_pkt: 49
49     packet: packet ERROR!!! accumulated num_err_pkt: 50
50     packet: packet ERROR!!! accumulated num_err_pkt: 51
51     packet: packet ERROR!!! accumulated num_err_pkt: 52
52     packet: packet ERROR!!! accumulated num_err_pkt: 53
53     packet: packet ERROR!!! accumulated num_err_pkt: 54
54     packet: packet ERROR!!! accumulated num_err_pkt: 55
55     packet: packet ERROR!!! accumulated num_err_pkt: 56
56     packet: packet ERROR!!! accumulated num_err_pkt: 57
57     packet: packet ERROR!!! accumulated num_err_pkt: 58
58     packet: packet ERROR!!! accumulated num_err_pkt: 59
59     packet: packet ERROR!!! accumulated num_err_pkt: 60
60     packet: packet ERROR!!! accumulated num_err_pkt: 61
61     packet: packet ERROR!!! accumulated num_err_pkt: 62
62     packet: packet ERROR!!! accumulated num_err_pkt: 63
63     packet: packet ERROR!!! accumulated num_err_pkt: 64
64     packet: packet ERROR!!! accumulated num_err_pkt: 65
65     packet: packet ERROR!!! accumulated num_err_pkt: 66
66     packet: packet ERROR!!! accumulated num_err_pkt: 67
67     packet: packet ERROR!!! accumulated num_err_pkt: 68
68     packet: packet ERROR!!! accumulated num_err_pkt: 69
69     packet: packet ERROR!!! accumulated num_err_pkt: 70
70     packet: packet ERROR!!! accumulated num_err_pkt: 71
71     packet: packet ERROR!!! accumulated num_err_pkt: 72
72     packet: packet ERROR!!! accumulated num_err_pkt: 73
73     packet: packet ERROR!!! accumulated num_err_pkt: 74
74     packet: packet ERROR!!! accumulated num_err_pkt: 75
75     packet: packet ERROR!!! accumulated num_err_pkt: 76
76     packet: packet ERROR!!! accumulated num_err_pkt: 77
77     packet: packet ERROR!!! accumulated num_err_pkt: 78
78     packet: packet ERROR!!! accumulated num_err_pkt: 79
79     packet: packet ERROR!!! accumulated num_err_pkt: 80
80     packet: packet ERROR!!! accumulated num_err_pkt: 81
81     packet: packet ERROR!!! accumulated num_err_pkt: 82
82     packet: packet ERROR!!! accumulated num_err_pkt: 83
83     packet: packet ERROR!!! accumulated num_err_pkt: 84
84     packet: packet ERROR!!! accumulated num_err_pkt: 85
85     packet: packet ERROR!!! accumulated num_err_pkt: 86
86     packet: packet ERROR!!! accumulated num_err_pkt: 87
87     packet: packet ERROR!!! accumulated num_err_pkt: 88
88     packet: packet ERROR!!! accumulated num_err_pkt: 89
89     packet: packet ERROR!!! accumulated num_err_pkt: 90
90     packet: packet ERROR!!! accumulated num_err_pkt: 91
91     packet: packet ERROR!!! accumulated num_err_pkt: 92
92     packet: packet ERROR!!! accumulated num_err_pkt: 93
93     packet: packet ERROR!!! accumulated num_err_pkt: 94
94     packet: packet ERROR!!! accumulated num_err_pkt: 95
95     packet: packet ERROR!!! accumulated num_err_pkt: 96
96     packet: packet ERROR!!! accumulated num_err_pkt: 97
97     packet: packet ERROR!!! accumulated num_err_pkt: 98
98     packet: packet ERROR!!! accumulated num_err_pkt: 99
99     packet: packet ERROR!!! accumulated num_err_pkt: 100
SNR: 23
BER: 11.1462, error_bits: 86673, total_bits: 7776
CER: 0.899792, error_codewords: 4319, total_codewords: 4800
PER: 1, error_packets: 100, total_packets: 100

execution time: 21.016 seconds
snr = 23.5
code_rate = 5/6, qam_bit = 8, n_cw_to_sim = 4, cw_factor = 12
n_ss = 4, QAM = 256, path_num = 1
0     packet: packet ERROR!!! accumulated num_err_pkt: 1
1     packet: packet ERROR!!! accumulated num_err_pkt: 2
2     packet: packet ERROR!!! accumulated num_err_pkt: 3
3     packet: packet ERROR!!! accumulated num_err_pkt: 4
4     packet: packet ERROR!!! accumulated num_err_pkt: 5
5     packet: packet ERROR!!! accumulated num_err_pkt: 6
6     packet: packet ERROR!!! accumulated num_err_pkt: 7
7     packet: packet ERROR!!! accumulated num_err_pkt: 8
8     packet: packet ERROR!!! accumulated num_err_pkt: 9
9     packet: packet ERROR!!! accumulated num_err_pkt: 10
10     packet: packet ERROR!!! accumulated num_err_pkt: 11
11     packet: packet ERROR!!! accumulated num_err_pkt: 12
12     packet: packet ERROR!!! accumulated num_err_pkt: 13
13     packet: packet ERROR!!! accumulated num_err_pkt: 14
14     packet: packet ERROR!!! accumulated num_err_pkt: 15
15     packet: packet ERROR!!! accumulated num_err_pkt: 16
16     packet: packet ERROR!!! accumulated num_err_pkt: 17
17     packet: packet ERROR!!! accumulated num_err_pkt: 18
18     packet: packet ERROR!!! accumulated num_err_pkt: 19
19     packet: packet ERROR!!! accumulated num_err_pkt: 20
20     packet: packet ERROR!!! accumulated num_err_pkt: 21
21     packet: packet ERROR!!! accumulated num_err_pkt: 22
22     packet: packet ERROR!!! accumulated num_err_pkt: 23
23     packet: packet ERROR!!! accumulated num_err_pkt: 24
24     packet: packet ERROR!!! accumulated num_err_pkt: 25
25     packet: packet ERROR!!! accumulated num_err_pkt: 26
26     packet: packet ERROR!!! accumulated num_err_pkt: 27
27     packet: packet ERROR!!! accumulated num_err_pkt: 28
28     packet: packet ERROR!!! accumulated num_err_pkt: 29
29     packet: packet ERROR!!! accumulated num_err_pkt: 30
30     packet: packet ERROR!!! accumulated num_err_pkt: 31
31     packet: packet ERROR!!! accumulated num_err_pkt: 32
32     packet: packet ERROR!!! accumulated num_err_pkt: 33
33     packet: packet ERROR!!! accumulated num_err_pkt: 34
34     packet: packet ERROR!!! accumulated num_err_pkt: 35
35     packet: packet ERROR!!! accumulated num_err_pkt: 36
36     packet: packet ERROR!!! accumulated num_err_pkt: 37
37     packet: packet ERROR!!! accumulated num_err_pkt: 38
38     packet: packet ERROR!!! accumulated num_err_pkt: 39
39     packet: packet ERROR!!! accumulated num_err_pkt: 40
40     packet: packet ERROR!!! accumulated num_err_pkt: 41
41     packet: packet ERROR!!! accumulated num_err_pkt: 42
42     packet: packet ERROR!!! accumulated num_err_pkt: 43
43     packet: packet ERROR!!! accumulated num_err_pkt: 44
44     packet: packet ERROR!!! accumulated num_err_pkt: 45
45     packet: packet ERROR!!! accumulated num_err_pkt: 46
46     packet: packet ERROR!!! accumulated num_err_pkt: 47
47     packet: packet ERROR!!! accumulated num_err_pkt: 48
48     packet: packet ERROR!!! accumulated num_err_pkt: 49
49     packet: packet ERROR!!! accumulated num_err_pkt: 50
50     packet: packet ERROR!!! accumulated num_err_pkt: 51
51     packet: packet ERROR!!! accumulated num_err_pkt: 52
52     packet: packet ERROR!!! accumulated num_err_pkt: 53
53     packet: packet ERROR!!! accumulated num_err_pkt: 54
54     packet: packet ERROR!!! accumulated num_err_pkt: 55
55     packet: packet ERROR!!! accumulated num_err_pkt: 56
56     packet: packet ERROR!!! accumulated num_err_pkt: 57
57     packet: packet ERROR!!! accumulated num_err_pkt: 58
58     packet: packet ERROR!!! accumulated num_err_pkt: 59
59     packet: packet ERROR!!! accumulated num_err_pkt: 60
60     packet: packet ERROR!!! accumulated num_err_pkt: 61
61     packet: packet ERROR!!! accumulated num_err_pkt: 62
62     packet: packet ERROR!!! accumulated num_err_pkt: 63
63     packet: packet ERROR!!! accumulated num_err_pkt: 64
64     packet: packet ERROR!!! accumulated num_err_pkt: 65
65     packet: packet ERROR!!! accumulated num_err_pkt: 66
66     packet: packet ERROR!!! accumulated num_err_pkt: 67
67     packet: packet ERROR!!! accumulated num_err_pkt: 68
68     packet: packet ERROR!!! accumulated num_err_pkt: 69
69     packet: packet ERROR!!! accumulated num_err_pkt: 70
70     packet: packet ERROR!!! accumulated num_err_pkt: 71
71     packet: packet ERROR!!! accumulated num_err_pkt: 72
72     packet: packet ERROR!!! accumulated num_err_pkt: 73
73     packet: packet ERROR!!! accumulated num_err_pkt: 74
74     packet: packet ERROR!!! accumulated num_err_pkt: 75
75     packet: packet ERROR!!! accumulated num_err_pkt: 76
76     packet: packet ERROR!!! accumulated num_err_pkt: 77
77     packet: packet ERROR!!! accumulated num_err_pkt: 78
78     packet: packet ERROR!!! accumulated num_err_pkt: 79
79     packet: packet ERROR!!! accumulated num_err_pkt: 80
80     packet: packet ERROR!!! accumulated num_err_pkt: 81
81     packet: packet ERROR!!! accumulated num_err_pkt: 82
82     packet: packet ERROR!!! accumulated num_err_pkt: 83
83     packet: packet ERROR!!! accumulated num_err_pkt: 84
84     packet: packet ERROR!!! accumulated num_err_pkt: 85
85     packet: packet ERROR!!! accumulated num_err_pkt: 86
86     packet: packet ERROR!!! accumulated num_err_pkt: 87
87     packet: packet ERROR!!! accumulated num_err_pkt: 88
88     packet: packet ERROR!!! accumulated num_err_pkt: 89
89     packet: packet ERROR!!! accumulated num_err_pkt: 90
90     packet: packet ERROR!!! accumulated num_err_pkt: 91
91     packet: packet ERROR!!! accumulated num_err_pkt: 92
92     packet: packet ERROR!!! accumulated num_err_pkt: 93
93     packet: packet ERROR!!! accumulated num_err_pkt: 94
94     packet: packet ERROR!!! accumulated num_err_pkt: 95
95     packet: packet ERROR!!! accumulated num_err_pkt: 96
96     packet: packet ERROR!!! accumulated num_err_pkt: 97
97     packet: packet ERROR!!! accumulated num_err_pkt: 98
98     packet: packet ERROR!!! accumulated num_err_pkt: 99
99     packet: packet ERROR!!! accumulated num_err_pkt: 100
SNR: 23.5
BER: 2.64352, error_bits: 20556, total_bits: 7776
CER: 0.507708, error_codewords: 2437, total_codewords: 4800
PER: 1, error_packets: 100, total_packets: 100

execution time: 16.75 seconds
snr = 24
code_rate = 5/6, qam_bit = 8, n_cw_to_sim = 4, cw_factor = 12
n_ss = 4, QAM = 256, path_num = 1
0     packet: packet ERROR!!! accumulated num_err_pkt: 1
1     packet: packet ERROR!!! accumulated num_err_pkt: 2
2     packet: packet ERROR!!! accumulated num_err_pkt: 3
3     packet: packet ERROR!!! accumulated num_err_pkt: 4
4     packet: packet ERROR!!! accumulated num_err_pkt: 5
5     packet: packet ERROR!!! accumulated num_err_pkt: 6
6     packet: packet ERROR!!! accumulated num_err_pkt: 7
7     packet: packet ERROR!!! accumulated num_err_pkt: 8
8     packet: packet ERROR!!! accumulated num_err_pkt: 9
9     packet: packet ERROR!!! accumulated num_err_pkt: 10
10     packet: packet ERROR!!! accumulated num_err_pkt: 11
11     packet: packet ERROR!!! accumulated num_err_pkt: 12
12     packet: packet ERROR!!! accumulated num_err_pkt: 13
13     packet: packet ERROR!!! accumulated num_err_pkt: 14
14     packet: packet ERROR!!! accumulated num_err_pkt: 15
15     packet: packet ERROR!!! accumulated num_err_pkt: 16
16     packet: packet ERROR!!! accumulated num_err_pkt: 17
17     packet: packet ERROR!!! accumulated num_err_pkt: 18
18     packet: packet ERROR!!! accumulated num_err_pkt: 19
19     packet: packet ERROR!!! accumulated num_err_pkt: 20
20     packet: packet ERROR!!! accumulated num_err_pkt: 21
21     packet: packet ERROR!!! accumulated num_err_pkt: 22
22     packet: packet correct. accumulated num_err_pkt: 22
23     packet: packet ERROR!!! accumulated num_err_pkt: 23
24     packet: packet ERROR!!! accumulated num_err_pkt: 24
25     packet: packet ERROR!!! accumulated num_err_pkt: 25
26     packet: packet ERROR!!! accumulated num_err_pkt: 26
27     packet: packet ERROR!!! accumulated num_err_pkt: 27
28     packet: packet ERROR!!! accumulated num_err_pkt: 28
29     packet: packet ERROR!!! accumulated num_err_pkt: 29
30     packet: packet ERROR!!! accumulated num_err_pkt: 30
31     packet: packet ERROR!!! accumulated num_err_pkt: 31
32     packet: packet ERROR!!! accumulated num_err_pkt: 32
33     packet: packet ERROR!!! accumulated num_err_pkt: 33
34     packet: packet ERROR!!! accumulated num_err_pkt: 34
35     packet: packet ERROR!!! accumulated num_err_pkt: 35
36     packet: packet correct. accumulated num_err_pkt: 35
37     packet: packet ERROR!!! accumulated num_err_pkt: 36
38     packet: packet ERROR!!! accumulated num_err_pkt: 37
39     packet: packet ERROR!!! accumulated num_err_pkt: 38
40     packet: packet ERROR!!! accumulated num_err_pkt: 39
41     packet: packet ERROR!!! accumulated num_err_pkt: 40
42     packet: packet ERROR!!! accumulated num_err_pkt: 41
43     packet: packet ERROR!!! accumulated num_err_pkt: 42
44     packet: packet ERROR!!! accumulated num_err_pkt: 43
45     packet: packet ERROR!!! accumulated num_err_pkt: 44
46     packet: packet ERROR!!! accumulated num_err_pkt: 45
47     packet: packet ERROR!!! accumulated num_err_pkt: 46
48     packet: packet ERROR!!! accumulated num_err_pkt: 47
49     packet: packet ERROR!!! accumulated num_err_pkt: 48
50     packet: packet correct. accumulated num_err_pkt: 48
51     packet: packet ERROR!!! accumulated num_err_pkt: 49
52     packet: packet ERROR!!! accumulated num_err_pkt: 50
53     packet: packet ERROR!!! accumulated num_err_pkt: 51
54     packet: packet ERROR!!! accumulated num_err_pkt: 52
55     packet: packet ERROR!!! accumulated num_err_pkt: 53
56     packet: packet ERROR!!! accumulated num_err_pkt: 54
57     packet: packet correct. accumulated num_err_pkt: 54
58     packet: packet correct. accumulated num_err_pkt: 54
59     packet: packet ERROR!!! accumulated num_err_pkt: 55
60     packet: packet ERROR!!! accumulated num_err_pkt: 56
61     packet: packet ERROR!!! accumulated num_err_pkt: 57
62     packet: packet ERROR!!! accumulated num_err_pkt: 58
63     packet: packet ERROR!!! accumulated num_err_pkt: 59
64     packet: packet ERROR!!! accumulated num_err_pkt: 60
65     packet: packet ERROR!!! accumulated num_err_pkt: 61
66     packet: packet ERROR!!! accumulated num_err_pkt: 62
67     packet: packet ERROR!!! accumulated num_err_pkt: 63
68     packet: packet ERROR!!! accumulated num_err_pkt: 64
69     packet: packet ERROR!!! accumulated num_err_pkt: 65
70     packet: packet ERROR!!! accumulated num_err_pkt: 66
71     packet: packet ERROR!!! accumulated num_err_pkt: 67
72     packet: packet ERROR!!! accumulated num_err_pkt: 68
73     packet: packet correct. accumulated num_err_pkt: 68
74     packet: packet ERROR!!! accumulated num_err_pkt: 69
75     packet: packet ERROR!!! accumulated num_err_pkt: 70
76     packet: packet ERROR!!! accumulated num_err_pkt: 71
77     packet: packet ERROR!!! accumulated num_err_pkt: 72
78     packet: packet correct. accumulated num_err_pkt: 72
79     packet: packet ERROR!!! accumulated num_err_pkt: 73
80     packet: packet ERROR!!! accumulated num_err_pkt: 74
81     packet: packet ERROR!!! accumulated num_err_pkt: 75
82     packet: packet ERROR!!! accumulated num_err_pkt: 76
83     packet: packet ERROR!!! accumulated num_err_pkt: 77
84     packet: packet ERROR!!! accumulated num_err_pkt: 78
85     packet: packet ERROR!!! accumulated num_err_pkt: 79
86     packet: packet ERROR!!! accumulated num_err_pkt: 80
87     packet: packet ERROR!!! accumulated num_err_pkt: 81
88     packet: packet ERROR!!! accumulated num_err_pkt: 82
89     packet: packet ERROR!!! accumulated num_err_pkt: 83
90     packet: packet ERROR!!! accumulated num_err_pkt: 84
91     packet: packet ERROR!!! accumulated num_err_pkt: 85
92     packet: packet ERROR!!! accumulated num_err_pkt: 86
93     packet: packet ERROR!!! accumulated num_err_pkt: 87
94     packet: packet ERROR!!! accumulated num_err_pkt: 88
95     packet: packet ERROR!!! accumulated num_err_pkt: 89
96     packet: packet ERROR!!! accumulated num_err_pkt: 90
97     packet: packet ERROR!!! accumulated num_err_pkt: 91
98     packet: packet ERROR!!! accumulated num_err_pkt: 92
99     packet: packet ERROR!!! accumulated num_err_pkt: 93
SNR: 24
BER: 0.330247, error_bits: 2568, total_bits: 7776
CER: 0.1175, error_codewords: 564, total_codewords: 4800
PER: 0.93, error_packets: 93, total_packets: 100

execution time: 13.933 seconds
snr = 24.5
code_rate = 5/6, qam_bit = 8, n_cw_to_sim = 4, cw_factor = 12
n_ss = 4, QAM = 256, path_num = 1
0     packet: packet correct. accumulated num_err_pkt: 0
1     packet: packet ERROR!!! accumulated num_err_pkt: 1
2     packet: packet correct. accumulated num_err_pkt: 1
3     packet: packet correct. accumulated num_err_pkt: 1
4     packet: packet correct. accumulated num_err_pkt: 1
5     packet: packet correct. accumulated num_err_pkt: 1
6     packet: packet correct. accumulated num_err_pkt: 1
7     packet: packet correct. accumulated num_err_pkt: 1
8     packet: packet correct. accumulated num_err_pkt: 1
9     packet: packet correct. accumulated num_err_pkt: 1
10     packet: packet correct. accumulated num_err_pkt: 1
11     packet: packet correct. accumulated num_err_pkt: 1
12     packet: packet correct. accumulated num_err_pkt: 1
13     packet: packet correct. accumulated num_err_pkt: 1
14     packet: packet correct. accumulated num_err_pkt: 1
15     packet: packet correct. accumulated num_err_pkt: 1
16     packet: packet correct. accumulated num_err_pkt: 1
17     packet: packet correct. accumulated num_err_pkt: 1
18     packet: packet correct. accumulated num_err_pkt: 1
19     packet: packet ERROR!!! accumulated num_err_pkt: 2
20     packet: packet correct. accumulated num_err_pkt: 2
21     packet: packet ERROR!!! accumulated num_err_pkt: 3
22     packet: packet correct. accumulated num_err_pkt: 3
23     packet: packet correct. accumulated num_err_pkt: 3
24     packet: packet correct. accumulated num_err_pkt: 3
25     packet: packet correct. accumulated num_err_pkt: 3
26     packet: packet correct. accumulated num_err_pkt: 3
27     packet: packet correct. accumulated num_err_pkt: 3
28     packet: packet correct. accumulated num_err_pkt: 3
29     packet: packet correct. accumulated num_err_pkt: 3
30     packet: packet ERROR!!! accumulated num_err_pkt: 4
31     packet: packet ERROR!!! accumulated num_err_pkt: 5
32     packet: packet ERROR!!! accumulated num_err_pkt: 6
33     packet: packet correct. accumulated num_err_pkt: 6
34     packet: packet correct. accumulated num_err_pkt: 6
35     packet: packet correct. accumulated num_err_pkt: 6
36     packet: packet correct. accumulated num_err_pkt: 6
37     packet: packet ERROR!!! accumulated num_err_pkt: 7
38     packet: packet correct. accumulated num_err_pkt: 7
39     packet: packet correct. accumulated num_err_pkt: 7
40     packet: packet correct. accumulated num_err_pkt: 7
41     packet: packet correct. accumulated num_err_pkt: 7
42     packet: packet correct. accumulated num_err_pkt: 7
43     packet: packet correct. accumulated num_err_pkt: 7
44     packet: packet ERROR!!! accumulated num_err_pkt: 8
45     packet: packet correct. accumulated num_err_pkt: 8
46     packet: packet correct. accumulated num_err_pkt: 8
47     packet: packet correct. accumulated num_err_pkt: 8
48     packet: packet correct. accumulated num_err_pkt: 8
49     packet: packet correct. accumulated num_err_pkt: 8
50     packet: packet correct. accumulated num_err_pkt: 8
51     packet: packet correct. accumulated num_err_pkt: 8
52     packet: packet ERROR!!! accumulated num_err_pkt: 9
53     packet: packet correct. accumulated num_err_pkt: 9
54     packet: packet correct. accumulated num_err_pkt: 9
55     packet: packet ERROR!!! accumulated num_err_pkt: 10
56     packet: packet correct. accumulated num_err_pkt: 10
57     packet: packet correct. accumulated num_err_pkt: 10
58     packet: packet correct. accumulated num_err_pkt: 10
59     packet: packet correct. accumulated num_err_pkt: 10
60     packet: packet correct. accumulated num_err_pkt: 10
61     packet: packet correct. accumulated num_err_pkt: 10
62     packet: packet correct. accumulated num_err_pkt: 10
63     packet: packet correct. accumulated num_err_pkt: 10
64     packet: packet ERROR!!! accumulated num_err_pkt: 11
65     packet: packet ERROR!!! accumulated num_err_pkt: 12
66     packet: packet correct. accumulated num_err_pkt: 12
67     packet: packet correct. accumulated num_err_pkt: 12
68     packet: packet correct. accumulated num_err_pkt: 12
69     packet: packet correct. accumulated num_err_pkt: 12
70     packet: packet correct. accumulated num_err_pkt: 12
71     packet: packet correct. accumulated num_err_pkt: 12
72     packet: packet correct. accumulated num_err_pkt: 12
73     packet: packet correct. accumulated num_err_pkt: 12
74     packet: packet correct. accumulated num_err_pkt: 12
75     packet: packet correct. accumulated num_err_pkt: 12
76     packet: packet correct. accumulated num_err_pkt: 12
77     packet: packet correct. accumulated num_err_pkt: 12
78     packet: packet correct. accumulated num_err_pkt: 12
79     packet: packet correct. accumulated num_err_pkt: 12
80     packet: packet correct. accumulated num_err_pkt: 12
81     packet: packet correct. accumulated num_err_pkt: 12
82     packet: packet correct. accumulated num_err_pkt: 12
83     packet: packet correct. accumulated num_err_pkt: 12
84     packet: packet correct. accumulated num_err_pkt: 12
85     packet: packet correct. accumulated num_err_pkt: 12
86     packet: packet ERROR!!! accumulated num_err_pkt: 13
87     packet: packet correct. accumulated num_err_pkt: 13
88     packet: packet ERROR!!! accumulated num_err_pkt: 14
89     packet: packet correct. accumulated num_err_pkt: 14
90     packet: packet correct. accumulated num_err_pkt: 14
91     packet: packet correct. accumulated num_err_pkt: 14
92     packet: packet correct. accumulated num_err_pkt: 14
93     packet: packet correct. accumulated num_err_pkt: 14
94     packet: packet correct. accumulated num_err_pkt: 14
95     packet: packet correct. accumulated num_err_pkt: 14
96     packet: packet correct. accumulated num_err_pkt: 14
97     packet: packet correct. accumulated num_err_pkt: 14
98     packet: packet correct. accumulated num_err_pkt: 14
99     packet: packet correct. accumulated num_err_pkt: 14
SNR: 24.5
BER: 0.0192901, error_bits: 150, total_bits: 7776
CER: 0.00958333, error_codewords: 46, total_codewords: 4800
PER: 0.14, error_packets: 14, total_packets: 100

execution time: 12.689 seconds
snr = 25
code_rate = 5/6, qam_bit = 8, n_cw_to_sim = 4, cw_factor = 12
n_ss = 4, QAM = 256, path_num = 1
0     packet: packet correct. accumulated num_err_pkt: 0
1     packet: packet correct. accumulated num_err_pkt: 0
2     packet: packet correct. accumulated num_err_pkt: 0
3     packet: packet correct. accumulated num_err_pkt: 0
4     packet: packet correct. accumulated num_err_pkt: 0
5     packet: packet correct. accumulated num_err_pkt: 0
6     packet: packet correct. accumulated num_err_pkt: 0
7     packet: packet correct. accumulated num_err_pkt: 0
8     packet: packet correct. accumulated num_err_pkt: 0
9     packet: packet correct. accumulated num_err_pkt: 0
10     packet: packet correct. accumulated num_err_pkt: 0
11     packet: packet correct. accumulated num_err_pkt: 0
12     packet: packet correct. accumulated num_err_pkt: 0
13     packet: packet correct. accumulated num_err_pkt: 0
14     packet: packet correct. accumulated num_err_pkt: 0
15     packet: packet correct. accumulated num_err_pkt: 0
16     packet: packet correct. accumulated num_err_pkt: 0
17     packet: packet correct. accumulated num_err_pkt: 0
18     packet: packet correct. accumulated num_err_pkt: 0
19     packet: packet correct. accumulated num_err_pkt: 0
20     packet: packet correct. accumulated num_err_pkt: 0
21     packet: packet correct. accumulated num_err_pkt: 0
22     packet: packet correct. accumulated num_err_pkt: 0
23     packet: packet correct. accumulated num_err_pkt: 0
24     packet: packet correct. accumulated num_err_pkt: 0
25     packet: packet correct. accumulated num_err_pkt: 0
26     packet: packet correct. accumulated num_err_pkt: 0
27     packet: packet correct. accumulated num_err_pkt: 0
28     packet: packet correct. accumulated num_err_pkt: 0
29     packet: packet correct. accumulated num_err_pkt: 0
30     packet: packet correct. accumulated num_err_pkt: 0
31     packet: packet correct. accumulated num_err_pkt: 0
32     packet: packet correct. accumulated num_err_pkt: 0
33     packet: packet correct. accumulated num_err_pkt: 0
34     packet: packet correct. accumulated num_err_pkt: 0
35     packet: packet correct. accumulated num_err_pkt: 0
36     packet: packet correct. accumulated num_err_pkt: 0
37     packet: packet correct. accumulated num_err_pkt: 0
38     packet: packet correct. accumulated num_err_pkt: 0
39     packet: packet correct. accumulated num_err_pkt: 0
40     packet: packet correct. accumulated num_err_pkt: 0
41     packet: packet correct. accumulated num_err_pkt: 0
42     packet: packet correct. accumulated num_err_pkt: 0
43     packet: packet correct. accumulated num_err_pkt: 0
44     packet: packet correct. accumulated num_err_pkt: 0
45     packet: packet correct. accumulated num_err_pkt: 0
46     packet: packet correct. accumulated num_err_pkt: 0
47     packet: packet correct. accumulated num_err_pkt: 0
48     packet: packet correct. accumulated num_err_pkt: 0
49     packet: packet correct. accumulated num_err_pkt: 0
50     packet: packet correct. accumulated num_err_pkt: 0
51     packet: packet correct. accumulated num_err_pkt: 0
52     packet: packet correct. accumulated num_err_pkt: 0
53     packet: packet correct. accumulated num_err_pkt: 0
54     packet: packet correct. accumulated num_err_pkt: 0
55     packet: packet correct. accumulated num_err_pkt: 0
56     packet: packet correct. accumulated num_err_pkt: 0
57     packet: packet correct. accumulated num_err_pkt: 0
58     packet: packet correct. accumulated num_err_pkt: 0
59     packet: packet correct. accumulated num_err_pkt: 0
60     packet: packet correct. accumulated num_err_pkt: 0
61     packet: packet correct. accumulated num_err_pkt: 0
62     packet: packet correct. accumulated num_err_pkt: 0
63     packet: packet correct. accumulated num_err_pkt: 0
64     packet: packet correct. accumulated num_err_pkt: 0
65     packet: packet correct. accumulated num_err_pkt: 0
66     packet: packet correct. accumulated num_err_pkt: 0
67     packet: packet correct. accumulated num_err_pkt: 0
68     packet: packet correct. accumulated num_err_pkt: 0
69     packet: packet correct. accumulated num_err_pkt: 0
70     packet: packet correct. accumulated num_err_pkt: 0
71     packet: packet correct. accumulated num_err_pkt: 0
72     packet: packet correct. accumulated num_err_pkt: 0
73     packet: packet correct. accumulated num_err_pkt: 0
74     packet: packet correct. accumulated num_err_pkt: 0
75     packet: packet correct. accumulated num_err_pkt: 0
76     packet: packet correct. accumulated num_err_pkt: 0
77     packet: packet correct. accumulated num_err_pkt: 0
78     packet: packet correct. accumulated num_err_pkt: 0
79     packet: packet correct. accumulated num_err_pkt: 0
80     packet: packet correct. accumulated num_err_pkt: 0
81     packet: packet correct. accumulated num_err_pkt: 0
82     packet: packet correct. accumulated num_err_pkt: 0
83     packet: packet correct. accumulated num_err_pkt: 0
84     packet: packet correct. accumulated num_err_pkt: 0
85     packet: packet correct. accumulated num_err_pkt: 0
86     packet: packet correct. accumulated num_err_pkt: 0
87     packet: packet correct. accumulated num_err_pkt: 0
88     packet: packet correct. accumulated num_err_pkt: 0
89     packet: packet correct. accumulated num_err_pkt: 0
90     packet: packet correct. accumulated num_err_pkt: 0
91     packet: packet correct. accumulated num_err_pkt: 0
92     packet: packet correct. accumulated num_err_pkt: 0
93     packet: packet correct. accumulated num_err_pkt: 0
94     packet: packet correct. accumulated num_err_pkt: 0
95     packet: packet correct. accumulated num_err_pkt: 0
96     packet: packet correct. accumulated num_err_pkt: 0
97     packet: packet correct. accumulated num_err_pkt: 0
98     packet: packet correct. accumulated num_err_pkt: 0
99     packet: packet correct. accumulated num_err_pkt: 0
SNR: 25
BER: 0, error_bits: 0, total_bits: 7776
CER: 0, error_codewords: 0, total_codewords: 4800
PER: 0, error_packets: 0, total_packets: 100

execution time: 11.701 seconds
snr = 25.5
code_rate = 5/6, qam_bit = 8, n_cw_to_sim = 4, cw_factor = 12
n_ss = 4, QAM = 256, path_num = 1
0     packet: packet correct. accumulated num_err_pkt: 0
1     packet: packet correct. accumulated num_err_pkt: 0
2     packet: packet correct. accumulated num_err_pkt: 0
3     packet: packet correct. accumulated num_err_pkt: 0
4     packet: packet correct. accumulated num_err_pkt: 0
5     packet: packet correct. accumulated num_err_pkt: 0
6     packet: packet correct. accumulated num_err_pkt: 0
7     packet: packet correct. accumulated num_err_pkt: 0
8     packet: packet correct. accumulated num_err_pkt: 0
9     packet: packet correct. accumulated num_err_pkt: 0
10     packet: packet correct. accumulated num_err_pkt: 0
11     packet: packet correct. accumulated num_err_pkt: 0
12     packet: packet correct. accumulated num_err_pkt: 0
13     packet: packet correct. accumulated num_err_pkt: 0
14     packet: packet correct. accumulated num_err_pkt: 0
15     packet: packet correct. accumulated num_err_pkt: 0
16     packet: packet correct. accumulated num_err_pkt: 0
17     packet: packet correct. accumulated num_err_pkt: 0
18     packet: packet correct. accumulated num_err_pkt: 0
19     packet: packet correct. accumulated num_err_pkt: 0
20     packet: packet correct. accumulated num_err_pkt: 0
21     packet: packet correct. accumulated num_err_pkt: 0
22     packet: packet correct. accumulated num_err_pkt: 0
23     packet: packet correct. accumulated num_err_pkt: 0
24     packet: packet correct. accumulated num_err_pkt: 0
25     packet: packet correct. accumulated num_err_pkt: 0
26     packet: packet correct. accumulated num_err_pkt: 0
27     packet: packet correct. accumulated num_err_pkt: 0
28     packet: packet correct. accumulated num_err_pkt: 0
29     packet: packet correct. accumulated num_err_pkt: 0
30     packet: packet correct. accumulated num_err_pkt: 0
31     packet: packet correct. accumulated num_err_pkt: 0
32     packet: packet correct. accumulated num_err_pkt: 0
33     packet: packet correct. accumulated num_err_pkt: 0
34     packet: packet correct. accumulated num_err_pkt: 0
35     packet: packet correct. accumulated num_err_pkt: 0
36     packet: packet correct. accumulated num_err_pkt: 0
37     packet: packet correct. accumulated num_err_pkt: 0
38     packet: packet correct. accumulated num_err_pkt: 0
39     packet: packet correct. accumulated num_err_pkt: 0
40     packet: packet correct. accumulated num_err_pkt: 0
41     packet: packet correct. accumulated num_err_pkt: 0
42     packet: packet correct. accumulated num_err_pkt: 0
43     packet: packet correct. accumulated num_err_pkt: 0
44     packet: packet correct. accumulated num_err_pkt: 0
45     packet: packet correct. accumulated num_err_pkt: 0
46     packet: packet correct. accumulated num_err_pkt: 0
47     packet: packet correct. accumulated num_err_pkt: 0
48     packet: packet correct. accumulated num_err_pkt: 0
49     packet: packet correct. accumulated num_err_pkt: 0
50     packet: packet correct. accumulated num_err_pkt: 0
51     packet: packet correct. accumulated num_err_pkt: 0
52     packet: packet correct. accumulated num_err_pkt: 0
53     packet: packet correct. accumulated num_err_pkt: 0
54     packet: packet correct. accumulated num_err_pkt: 0
55     packet: packet correct. accumulated num_err_pkt: 0
56     packet: packet correct. accumulated num_err_pkt: 0
57     packet: packet correct. accumulated num_err_pkt: 0
58     packet: packet correct. accumulated num_err_pkt: 0
59     packet: packet correct. accumulated num_err_pkt: 0
60     packet: packet correct. accumulated num_err_pkt: 0
61     packet: packet correct. accumulated num_err_pkt: 0
62     packet: packet correct. accumulated num_err_pkt: 0
63     packet: packet correct. accumulated num_err_pkt: 0
64     packet: packet correct. accumulated num_err_pkt: 0
65     packet: packet correct. accumulated num_err_pkt: 0
66     packet: packet correct. accumulated num_err_pkt: 0
67     packet: packet correct. accumulated num_err_pkt: 0
68     packet: packet correct. accumulated num_err_pkt: 0
69     packet: packet correct. accumulated num_err_pkt: 0
70     packet: packet correct. accumulated num_err_pkt: 0
71     packet: packet correct. accumulated num_err_pkt: 0
72     packet: packet correct. accumulated num_err_pkt: 0
73     packet: packet correct. accumulated num_err_pkt: 0
74     packet: packet correct. accumulated num_err_pkt: 0
75     packet: packet correct. accumulated num_err_pkt: 0
76     packet: packet correct. accumulated num_err_pkt: 0
77     packet: packet correct. accumulated num_err_pkt: 0
78     packet: packet correct. accumulated num_err_pkt: 0
79     packet: packet correct. accumulated num_err_pkt: 0
80     packet: packet correct. accumulated num_err_pkt: 0
81     packet: packet correct. accumulated num_err_pkt: 0
82     packet: packet correct. accumulated num_err_pkt: 0
83     packet: packet correct. accumulated num_err_pkt: 0
84     packet: packet correct. accumulated num_err_pkt: 0
85     packet: packet correct. accumulated num_err_pkt: 0
86     packet: packet correct. accumulated num_err_pkt: 0
87     packet: packet correct. accumulated num_err_pkt: 0
88     packet: packet correct. accumulated num_err_pkt: 0
89     packet: packet correct. accumulated num_err_pkt: 0
90     packet: packet correct. accumulated num_err_pkt: 0
91     packet: packet correct. accumulated num_err_pkt: 0
92     packet: packet correct. accumulated num_err_pkt: 0
93     packet: packet correct. accumulated num_err_pkt: 0
94     packet: packet correct. accumulated num_err_pkt: 0
95     packet: packet correct. accumulated num_err_pkt: 0
96     packet: packet correct. accumulated num_err_pkt: 0
97     packet: packet correct. accumulated num_err_pkt: 0
98     packet: packet correct. accumulated num_err_pkt: 0
99     packet: packet correct. accumulated num_err_pkt: 0
SNR: 25.5
BER: 0, error_bits: 0, total_bits: 7776
CER: 0, error_codewords: 0, total_codewords: 4800
PER: 0, error_packets: 0, total_packets: 100

execution time: 11.728 seconds
snr = 26
code_rate = 5/6, qam_bit = 8, n_cw_to_sim = 4, cw_factor = 12
n_ss = 4, QAM = 256, path_num = 1
0     packet: packet correct. accumulated num_err_pkt: 0
1     packet: packet correct. accumulated num_err_pkt: 0
2     packet: packet correct. accumulated num_err_pkt: 0
3     packet: packet correct. accumulated num_err_pkt: 0
4     packet: packet correct. accumulated num_err_pkt: 0
5     packet: packet correct. accumulated num_err_pkt: 0
6     packet: packet correct. accumulated num_err_pkt: 0
7     packet: packet correct. accumulated num_err_pkt: 0
8     packet: packet correct. accumulated num_err_pkt: 0
9     packet: packet correct. accumulated num_err_pkt: 0
10     packet: packet correct. accumulated num_err_pkt: 0
11     packet: packet correct. accumulated num_err_pkt: 0
12     packet: packet correct. accumulated num_err_pkt: 0
13     packet: packet correct. accumulated num_err_pkt: 0
14     packet: packet correct. accumulated num_err_pkt: 0
15     packet: packet correct. accumulated num_err_pkt: 0
16     packet: packet correct. accumulated num_err_pkt: 0
17     packet: packet correct. accumulated num_err_pkt: 0
18     packet: packet correct. accumulated num_err_pkt: 0
19     packet: packet correct. accumulated num_err_pkt: 0
20     packet: packet correct. accumulated num_err_pkt: 0
21     packet: packet correct. accumulated num_err_pkt: 0
22     packet: packet correct. accumulated num_err_pkt: 0
23     packet: packet correct. accumulated num_err_pkt: 0
24     packet: packet correct. accumulated num_err_pkt: 0
25     packet: packet correct. accumulated num_err_pkt: 0
26     packet: packet correct. accumulated num_err_pkt: 0
27     packet: packet correct. accumulated num_err_pkt: 0
28     packet: packet correct. accumulated num_err_pkt: 0
29     packet: packet correct. accumulated num_err_pkt: 0
30     packet: packet correct. accumulated num_err_pkt: 0
31     packet: packet correct. accumulated num_err_pkt: 0
32     packet: packet correct. accumulated num_err_pkt: 0
33     packet: packet correct. accumulated num_err_pkt: 0
34     packet: packet correct. accumulated num_err_pkt: 0
35     packet: packet correct. accumulated num_err_pkt: 0
36     packet: packet correct. accumulated num_err_pkt: 0
37     packet: packet correct. accumulated num_err_pkt: 0
38     packet: packet correct. accumulated num_err_pkt: 0
39     packet: packet correct. accumulated num_err_pkt: 0
40     packet: packet correct. accumulated num_err_pkt: 0
41     packet: packet correct. accumulated num_err_pkt: 0
42     packet: packet correct. accumulated num_err_pkt: 0
43     packet: packet correct. accumulated num_err_pkt: 0
44     packet: packet correct. accumulated num_err_pkt: 0
45     packet: packet correct. accumulated num_err_pkt: 0
46     packet: packet correct. accumulated num_err_pkt: 0
47     packet: packet correct. accumulated num_err_pkt: 0
48     packet: packet correct. accumulated num_err_pkt: 0
49     packet: packet correct. accumulated num_err_pkt: 0
50     packet: packet correct. accumulated num_err_pkt: 0
51     packet: packet correct. accumulated num_err_pkt: 0
52     packet: packet correct. accumulated num_err_pkt: 0
53     packet: packet correct. accumulated num_err_pkt: 0
54     packet: packet correct. accumulated num_err_pkt: 0
55     packet: packet correct. accumulated num_err_pkt: 0
56     packet: packet correct. accumulated num_err_pkt: 0
57     packet: packet correct. accumulated num_err_pkt: 0
58     packet: packet correct. accumulated num_err_pkt: 0
59     packet: packet correct. accumulated num_err_pkt: 0
60     packet: packet correct. accumulated num_err_pkt: 0
61     packet: packet correct. accumulated num_err_pkt: 0
62     packet: packet correct. accumulated num_err_pkt: 0
63     packet: packet correct. accumulated num_err_pkt: 0
64     packet: packet correct. accumulated num_err_pkt: 0
65     packet: packet correct. accumulated num_err_pkt: 0
66     packet: packet correct. accumulated num_err_pkt: 0
67     packet: packet correct. accumulated num_err_pkt: 0
68     packet: packet correct. accumulated num_err_pkt: 0
69     packet: packet correct. accumulated num_err_pkt: 0
70     packet: packet correct. accumulated num_err_pkt: 0
71     packet: packet correct. accumulated num_err_pkt: 0
72     packet: packet correct. accumulated num_err_pkt: 0
73     packet: packet correct. accumulated num_err_pkt: 0
74     packet: packet correct. accumulated num_err_pkt: 0
75     packet: packet correct. accumulated num_err_pkt: 0
76     packet: packet correct. accumulated num_err_pkt: 0
77     packet: packet correct. accumulated num_err_pkt: 0
78     packet: packet correct. accumulated num_err_pkt: 0
79     packet: packet correct. accumulated num_err_pkt: 0
80     packet: packet correct. accumulated num_err_pkt: 0
81     packet: packet correct. accumulated num_err_pkt: 0
82     packet: packet correct. accumulated num_err_pkt: 0
83     packet: packet correct. accumulated num_err_pkt: 0
84     packet: packet correct. accumulated num_err_pkt: 0
85     packet: packet correct. accumulated num_err_pkt: 0
86     packet: packet correct. accumulated num_err_pkt: 0
87     packet: packet correct. accumulated num_err_pkt: 0
88     packet: packet correct. accumulated num_err_pkt: 0
89     packet: packet correct. accumulated num_err_pkt: 0
90     packet: packet correct. accumulated num_err_pkt: 0
91     packet: packet correct. accumulated num_err_pkt: 0
92     packet: packet correct. accumulated num_err_pkt: 0
93     packet: packet correct. accumulated num_err_pkt: 0
94     packet: packet correct. accumulated num_err_pkt: 0
95     packet: packet correct. accumulated num_err_pkt: 0
96     packet: packet correct. accumulated num_err_pkt: 0
97     packet: packet correct. accumulated num_err_pkt: 0
98     packet: packet correct. accumulated num_err_pkt: 0
99     packet: packet correct. accumulated num_err_pkt: 0
SNR: 26
BER: 0, error_bits: 0, total_bits: 7776
CER: 0, error_codewords: 0, total_codewords: 4800
PER: 0, error_packets: 0, total_packets: 100

execution time: 11.824 seconds
Unknown argument: 9
Unknown argument: 23
Unknown argument: 26
test end
