snr = 2
code_rate = 1/2, qam_bit = 2, n_cw_to_sim = 1, cw_factor = 50
n_ss = 4, QAM = 4, path_num = 1
0     packet: packet ERROR!!! accumulated num_err_pkt: 1
1     packet: packet ERROR!!! accumulated num_err_pkt: 2
2     packet: packet ERROR!!! accumulated num_err_pkt: 3
3     packet: packet ERROR!!! accumulated num_err_pkt: 4
4     packet: packet ERROR!!! accumulated num_err_pkt: 5
5     packet: packet ERROR!!! accumulated num_err_pkt: 6
6     packet: packet ERROR!!! accumulated num_err_pkt: 7
7     packet: packet ERROR!!! accumulated num_err_pkt: 8
8     packet: packet ERROR!!! accumulated num_err_pkt: 9
9     packet: packet ERROR!!! accumulated num_err_pkt: 10
10     packet: packet ERROR!!! accumulated num_err_pkt: 11
11     packet: packet ERROR!!! accumulated num_err_pkt: 12
12     packet: packet ERROR!!! accumulated num_err_pkt: 13
13     packet: packet ERROR!!! accumulated num_err_pkt: 14
14     packet: packet ERROR!!! accumulated num_err_pkt: 15
15     packet: packet ERROR!!! accumulated num_err_pkt: 16
16     packet: packet ERROR!!! accumulated num_err_pkt: 17
17     packet: packet ERROR!!! accumulated num_err_pkt: 18
18     packet: packet ERROR!!! accumulated num_err_pkt: 19
19     packet: packet ERROR!!! accumulated num_err_pkt: 20
20     packet: packet ERROR!!! accumulated num_err_pkt: 21
21     packet: packet ERROR!!! accumulated num_err_pkt: 22
22     packet: packet ERROR!!! accumulated num_err_pkt: 23
23     packet: packet ERROR!!! accumulated num_err_pkt: 24
24     packet: packet ERROR!!! accumulated num_err_pkt: 25
25     packet: packet ERROR!!! accumulated num_err_pkt: 26
26     packet: packet ERROR!!! accumulated num_err_pkt: 27
27     packet: packet ERROR!!! accumulated num_err_pkt: 28
28     packet: packet ERROR!!! accumulated num_err_pkt: 29
29     packet: packet ERROR!!! accumulated num_err_pkt: 30
30     packet: packet ERROR!!! accumulated num_err_pkt: 31
31     packet: packet ERROR!!! accumulated num_err_pkt: 32
32     packet: packet ERROR!!! accumulated num_err_pkt: 33
33     packet: packet ERROR!!! accumulated num_err_pkt: 34
34     packet: packet ERROR!!! accumulated num_err_pkt: 35
35     packet: packet ERROR!!! accumulated num_err_pkt: 36
36     packet: packet ERROR!!! accumulated num_err_pkt: 37
37     packet: packet ERROR!!! accumulated num_err_pkt: 38
38     packet: packet ERROR!!! accumulated num_err_pkt: 39
39     packet: packet ERROR!!! accumulated num_err_pkt: 40
40     packet: packet ERROR!!! accumulated num_err_pkt: 41
41     packet: packet ERROR!!! accumulated num_err_pkt: 42
42     packet: packet ERROR!!! accumulated num_err_pkt: 43
43     packet: packet ERROR!!! accumulated num_err_pkt: 44
44     packet: packet ERROR!!! accumulated num_err_pkt: 45
45     packet: packet ERROR!!! accumulated num_err_pkt: 46
46     packet: packet ERROR!!! accumulated num_err_pkt: 47
47     packet: packet ERROR!!! accumulated num_err_pkt: 48
48     packet: packet ERROR!!! accumulated num_err_pkt: 49
49     packet: packet ERROR!!! accumulated num_err_pkt: 50
50     packet: packet ERROR!!! accumulated num_err_pkt: 51
51     packet: packet ERROR!!! accumulated num_err_pkt: 52
52     packet: packet ERROR!!! accumulated num_err_pkt: 53
53     packet: packet ERROR!!! accumulated num_err_pkt: 54
54     packet: packet ERROR!!! accumulated num_err_pkt: 55
55     packet: packet ERROR!!! accumulated num_err_pkt: 56
56     packet: packet ERROR!!! accumulated num_err_pkt: 57
57     packet: packet ERROR!!! accumulated num_err_pkt: 58
58     packet: packet ERROR!!! accumulated num_err_pkt: 59
59     packet: packet ERROR!!! accumulated num_err_pkt: 60
60     packet: packet ERROR!!! accumulated num_err_pkt: 61
61     packet: packet ERROR!!! accumulated num_err_pkt: 62
62     packet: packet ERROR!!! accumulated num_err_pkt: 63
63     packet: packet ERROR!!! accumulated num_err_pkt: 64
64     packet: packet ERROR!!! accumulated num_err_pkt: 65
65     packet: packet ERROR!!! accumulated num_err_pkt: 66
66     packet: packet ERROR!!! accumulated num_err_pkt: 67
67     packet: packet ERROR!!! accumulated num_err_pkt: 68
68     packet: packet ERROR!!! accumulated num_err_pkt: 69
69     packet: packet ERROR!!! accumulated num_err_pkt: 70
70     packet: packet ERROR!!! accumulated num_err_pkt: 71
71     packet: packet ERROR!!! accumulated num_err_pkt: 72
72     packet: packet ERROR!!! accumulated num_err_pkt: 73
73     packet: packet ERROR!!! accumulated num_err_pkt: 74
74     packet: packet ERROR!!! accumulated num_err_pkt: 75
75     packet: packet ERROR!!! accumulated num_err_pkt: 76
76     packet: packet ERROR!!! accumulated num_err_pkt: 77
77     packet: packet ERROR!!! accumulated num_err_pkt: 78
78     packet: packet ERROR!!! accumulated num_err_pkt: 79
79     packet: packet ERROR!!! accumulated num_err_pkt: 80
80     packet: packet ERROR!!! accumulated num_err_pkt: 81
81     packet: packet ERROR!!! accumulated num_err_pkt: 82
82     packet: packet ERROR!!! accumulated num_err_pkt: 83
83     packet: packet ERROR!!! accumulated num_err_pkt: 84
84     packet: packet ERROR!!! accumulated num_err_pkt: 85
85     packet: packet ERROR!!! accumulated num_err_pkt: 86
86     packet: packet ERROR!!! accumulated num_err_pkt: 87
87     packet: packet ERROR!!! accumulated num_err_pkt: 88
88     packet: packet ERROR!!! accumulated num_err_pkt: 89
89     packet: packet ERROR!!! accumulated num_err_pkt: 90
90     packet: packet ERROR!!! accumulated num_err_pkt: 91
91     packet: packet ERROR!!! accumulated num_err_pkt: 92
92     packet: packet ERROR!!! accumulated num_err_pkt: 93
93     packet: packet ERROR!!! accumulated num_err_pkt: 94
94     packet: packet ERROR!!! accumulated num_err_pkt: 95
95     packet: packet ERROR!!! accumulated num_err_pkt: 96
96     packet: packet ERROR!!! accumulated num_err_pkt: 97
97     packet: packet ERROR!!! accumulated num_err_pkt: 98
98     packet: packet ERROR!!! accumulated num_err_pkt: 99
99     packet: packet ERROR!!! accumulated num_err_pkt: 100
SNR: 2
BER: 109.835, error_bits: 213520, total_bits: 1944
CER: 0.9908, error_codewords: 4954, total_codewords: 5000
PER: 1, error_packets: 100, total_packets: 100

execution time: 71.185 seconds
snr = 2.5
code_rate = 1/2, qam_bit = 2, n_cw_to_sim = 1, cw_factor = 50
n_ss = 4, QAM = 4, path_num = 1
0     packet: packet ERROR!!! accumulated num_err_pkt: 1
1     packet: packet ERROR!!! accumulated num_err_pkt: 2
2     packet: packet ERROR!!! accumulated num_err_pkt: 3
3     packet: packet ERROR!!! accumulated num_err_pkt: 4
4     packet: packet ERROR!!! accumulated num_err_pkt: 5
5     packet: packet ERROR!!! accumulated num_err_pkt: 6
6     packet: packet ERROR!!! accumulated num_err_pkt: 7
7     packet: packet ERROR!!! accumulated num_err_pkt: 8
8     packet: packet ERROR!!! accumulated num_err_pkt: 9
9     packet: packet ERROR!!! accumulated num_err_pkt: 10
10     packet: packet ERROR!!! accumulated num_err_pkt: 11
11     packet: packet ERROR!!! accumulated num_err_pkt: 12
12     packet: packet ERROR!!! accumulated num_err_pkt: 13
13     packet: packet ERROR!!! accumulated num_err_pkt: 14
14     packet: packet ERROR!!! accumulated num_err_pkt: 15
15     packet: packet ERROR!!! accumulated num_err_pkt: 16
16     packet: packet ERROR!!! accumulated num_err_pkt: 17
17     packet: packet ERROR!!! accumulated num_err_pkt: 18
18     packet: packet ERROR!!! accumulated num_err_pkt: 19
19     packet: packet ERROR!!! accumulated num_err_pkt: 20
20     packet: packet ERROR!!! accumulated num_err_pkt: 21
21     packet: packet ERROR!!! accumulated num_err_pkt: 22
22     packet: packet ERROR!!! accumulated num_err_pkt: 23
23     packet: packet ERROR!!! accumulated num_err_pkt: 24
24     packet: packet ERROR!!! accumulated num_err_pkt: 25
25     packet: packet ERROR!!! accumulated num_err_pkt: 26
26     packet: packet ERROR!!! accumulated num_err_pkt: 27
27     packet: packet ERROR!!! accumulated num_err_pkt: 28
28     packet: packet ERROR!!! accumulated num_err_pkt: 29
29     packet: packet ERROR!!! accumulated num_err_pkt: 30
30     packet: packet ERROR!!! accumulated num_err_pkt: 31
31     packet: packet ERROR!!! accumulated num_err_pkt: 32
32     packet: packet ERROR!!! accumulated num_err_pkt: 33
33     packet: packet ERROR!!! accumulated num_err_pkt: 34
34     packet: packet ERROR!!! accumulated num_err_pkt: 35
35     packet: packet ERROR!!! accumulated num_err_pkt: 36
36     packet: packet ERROR!!! accumulated num_err_pkt: 37
37     packet: packet ERROR!!! accumulated num_err_pkt: 38
38     packet: packet ERROR!!! accumulated num_err_pkt: 39
39     packet: packet ERROR!!! accumulated num_err_pkt: 40
40     packet: packet ERROR!!! accumulated num_err_pkt: 41
41     packet: packet ERROR!!! accumulated num_err_pkt: 42
42     packet: packet ERROR!!! accumulated num_err_pkt: 43
43     packet: packet ERROR!!! accumulated num_err_pkt: 44
44     packet: packet ERROR!!! accumulated num_err_pkt: 45
45     packet: packet ERROR!!! accumulated num_err_pkt: 46
46     packet: packet ERROR!!! accumulated num_err_pkt: 47
47     packet: packet ERROR!!! accumulated num_err_pkt: 48
48     packet: packet ERROR!!! accumulated num_err_pkt: 49
49     packet: packet ERROR!!! accumulated num_err_pkt: 50
50     packet: packet ERROR!!! accumulated num_err_pkt: 51
51     packet: packet ERROR!!! accumulated num_err_pkt: 52
52     packet: packet ERROR!!! accumulated num_err_pkt: 53
53     packet: packet ERROR!!! accumulated num_err_pkt: 54
54     packet: packet ERROR!!! accumulated num_err_pkt: 55
55     packet: packet ERROR!!! accumulated num_err_pkt: 56
56     packet: packet ERROR!!! accumulated num_err_pkt: 57
57     packet: packet ERROR!!! accumulated num_err_pkt: 58
58     packet: packet ERROR!!! accumulated num_err_pkt: 59
59     packet: packet ERROR!!! accumulated num_err_pkt: 60
60     packet: packet ERROR!!! accumulated num_err_pkt: 61
61     packet: packet ERROR!!! accumulated num_err_pkt: 62
62     packet: packet ERROR!!! accumulated num_err_pkt: 63
63     packet: packet ERROR!!! accumulated num_err_pkt: 64
64     packet: packet ERROR!!! accumulated num_err_pkt: 65
65     packet: packet ERROR!!! accumulated num_err_pkt: 66
66     packet: packet ERROR!!! accumulated num_err_pkt: 67
67     packet: packet ERROR!!! accumulated num_err_pkt: 68
68     packet: packet ERROR!!! accumulated num_err_pkt: 69
69     packet: packet ERROR!!! accumulated num_err_pkt: 70
70     packet: packet ERROR!!! accumulated num_err_pkt: 71
71     packet: packet ERROR!!! accumulated num_err_pkt: 72
72     packet: packet ERROR!!! accumulated num_err_pkt: 73
73     packet: packet ERROR!!! accumulated num_err_pkt: 74
74     packet: packet ERROR!!! accumulated num_err_pkt: 75
75     packet: packet ERROR!!! accumulated num_err_pkt: 76
76     packet: packet ERROR!!! accumulated num_err_pkt: 77
77     packet: packet ERROR!!! accumulated num_err_pkt: 78
78     packet: packet ERROR!!! accumulated num_err_pkt: 79
79     packet: packet ERROR!!! accumulated num_err_pkt: 80
80     packet: packet ERROR!!! accumulated num_err_pkt: 81
81     packet: packet ERROR!!! accumulated num_err_pkt: 82
82     packet: packet ERROR!!! accumulated num_err_pkt: 83
83     packet: packet ERROR!!! accumulated num_err_pkt: 84
84     packet: packet ERROR!!! accumulated num_err_pkt: 85
85     packet: packet ERROR!!! accumulated num_err_pkt: 86
86     packet: packet ERROR!!! accumulated num_err_pkt: 87
87     packet: packet ERROR!!! accumulated num_err_pkt: 88
88     packet: packet ERROR!!! accumulated num_err_pkt: 89
89     packet: packet ERROR!!! accumulated num_err_pkt: 90
90     packet: packet ERROR!!! accumulated num_err_pkt: 91
91     packet: packet ERROR!!! accumulated num_err_pkt: 92
92     packet: packet ERROR!!! accumulated num_err_pkt: 93
93     packet: packet ERROR!!! accumulated num_err_pkt: 94
94     packet: packet ERROR!!! accumulated num_err_pkt: 95
95     packet: packet ERROR!!! accumulated num_err_pkt: 96
96     packet: packet ERROR!!! accumulated num_err_pkt: 97
97     packet: packet ERROR!!! accumulated num_err_pkt: 98
98     packet: packet ERROR!!! accumulated num_err_pkt: 99
99     packet: packet ERROR!!! accumulated num_err_pkt: 100
SNR: 2.5
BER: 37.8349, error_bits: 73551, total_bits: 1944
CER: 0.8354, error_codewords: 4177, total_codewords: 5000
PER: 1, error_packets: 100, total_packets: 100

execution time: 61.69 seconds
snr = 3
code_rate = 1/2, qam_bit = 2, n_cw_to_sim = 1, cw_factor = 50
n_ss = 4, QAM = 4, path_num = 1
0     packet: packet ERROR!!! accumulated num_err_pkt: 1
1     packet: packet ERROR!!! accumulated num_err_pkt: 2
2     packet: packet ERROR!!! accumulated num_err_pkt: 3
3     packet: packet ERROR!!! accumulated num_err_pkt: 4
4     packet: packet ERROR!!! accumulated num_err_pkt: 5
5     packet: packet ERROR!!! accumulated num_err_pkt: 6
6     packet: packet ERROR!!! accumulated num_err_pkt: 7
7     packet: packet ERROR!!! accumulated num_err_pkt: 8
8     packet: packet ERROR!!! accumulated num_err_pkt: 9
9     packet: packet ERROR!!! accumulated num_err_pkt: 10
10     packet: packet ERROR!!! accumulated num_err_pkt: 11
11     packet: packet ERROR!!! accumulated num_err_pkt: 12
12     packet: packet ERROR!!! accumulated num_err_pkt: 13
13     packet: packet ERROR!!! accumulated num_err_pkt: 14
14     packet: packet ERROR!!! accumulated num_err_pkt: 15
15     packet: packet ERROR!!! accumulated num_err_pkt: 16
16     packet: packet ERROR!!! accumulated num_err_pkt: 17
17     packet: packet ERROR!!! accumulated num_err_pkt: 18
18     packet: packet ERROR!!! accumulated num_err_pkt: 19
19     packet: packet ERROR!!! accumulated num_err_pkt: 20
20     packet: packet ERROR!!! accumulated num_err_pkt: 21
21     packet: packet ERROR!!! accumulated num_err_pkt: 22
22     packet: packet ERROR!!! accumulated num_err_pkt: 23
23     packet: packet ERROR!!! accumulated num_err_pkt: 24
24     packet: packet ERROR!!! accumulated num_err_pkt: 25
25     packet: packet ERROR!!! accumulated num_err_pkt: 26
26     packet: packet ERROR!!! accumulated num_err_pkt: 27
27     packet: packet ERROR!!! accumulated num_err_pkt: 28
28     packet: packet ERROR!!! accumulated num_err_pkt: 29
29     packet: packet ERROR!!! accumulated num_err_pkt: 30
30     packet: packet ERROR!!! accumulated num_err_pkt: 31
31     packet: packet ERROR!!! accumulated num_err_pkt: 32
32     packet: packet ERROR!!! accumulated num_err_pkt: 33
33     packet: packet ERROR!!! accumulated num_err_pkt: 34
34     packet: packet ERROR!!! accumulated num_err_pkt: 35
35     packet: packet ERROR!!! accumulated num_err_pkt: 36
36     packet: packet ERROR!!! accumulated num_err_pkt: 37
37     packet: packet ERROR!!! accumulated num_err_pkt: 38
38     packet: packet ERROR!!! accumulated num_err_pkt: 39
39     packet: packet ERROR!!! accumulated num_err_pkt: 40
40     packet: packet ERROR!!! accumulated num_err_pkt: 41
41     packet: packet ERROR!!! accumulated num_err_pkt: 42
42     packet: packet ERROR!!! accumulated num_err_pkt: 43
43     packet: packet ERROR!!! accumulated num_err_pkt: 44
44     packet: packet ERROR!!! accumulated num_err_pkt: 45
45     packet: packet ERROR!!! accumulated num_err_pkt: 46
46     packet: packet ERROR!!! accumulated num_err_pkt: 47
47     packet: packet ERROR!!! accumulated num_err_pkt: 48
48     packet: packet ERROR!!! accumulated num_err_pkt: 49
49     packet: packet ERROR!!! accumulated num_err_pkt: 50
50     packet: packet ERROR!!! accumulated num_err_pkt: 51
51     packet: packet ERROR!!! accumulated num_err_pkt: 52
52     packet: packet ERROR!!! accumulated num_err_pkt: 53
53     packet: packet ERROR!!! accumulated num_err_pkt: 54
54     packet: packet ERROR!!! accumulated num_err_pkt: 55
55     packet: packet ERROR!!! accumulated num_err_pkt: 56
56     packet: packet ERROR!!! accumulated num_err_pkt: 57
57     packet: packet ERROR!!! accumulated num_err_pkt: 58
58     packet: packet ERROR!!! accumulated num_err_pkt: 59
59     packet: packet ERROR!!! accumulated num_err_pkt: 60
60     packet: packet ERROR!!! accumulated num_err_pkt: 61
61     packet: packet ERROR!!! accumulated num_err_pkt: 62
62     packet: packet ERROR!!! accumulated num_err_pkt: 63
63     packet: packet ERROR!!! accumulated num_err_pkt: 64
64     packet: packet ERROR!!! accumulated num_err_pkt: 65
65     packet: packet ERROR!!! accumulated num_err_pkt: 66
66     packet: packet ERROR!!! accumulated num_err_pkt: 67
67     packet: packet ERROR!!! accumulated num_err_pkt: 68
68     packet: packet ERROR!!! accumulated num_err_pkt: 69
69     packet: packet ERROR!!! accumulated num_err_pkt: 70
70     packet: packet ERROR!!! accumulated num_err_pkt: 71
71     packet: packet ERROR!!! accumulated num_err_pkt: 72
72     packet: packet ERROR!!! accumulated num_err_pkt: 73
73     packet: packet ERROR!!! accumulated num_err_pkt: 74
74     packet: packet ERROR!!! accumulated num_err_pkt: 75
75     packet: packet ERROR!!! accumulated num_err_pkt: 76
76     packet: packet ERROR!!! accumulated num_err_pkt: 77
77     packet: packet ERROR!!! accumulated num_err_pkt: 78
78     packet: packet ERROR!!! accumulated num_err_pkt: 79
79     packet: packet ERROR!!! accumulated num_err_pkt: 80
80     packet: packet ERROR!!! accumulated num_err_pkt: 81
81     packet: packet ERROR!!! accumulated num_err_pkt: 82
82     packet: packet ERROR!!! accumulated num_err_pkt: 83
83     packet: packet ERROR!!! accumulated num_err_pkt: 84
84     packet: packet ERROR!!! accumulated num_err_pkt: 85
85     packet: packet ERROR!!! accumulated num_err_pkt: 86
86     packet: packet ERROR!!! accumulated num_err_pkt: 87
87     packet: packet ERROR!!! accumulated num_err_pkt: 88
88     packet: packet ERROR!!! accumulated num_err_pkt: 89
89     packet: packet ERROR!!! accumulated num_err_pkt: 90
90     packet: packet ERROR!!! accumulated num_err_pkt: 91
91     packet: packet ERROR!!! accumulated num_err_pkt: 92
92     packet: packet ERROR!!! accumulated num_err_pkt: 93
93     packet: packet ERROR!!! accumulated num_err_pkt: 94
94     packet: packet ERROR!!! accumulated num_err_pkt: 95
95     packet: packet ERROR!!! accumulated num_err_pkt: 96
96     packet: packet ERROR!!! accumulated num_err_pkt: 97
97     packet: packet ERROR!!! accumulated num_err_pkt: 98
98     packet: packet ERROR!!! accumulated num_err_pkt: 99
99     packet: packet ERROR!!! accumulated num_err_pkt: 100
SNR: 3
BER: 8.30401, error_bits: 16143, total_bits: 1944
CER: 0.4444, error_codewords: 2222, total_codewords: 5000
PER: 1, error_packets: 100, total_packets: 100

execution time: 43.107 seconds
snr = 3.5
code_rate = 1/2, qam_bit = 2, n_cw_to_sim = 1, cw_factor = 50
n_ss = 4, QAM = 4, path_num = 1
0     packet: packet ERROR!!! accumulated num_err_pkt: 1
1     packet: packet ERROR!!! accumulated num_err_pkt: 2
2     packet: packet ERROR!!! accumulated num_err_pkt: 3
3     packet: packet ERROR!!! accumulated num_err_pkt: 4
4     packet: packet ERROR!!! accumulated num_err_pkt: 5
5     packet: packet ERROR!!! accumulated num_err_pkt: 6
6     packet: packet ERROR!!! accumulated num_err_pkt: 7
7     packet: packet ERROR!!! accumulated num_err_pkt: 8
8     packet: packet ERROR!!! accumulated num_err_pkt: 9
9     packet: packet ERROR!!! accumulated num_err_pkt: 10
10     packet: packet ERROR!!! accumulated num_err_pkt: 11
11     packet: packet ERROR!!! accumulated num_err_pkt: 12
12     packet: packet ERROR!!! accumulated num_err_pkt: 13
13     packet: packet ERROR!!! accumulated num_err_pkt: 14
14     packet: packet ERROR!!! accumulated num_err_pkt: 15
15     packet: packet ERROR!!! accumulated num_err_pkt: 16
16     packet: packet ERROR!!! accumulated num_err_pkt: 17
17     packet: packet ERROR!!! accumulated num_err_pkt: 18
18     packet: packet ERROR!!! accumulated num_err_pkt: 19
19     packet: packet ERROR!!! accumulated num_err_pkt: 20
20     packet: packet ERROR!!! accumulated num_err_pkt: 21
21     packet: packet ERROR!!! accumulated num_err_pkt: 22
22     packet: packet ERROR!!! accumulated num_err_pkt: 23
23     packet: packet ERROR!!! accumulated num_err_pkt: 24
24     packet: packet ERROR!!! accumulated num_err_pkt: 25
25     packet: packet ERROR!!! accumulated num_err_pkt: 26
26     packet: packet ERROR!!! accumulated num_err_pkt: 27
27     packet: packet ERROR!!! accumulated num_err_pkt: 28
28     packet: packet ERROR!!! accumulated num_err_pkt: 29
29     packet: packet ERROR!!! accumulated num_err_pkt: 30
30     packet: packet ERROR!!! accumulated num_err_pkt: 31
31     packet: packet ERROR!!! accumulated num_err_pkt: 32
32     packet: packet ERROR!!! accumulated num_err_pkt: 33
33     packet: packet ERROR!!! accumulated num_err_pkt: 34
34     packet: packet ERROR!!! accumulated num_err_pkt: 35
35     packet: packet ERROR!!! accumulated num_err_pkt: 36
36     packet: packet ERROR!!! accumulated num_err_pkt: 37
37     packet: packet ERROR!!! accumulated num_err_pkt: 38
38     packet: packet ERROR!!! accumulated num_err_pkt: 39
39     packet: packet ERROR!!! accumulated num_err_pkt: 40
40     packet: packet ERROR!!! accumulated num_err_pkt: 41
41     packet: packet ERROR!!! accumulated num_err_pkt: 42
42     packet: packet ERROR!!! accumulated num_err_pkt: 43
43     packet: packet ERROR!!! accumulated num_err_pkt: 44
44     packet: packet ERROR!!! accumulated num_err_pkt: 45
45     packet: packet ERROR!!! accumulated num_err_pkt: 46
46     packet: packet ERROR!!! accumulated num_err_pkt: 47
47     packet: packet ERROR!!! accumulated num_err_pkt: 48
48     packet: packet ERROR!!! accumulated num_err_pkt: 49
49     packet: packet ERROR!!! accumulated num_err_pkt: 50
50     packet: packet ERROR!!! accumulated num_err_pkt: 51
51     packet: packet ERROR!!! accumulated num_err_pkt: 52
52     packet: packet ERROR!!! accumulated num_err_pkt: 53
53     packet: packet ERROR!!! accumulated num_err_pkt: 54
54     packet: packet ERROR!!! accumulated num_err_pkt: 55
55     packet: packet ERROR!!! accumulated num_err_pkt: 56
56     packet: packet ERROR!!! accumulated num_err_pkt: 57
57     packet: packet ERROR!!! accumulated num_err_pkt: 58
58     packet: packet ERROR!!! accumulated num_err_pkt: 59
59     packet: packet ERROR!!! accumulated num_err_pkt: 60
60     packet: packet ERROR!!! accumulated num_err_pkt: 61
61     packet: packet ERROR!!! accumulated num_err_pkt: 62
62     packet: packet ERROR!!! accumulated num_err_pkt: 63
63     packet: packet ERROR!!! accumulated num_err_pkt: 64
64     packet: packet ERROR!!! accumulated num_err_pkt: 65
65     packet: packet ERROR!!! accumulated num_err_pkt: 66
66     packet: packet ERROR!!! accumulated num_err_pkt: 67
67     packet: packet ERROR!!! accumulated num_err_pkt: 68
68     packet: packet ERROR!!! accumulated num_err_pkt: 69
69     packet: packet ERROR!!! accumulated num_err_pkt: 70
70     packet: packet ERROR!!! accumulated num_err_pkt: 71
71     packet: packet ERROR!!! accumulated num_err_pkt: 72
72     packet: packet ERROR!!! accumulated num_err_pkt: 73
73     packet: packet ERROR!!! accumulated num_err_pkt: 74
74     packet: packet ERROR!!! accumulated num_err_pkt: 75
75     packet: packet ERROR!!! accumulated num_err_pkt: 76
76     packet: packet ERROR!!! accumulated num_err_pkt: 77
77     packet: packet ERROR!!! accumulated num_err_pkt: 78
78     packet: packet ERROR!!! accumulated num_err_pkt: 79
79     packet: packet ERROR!!! accumulated num_err_pkt: 80
80     packet: packet ERROR!!! accumulated num_err_pkt: 81
81     packet: packet ERROR!!! accumulated num_err_pkt: 82
82     packet: packet ERROR!!! accumulated num_err_pkt: 83
83     packet: packet ERROR!!! accumulated num_err_pkt: 84
84     packet: packet ERROR!!! accumulated num_err_pkt: 85
85     packet: packet ERROR!!! accumulated num_err_pkt: 86
86     packet: packet ERROR!!! accumulated num_err_pkt: 87
87     packet: packet ERROR!!! accumulated num_err_pkt: 88
88     packet: packet ERROR!!! accumulated num_err_pkt: 89
89     packet: packet ERROR!!! accumulated num_err_pkt: 90
90     packet: packet ERROR!!! accumulated num_err_pkt: 91
91     packet: packet ERROR!!! accumulated num_err_pkt: 92
92     packet: packet ERROR!!! accumulated num_err_pkt: 93
93     packet: packet ERROR!!! accumulated num_err_pkt: 94
94     packet: packet ERROR!!! accumulated num_err_pkt: 95
95     packet: packet ERROR!!! accumulated num_err_pkt: 96
96     packet: packet ERROR!!! accumulated num_err_pkt: 97
97     packet: packet ERROR!!! accumulated num_err_pkt: 98
98     packet: packet ERROR!!! accumulated num_err_pkt: 99
99     packet: packet ERROR!!! accumulated num_err_pkt: 100
SNR: 3.5
BER: 1.36368, error_bits: 2651, total_bits: 1944
CER: 0.1346, error_codewords: 673, total_codewords: 5000
PER: 1, error_packets: 100, total_packets: 100

execution time: 37.878 seconds
snr = 4
code_rate = 1/2, qam_bit = 2, n_cw_to_sim = 1, cw_factor = 50
n_ss = 4, QAM = 4, path_num = 1
0     packet: packet correct. accumulated num_err_pkt: 0
1     packet: packet ERROR!!! accumulated num_err_pkt: 1
2     packet: packet correct. accumulated num_err_pkt: 1
3     packet: packet ERROR!!! accumulated num_err_pkt: 2
4     packet: packet ERROR!!! accumulated num_err_pkt: 3
5     packet: packet ERROR!!! accumulated num_err_pkt: 4
6     packet: packet ERROR!!! accumulated num_err_pkt: 5
7     packet: packet ERROR!!! accumulated num_err_pkt: 6
8     packet: packet ERROR!!! accumulated num_err_pkt: 7
9     packet: packet ERROR!!! accumulated num_err_pkt: 8
10     packet: packet ERROR!!! accumulated num_err_pkt: 9
11     packet: packet correct. accumulated num_err_pkt: 9
12     packet: packet ERROR!!! accumulated num_err_pkt: 10
13     packet: packet correct. accumulated num_err_pkt: 10
14     packet: packet ERROR!!! accumulated num_err_pkt: 11
15     packet: packet ERROR!!! accumulated num_err_pkt: 12
16     packet: packet ERROR!!! accumulated num_err_pkt: 13
17     packet: packet correct. accumulated num_err_pkt: 13
18     packet: packet correct. accumulated num_err_pkt: 13
19     packet: packet ERROR!!! accumulated num_err_pkt: 14
20     packet: packet ERROR!!! accumulated num_err_pkt: 15
21     packet: packet ERROR!!! accumulated num_err_pkt: 16
22     packet: packet ERROR!!! accumulated num_err_pkt: 17
23     packet: packet correct. accumulated num_err_pkt: 17
24     packet: packet ERROR!!! accumulated num_err_pkt: 18
25     packet: packet ERROR!!! accumulated num_err_pkt: 19
26     packet: packet ERROR!!! accumulated num_err_pkt: 20
27     packet: packet ERROR!!! accumulated num_err_pkt: 21
28     packet: packet correct. accumulated num_err_pkt: 21
29     packet: packet ERROR!!! accumulated num_err_pkt: 22
30     packet: packet ERROR!!! accumulated num_err_pkt: 23
31     packet: packet correct. accumulated num_err_pkt: 23
32     packet: packet ERROR!!! accumulated num_err_pkt: 24
33     packet: packet correct. accumulated num_err_pkt: 24
34     packet: packet correct. accumulated num_err_pkt: 24
35     packet: packet correct. accumulated num_err_pkt: 24
36     packet: packet correct. accumulated num_err_pkt: 24
37     packet: packet ERROR!!! accumulated num_err_pkt: 25
38     packet: packet correct. accumulated num_err_pkt: 25
39     packet: packet ERROR!!! accumulated num_err_pkt: 26
40     packet: packet ERROR!!! accumulated num_err_pkt: 27
41     packet: packet ERROR!!! accumulated num_err_pkt: 28
42     packet: packet ERROR!!! accumulated num_err_pkt: 29
43     packet: packet ERROR!!! accumulated num_err_pkt: 30
44     packet: packet ERROR!!! accumulated num_err_pkt: 31
45     packet: packet ERROR!!! accumulated num_err_pkt: 32
46     packet: packet ERROR!!! accumulated num_err_pkt: 33
47     packet: packet correct. accumulated num_err_pkt: 33
48     packet: packet ERROR!!! accumulated num_err_pkt: 34
49     packet: packet ERROR!!! accumulated num_err_pkt: 35
50     packet: packet correct. accumulated num_err_pkt: 35
51     packet: packet ERROR!!! accumulated num_err_pkt: 36
52     packet: packet ERROR!!! accumulated num_err_pkt: 37
53     packet: packet ERROR!!! accumulated num_err_pkt: 38
54     packet: packet correct. accumulated num_err_pkt: 38
55     packet: packet ERROR!!! accumulated num_err_pkt: 39
56     packet: packet ERROR!!! accumulated num_err_pkt: 40
57     packet: packet ERROR!!! accumulated num_err_pkt: 41
58     packet: packet correct. accumulated num_err_pkt: 41
59     packet: packet correct. accumulated num_err_pkt: 41
60     packet: packet correct. accumulated num_err_pkt: 41
61     packet: packet ERROR!!! accumulated num_err_pkt: 42
62     packet: packet ERROR!!! accumulated num_err_pkt: 43
63     packet: packet ERROR!!! accumulated num_err_pkt: 44
64     packet: packet ERROR!!! accumulated num_err_pkt: 45
65     packet: packet correct. accumulated num_err_pkt: 45
66     packet: packet ERROR!!! accumulated num_err_pkt: 46
67     packet: packet ERROR!!! accumulated num_err_pkt: 47
68     packet: packet correct. accumulated num_err_pkt: 47
69     packet: packet ERROR!!! accumulated num_err_pkt: 48
70     packet: packet ERROR!!! accumulated num_err_pkt: 49
71     packet: packet ERROR!!! accumulated num_err_pkt: 50
72     packet: packet ERROR!!! accumulated num_err_pkt: 51
73     packet: packet correct. accumulated num_err_pkt: 51
74     packet: packet correct. accumulated num_err_pkt: 51
75     packet: packet ERROR!!! accumulated num_err_pkt: 52
76     packet: packet ERROR!!! accumulated num_err_pkt: 53
77     packet: packet ERROR!!! accumulated num_err_pkt: 54
78     packet: packet ERROR!!! accumulated num_err_pkt: 55
79     packet: packet correct. accumulated num_err_pkt: 55
80     packet: packet correct. accumulated num_err_pkt: 55
81     packet: packet ERROR!!! accumulated num_err_pkt: 56
82     packet: packet ERROR!!! accumulated num_err_pkt: 57
83     packet: packet ERROR!!! accumulated num_err_pkt: 58
84     packet: packet ERROR!!! accumulated num_err_pkt: 59
85     packet: packet ERROR!!! accumulated num_err_pkt: 60
86     packet: packet ERROR!!! accumulated num_err_pkt: 61
87     packet: packet ERROR!!! accumulated num_err_pkt: 62
88     packet: packet ERROR!!! accumulated num_err_pkt: 63
89     packet: packet ERROR!!! accumulated num_err_pkt: 64
90     packet: packet ERROR!!! accumulated num_err_pkt: 65
91     packet: packet correct. accumulated num_err_pkt: 65
92     packet: packet ERROR!!! accumulated num_err_pkt: 66
93     packet: packet ERROR!!! accumulated num_err_pkt: 67
94     packet: packet correct. accumulated num_err_pkt: 67
95     packet: packet ERROR!!! accumulated num_err_pkt: 68
96     packet: packet correct. accumulated num_err_pkt: 68
97     packet: packet ERROR!!! accumulated num_err_pkt: 69
98     packet: packet ERROR!!! accumulated num_err_pkt: 70
99     packet: packet ERROR!!! accumulated num_err_pkt: 71
SNR: 4
BER: 0.205247, error_bits: 399, total_bits: 1944
CER: 0.0296, error_codewords: 148, total_codewords: 5000
PER: 0.71, error_packets: 71, total_packets: 100

execution time: 29.87 seconds
snr = 4.5
code_rate = 1/2, qam_bit = 2, n_cw_to_sim = 1, cw_factor = 50
n_ss = 4, QAM = 4, path_num = 1
0     packet: packet correct. accumulated num_err_pkt: 0
1     packet: packet ERROR!!! accumulated num_err_pkt: 1
2     packet: packet correct. accumulated num_err_pkt: 1
3     packet: packet correct. accumulated num_err_pkt: 1
4     packet: packet correct. accumulated num_err_pkt: 1
5     packet: packet ERROR!!! accumulated num_err_pkt: 2
6     packet: packet correct. accumulated num_err_pkt: 2
7     packet: packet correct. accumulated num_err_pkt: 2
8     packet: packet correct. accumulated num_err_pkt: 2
9     packet: packet ERROR!!! accumulated num_err_pkt: 3
10     packet: packet correct. accumulated num_err_pkt: 3
11     packet: packet correct. accumulated num_err_pkt: 3
12     packet: packet ERROR!!! accumulated num_err_pkt: 4
13     packet: packet correct. accumulated num_err_pkt: 4
14     packet: packet ERROR!!! accumulated num_err_pkt: 5
15     packet: packet ERROR!!! accumulated num_err_pkt: 6
16     packet: packet correct. accumulated num_err_pkt: 6
17     packet: packet correct. accumulated num_err_pkt: 6
18     packet: packet correct. accumulated num_err_pkt: 6
19     packet: packet correct. accumulated num_err_pkt: 6
20     packet: packet correct. accumulated num_err_pkt: 6
21     packet: packet correct. accumulated num_err_pkt: 6
22     packet: packet correct. accumulated num_err_pkt: 6
23     packet: packet correct. accumulated num_err_pkt: 6
24     packet: packet correct. accumulated num_err_pkt: 6
25     packet: packet correct. accumulated num_err_pkt: 6
26     packet: packet correct. accumulated num_err_pkt: 6
27     packet: packet correct. accumulated num_err_pkt: 6
28     packet: packet correct. accumulated num_err_pkt: 6
29     packet: packet correct. accumulated num_err_pkt: 6
30     packet: packet correct. accumulated num_err_pkt: 6
31     packet: packet correct. accumulated num_err_pkt: 6
32     packet: packet correct. accumulated num_err_pkt: 6
33     packet: packet correct. accumulated num_err_pkt: 6
34     packet: packet correct. accumulated num_err_pkt: 6
35     packet: packet correct. accumulated num_err_pkt: 6
36     packet: packet correct. accumulated num_err_pkt: 6
37     packet: packet ERROR!!! accumulated num_err_pkt: 7
38     packet: packet correct. accumulated num_err_pkt: 7
39     packet: packet correct. accumulated num_err_pkt: 7
40     packet: packet correct. accumulated num_err_pkt: 7
41     packet: packet correct. accumulated num_err_pkt: 7
42     packet: packet correct. accumulated num_err_pkt: 7
43     packet: packet ERROR!!! accumulated num_err_pkt: 8
44     packet: packet correct. accumulated num_err_pkt: 8
45     packet: packet correct. accumulated num_err_pkt: 8
46     packet: packet ERROR!!! accumulated num_err_pkt: 9
47     packet: packet correct. accumulated num_err_pkt: 9
48     packet: packet correct. accumulated num_err_pkt: 9
49     packet: packet correct. accumulated num_err_pkt: 9
50     packet: packet correct. accumulated num_err_pkt: 9
51     packet: packet correct. accumulated num_err_pkt: 9
52     packet: packet correct. accumulated num_err_pkt: 9
53     packet: packet ERROR!!! accumulated num_err_pkt: 10
54     packet: packet correct. accumulated num_err_pkt: 10
55     packet: packet correct. accumulated num_err_pkt: 10
56     packet: packet ERROR!!! accumulated num_err_pkt: 11
57     packet: packet correct. accumulated num_err_pkt: 11
58     packet: packet correct. accumulated num_err_pkt: 11
59     packet: packet correct. accumulated num_err_pkt: 11
60     packet: packet correct. accumulated num_err_pkt: 11
61     packet: packet ERROR!!! accumulated num_err_pkt: 12
62     packet: packet correct. accumulated num_err_pkt: 12
63     packet: packet ERROR!!! accumulated num_err_pkt: 13
64     packet: packet ERROR!!! accumulated num_err_pkt: 14
65     packet: packet correct. accumulated num_err_pkt: 14
66     packet: packet correct. accumulated num_err_pkt: 14
67     packet: packet ERROR!!! accumulated num_err_pkt: 15
68     packet: packet correct. accumulated num_err_pkt: 15
69     packet: packet ERROR!!! accumulated num_err_pkt: 16
70     packet: packet correct. accumulated num_err_pkt: 16
71     packet: packet correct. accumulated num_err_pkt: 16
72     packet: packet ERROR!!! accumulated num_err_pkt: 17
73     packet: packet correct. accumulated num_err_pkt: 17
74     packet: packet correct. accumulated num_err_pkt: 17
75     packet: packet correct. accumulated num_err_pkt: 17
76     packet: packet ERROR!!! accumulated num_err_pkt: 18
77     packet: packet correct. accumulated num_err_pkt: 18
78     packet: packet correct. accumulated num_err_pkt: 18
79     packet: packet correct. accumulated num_err_pkt: 18
80     packet: packet correct. accumulated num_err_pkt: 18
81     packet: packet correct. accumulated num_err_pkt: 18
82     packet: packet ERROR!!! accumulated num_err_pkt: 19
83     packet: packet ERROR!!! accumulated num_err_pkt: 20
84     packet: packet ERROR!!! accumulated num_err_pkt: 21
85     packet: packet correct. accumulated num_err_pkt: 21
86     packet: packet ERROR!!! accumulated num_err_pkt: 22
87     packet: packet correct. accumulated num_err_pkt: 22
88     packet: packet correct. accumulated num_err_pkt: 22
89     packet: packet correct. accumulated num_err_pkt: 22
90     packet: packet correct. accumulated num_err_pkt: 22
91     packet: packet correct. accumulated num_err_pkt: 22
92     packet: packet ERROR!!! accumulated num_err_pkt: 23
93     packet: packet correct. accumulated num_err_pkt: 23
94     packet: packet correct. accumulated num_err_pkt: 23
95     packet: packet correct. accumulated num_err_pkt: 23
96     packet: packet correct. accumulated num_err_pkt: 23
97     packet: packet correct. accumulated num_err_pkt: 23
98     packet: packet ERROR!!! accumulated num_err_pkt: 24
99     packet: packet ERROR!!! accumulated num_err_pkt: 25
SNR: 4.5
BER: 0.037037, error_bits: 72, total_bits: 1944
CER: 0.0058, error_codewords: 29, total_codewords: 5000
PER: 0.25, error_packets: 25, total_packets: 100

execution time: 25.195 seconds
snr = 5
code_rate = 1/2, qam_bit = 2, n_cw_to_sim = 1, cw_factor = 50
n_ss = 4, QAM = 4, path_num = 1
0     packet: packet correct. accumulated num_err_pkt: 0
1     packet: packet ERROR!!! accumulated num_err_pkt: 1
2     packet: packet correct. accumulated num_err_pkt: 1
3     packet: packet correct. accumulated num_err_pkt: 1
4     packet: packet correct. accumulated num_err_pkt: 1
5     packet: packet correct. accumulated num_err_pkt: 1
6     packet: packet correct. accumulated num_err_pkt: 1
7     packet: packet correct. accumulated num_err_pkt: 1
8     packet: packet correct. accumulated num_err_pkt: 1
9     packet: packet correct. accumulated num_err_pkt: 1
10     packet: packet correct. accumulated num_err_pkt: 1
11     packet: packet correct. accumulated num_err_pkt: 1
12     packet: packet ERROR!!! accumulated num_err_pkt: 2
13     packet: packet correct. accumulated num_err_pkt: 2
14     packet: packet correct. accumulated num_err_pkt: 2
15     packet: packet correct. accumulated num_err_pkt: 2
16     packet: packet correct. accumulated num_err_pkt: 2
17     packet: packet correct. accumulated num_err_pkt: 2
18     packet: packet correct. accumulated num_err_pkt: 2
19     packet: packet correct. accumulated num_err_pkt: 2
20     packet: packet correct. accumulated num_err_pkt: 2
21     packet: packet correct. accumulated num_err_pkt: 2
22     packet: packet correct. accumulated num_err_pkt: 2
23     packet: packet correct. accumulated num_err_pkt: 2
24     packet: packet correct. accumulated num_err_pkt: 2
25     packet: packet correct. accumulated num_err_pkt: 2
26     packet: packet correct. accumulated num_err_pkt: 2
27     packet: packet correct. accumulated num_err_pkt: 2
28     packet: packet correct. accumulated num_err_pkt: 2
29     packet: packet correct. accumulated num_err_pkt: 2
30     packet: packet correct. accumulated num_err_pkt: 2
31     packet: packet correct. accumulated num_err_pkt: 2
32     packet: packet correct. accumulated num_err_pkt: 2
33     packet: packet correct. accumulated num_err_pkt: 2
34     packet: packet correct. accumulated num_err_pkt: 2
35     packet: packet correct. accumulated num_err_pkt: 2
36     packet: packet correct. accumulated num_err_pkt: 2
37     packet: packet correct. accumulated num_err_pkt: 2
38     packet: packet correct. accumulated num_err_pkt: 2
39     packet: packet correct. accumulated num_err_pkt: 2
40     packet: packet correct. accumulated num_err_pkt: 2
41     packet: packet correct. accumulated num_err_pkt: 2
42     packet: packet correct. accumulated num_err_pkt: 2
43     packet: packet correct. accumulated num_err_pkt: 2
44     packet: packet correct. accumulated num_err_pkt: 2
45     packet: packet correct. accumulated num_err_pkt: 2
46     packet: packet correct. accumulated num_err_pkt: 2
47     packet: packet correct. accumulated num_err_pkt: 2
48     packet: packet correct. accumulated num_err_pkt: 2
49     packet: packet correct. accumulated num_err_pkt: 2
50     packet: packet correct. accumulated num_err_pkt: 2
51     packet: packet correct. accumulated num_err_pkt: 2
52     packet: packet correct. accumulated num_err_pkt: 2
53     packet: packet correct. accumulated num_err_pkt: 2
54     packet: packet correct. accumulated num_err_pkt: 2
55     packet: packet correct. accumulated num_err_pkt: 2
56     packet: packet correct. accumulated num_err_pkt: 2
57     packet: packet correct. accumulated num_err_pkt: 2
58     packet: packet correct. accumulated num_err_pkt: 2
59     packet: packet correct. accumulated num_err_pkt: 2
60     packet: packet correct. accumulated num_err_pkt: 2
61     packet: packet correct. accumulated num_err_pkt: 2
62     packet: packet correct. accumulated num_err_pkt: 2
63     packet: packet ERROR!!! accumulated num_err_pkt: 3
64     packet: packet correct. accumulated num_err_pkt: 3
65     packet: packet correct. accumulated num_err_pkt: 3
66     packet: packet correct. accumulated num_err_pkt: 3
67     packet: packet correct. accumulated num_err_pkt: 3
68     packet: packet correct. accumulated num_err_pkt: 3
69     packet: packet correct. accumulated num_err_pkt: 3
70     packet: packet correct. accumulated num_err_pkt: 3
71     packet: packet correct. accumulated num_err_pkt: 3
72     packet: packet correct. accumulated num_err_pkt: 3
73     packet: packet correct. accumulated num_err_pkt: 3
74     packet: packet correct. accumulated num_err_pkt: 3
75     packet: packet correct. accumulated num_err_pkt: 3
76     packet: packet ERROR!!! accumulated num_err_pkt: 4
77     packet: packet correct. accumulated num_err_pkt: 4
78     packet: packet correct. accumulated num_err_pkt: 4
79     packet: packet correct. accumulated num_err_pkt: 4
80     packet: packet correct. accumulated num_err_pkt: 4
81     packet: packet correct. accumulated num_err_pkt: 4
82     packet: packet ERROR!!! accumulated num_err_pkt: 5
83     packet: packet correct. accumulated num_err_pkt: 5
84     packet: packet ERROR!!! accumulated num_err_pkt: 6
85     packet: packet correct. accumulated num_err_pkt: 6
86     packet: packet correct. accumulated num_err_pkt: 6
87     packet: packet correct. accumulated num_err_pkt: 6
88     packet: packet correct. accumulated num_err_pkt: 6
89     packet: packet correct. accumulated num_err_pkt: 6
90     packet: packet correct. accumulated num_err_pkt: 6
91     packet: packet correct. accumulated num_err_pkt: 6
92     packet: packet correct. accumulated num_err_pkt: 6
93     packet: packet correct. accumulated num_err_pkt: 6
94     packet: packet correct. accumulated num_err_pkt: 6
95     packet: packet correct. accumulated num_err_pkt: 6
96     packet: packet correct. accumulated num_err_pkt: 6
97     packet: packet correct. accumulated num_err_pkt: 6
98     packet: packet correct. accumulated num_err_pkt: 6
99     packet: packet correct. accumulated num_err_pkt: 6
SNR: 5
BER: 0.00617284, error_bits: 12, total_bits: 1944
CER: 0.0014, error_codewords: 7, total_codewords: 5000
PER: 0.06, error_packets: 6, total_packets: 100

execution time: 22.475 seconds
snr = 5.5
code_rate = 1/2, qam_bit = 2, n_cw_to_sim = 1, cw_factor = 50
n_ss = 4, QAM = 4, path_num = 1
0     packet: packet correct. accumulated num_err_pkt: 0
1     packet: packet correct. accumulated num_err_pkt: 0
2     packet: packet correct. accumulated num_err_pkt: 0
3     packet: packet correct. accumulated num_err_pkt: 0
4     packet: packet correct. accumulated num_err_pkt: 0
5     packet: packet correct. accumulated num_err_pkt: 0
6     packet: packet correct. accumulated num_err_pkt: 0
7     packet: packet correct. accumulated num_err_pkt: 0
8     packet: packet correct. accumulated num_err_pkt: 0
9     packet: packet correct. accumulated num_err_pkt: 0
10     packet: packet correct. accumulated num_err_pkt: 0
11     packet: packet correct. accumulated num_err_pkt: 0
12     packet: packet correct. accumulated num_err_pkt: 0
13     packet: packet correct. accumulated num_err_pkt: 0
14     packet: packet correct. accumulated num_err_pkt: 0
15     packet: packet correct. accumulated num_err_pkt: 0
16     packet: packet correct. accumulated num_err_pkt: 0
17     packet: packet correct. accumulated num_err_pkt: 0
18     packet: packet correct. accumulated num_err_pkt: 0
19     packet: packet correct. accumulated num_err_pkt: 0
20     packet: packet correct. accumulated num_err_pkt: 0
21     packet: packet correct. accumulated num_err_pkt: 0
22     packet: packet correct. accumulated num_err_pkt: 0
23     packet: packet correct. accumulated num_err_pkt: 0
24     packet: packet correct. accumulated num_err_pkt: 0
25     packet: packet correct. accumulated num_err_pkt: 0
26     packet: packet correct. accumulated num_err_pkt: 0
27     packet: packet correct. accumulated num_err_pkt: 0
28     packet: packet correct. accumulated num_err_pkt: 0
29     packet: packet correct. accumulated num_err_pkt: 0
30     packet: packet correct. accumulated num_err_pkt: 0
31     packet: packet correct. accumulated num_err_pkt: 0
32     packet: packet correct. accumulated num_err_pkt: 0
33     packet: packet correct. accumulated num_err_pkt: 0
34     packet: packet correct. accumulated num_err_pkt: 0
35     packet: packet correct. accumulated num_err_pkt: 0
36     packet: packet correct. accumulated num_err_pkt: 0
37     packet: packet correct. accumulated num_err_pkt: 0
38     packet: packet correct. accumulated num_err_pkt: 0
39     packet: packet correct. accumulated num_err_pkt: 0
40     packet: packet correct. accumulated num_err_pkt: 0
41     packet: packet correct. accumulated num_err_pkt: 0
42     packet: packet correct. accumulated num_err_pkt: 0
43     packet: packet correct. accumulated num_err_pkt: 0
44     packet: packet correct. accumulated num_err_pkt: 0
45     packet: packet correct. accumulated num_err_pkt: 0
46     packet: packet correct. accumulated num_err_pkt: 0
47     packet: packet correct. accumulated num_err_pkt: 0
48     packet: packet correct. accumulated num_err_pkt: 0
49     packet: packet correct. accumulated num_err_pkt: 0
50     packet: packet correct. accumulated num_err_pkt: 0
51     packet: packet correct. accumulated num_err_pkt: 0
52     packet: packet correct. accumulated num_err_pkt: 0
53     packet: packet correct. accumulated num_err_pkt: 0
54     packet: packet correct. accumulated num_err_pkt: 0
55     packet: packet correct. accumulated num_err_pkt: 0
56     packet: packet correct. accumulated num_err_pkt: 0
57     packet: packet correct. accumulated num_err_pkt: 0
58     packet: packet correct. accumulated num_err_pkt: 0
59     packet: packet correct. accumulated num_err_pkt: 0
60     packet: packet correct. accumulated num_err_pkt: 0
61     packet: packet correct. accumulated num_err_pkt: 0
62     packet: packet correct. accumulated num_err_pkt: 0
63     packet: packet correct. accumulated num_err_pkt: 0
64     packet: packet correct. accumulated num_err_pkt: 0
65     packet: packet correct. accumulated num_err_pkt: 0
66     packet: packet correct. accumulated num_err_pkt: 0
67     packet: packet correct. accumulated num_err_pkt: 0
68     packet: packet correct. accumulated num_err_pkt: 0
69     packet: packet correct. accumulated num_err_pkt: 0
70     packet: packet correct. accumulated num_err_pkt: 0
71     packet: packet correct. accumulated num_err_pkt: 0
72     packet: packet correct. accumulated num_err_pkt: 0
73     packet: packet correct. accumulated num_err_pkt: 0
74     packet: packet correct. accumulated num_err_pkt: 0
75     packet: packet correct. accumulated num_err_pkt: 0
76     packet: packet ERROR!!! accumulated num_err_pkt: 1
77     packet: packet correct. accumulated num_err_pkt: 1
78     packet: packet correct. accumulated num_err_pkt: 1
79     packet: packet correct. accumulated num_err_pkt: 1
80     packet: packet correct. accumulated num_err_pkt: 1
81     packet: packet correct. accumulated num_err_pkt: 1
82     packet: packet ERROR!!! accumulated num_err_pkt: 2
83     packet: packet correct. accumulated num_err_pkt: 2
84     packet: packet correct. accumulated num_err_pkt: 2
85     packet: packet correct. accumulated num_err_pkt: 2
86     packet: packet correct. accumulated num_err_pkt: 2
87     packet: packet correct. accumulated num_err_pkt: 2
88     packet: packet correct. accumulated num_err_pkt: 2
89     packet: packet correct. accumulated num_err_pkt: 2
90     packet: packet correct. accumulated num_err_pkt: 2
91     packet: packet correct. accumulated num_err_pkt: 2
92     packet: packet correct. accumulated num_err_pkt: 2
93     packet: packet correct. accumulated num_err_pkt: 2
94     packet: packet correct. accumulated num_err_pkt: 2
95     packet: packet correct. accumulated num_err_pkt: 2
96     packet: packet correct. accumulated num_err_pkt: 2
97     packet: packet correct. accumulated num_err_pkt: 2
98     packet: packet correct. accumulated num_err_pkt: 2
99     packet: packet correct. accumulated num_err_pkt: 2
SNR: 5.5
BER: 0.00102881, error_bits: 2, total_bits: 1944
CER: 0.0004, error_codewords: 2, total_codewords: 5000
PER: 0.02, error_packets: 2, total_packets: 100

execution time: 21.982 seconds
snr = 6
code_rate = 1/2, qam_bit = 2, n_cw_to_sim = 1, cw_factor = 50
n_ss = 4, QAM = 4, path_num = 1
0     packet: packet correct. accumulated num_err_pkt: 0
1     packet: packet correct. accumulated num_err_pkt: 0
2     packet: packet correct. accumulated num_err_pkt: 0
3     packet: packet correct. accumulated num_err_pkt: 0
4     packet: packet correct. accumulated num_err_pkt: 0
5     packet: packet correct. accumulated num_err_pkt: 0
6     packet: packet correct. accumulated num_err_pkt: 0
7     packet: packet correct. accumulated num_err_pkt: 0
8     packet: packet correct. accumulated num_err_pkt: 0
9     packet: packet correct. accumulated num_err_pkt: 0
10     packet: packet correct. accumulated num_err_pkt: 0
11     packet: packet correct. accumulated num_err_pkt: 0
12     packet: packet correct. accumulated num_err_pkt: 0
13     packet: packet correct. accumulated num_err_pkt: 0
14     packet: packet correct. accumulated num_err_pkt: 0
15     packet: packet correct. accumulated num_err_pkt: 0
16     packet: packet correct. accumulated num_err_pkt: 0
17     packet: packet correct. accumulated num_err_pkt: 0
18     packet: packet correct. accumulated num_err_pkt: 0
19     packet: packet correct. accumulated num_err_pkt: 0
20     packet: packet correct. accumulated num_err_pkt: 0
21     packet: packet correct. accumulated num_err_pkt: 0
22     packet: packet correct. accumulated num_err_pkt: 0
23     packet: packet correct. accumulated num_err_pkt: 0
24     packet: packet correct. accumulated num_err_pkt: 0
25     packet: packet correct. accumulated num_err_pkt: 0
26     packet: packet correct. accumulated num_err_pkt: 0
27     packet: packet correct. accumulated num_err_pkt: 0
28     packet: packet correct. accumulated num_err_pkt: 0
29     packet: packet correct. accumulated num_err_pkt: 0
30     packet: packet correct. accumulated num_err_pkt: 0
31     packet: packet correct. accumulated num_err_pkt: 0
32     packet: packet correct. accumulated num_err_pkt: 0
33     packet: packet correct. accumulated num_err_pkt: 0
34     packet: packet correct. accumulated num_err_pkt: 0
35     packet: packet correct. accumulated num_err_pkt: 0
36     packet: packet correct. accumulated num_err_pkt: 0
37     packet: packet correct. accumulated num_err_pkt: 0
38     packet: packet correct. accumulated num_err_pkt: 0
39     packet: packet correct. accumulated num_err_pkt: 0
40     packet: packet correct. accumulated num_err_pkt: 0
41     packet: packet correct. accumulated num_err_pkt: 0
42     packet: packet correct. accumulated num_err_pkt: 0
43     packet: packet correct. accumulated num_err_pkt: 0
44     packet: packet correct. accumulated num_err_pkt: 0
45     packet: packet correct. accumulated num_err_pkt: 0
46     packet: packet correct. accumulated num_err_pkt: 0
47     packet: packet correct. accumulated num_err_pkt: 0
48     packet: packet correct. accumulated num_err_pkt: 0
49     packet: packet correct. accumulated num_err_pkt: 0
50     packet: packet correct. accumulated num_err_pkt: 0
51     packet: packet correct. accumulated num_err_pkt: 0
52     packet: packet correct. accumulated num_err_pkt: 0
53     packet: packet correct. accumulated num_err_pkt: 0
54     packet: packet correct. accumulated num_err_pkt: 0
55     packet: packet correct. accumulated num_err_pkt: 0
56     packet: packet correct. accumulated num_err_pkt: 0
57     packet: packet correct. accumulated num_err_pkt: 0
58     packet: packet correct. accumulated num_err_pkt: 0
59     packet: packet correct. accumulated num_err_pkt: 0
60     packet: packet correct. accumulated num_err_pkt: 0
61     packet: packet correct. accumulated num_err_pkt: 0
62     packet: packet correct. accumulated num_err_pkt: 0
63     packet: packet correct. accumulated num_err_pkt: 0
64     packet: packet correct. accumulated num_err_pkt: 0
65     packet: packet correct. accumulated num_err_pkt: 0
66     packet: packet correct. accumulated num_err_pkt: 0
67     packet: packet correct. accumulated num_err_pkt: 0
68     packet: packet correct. accumulated num_err_pkt: 0
69     packet: packet correct. accumulated num_err_pkt: 0
70     packet: packet correct. accumulated num_err_pkt: 0
71     packet: packet correct. accumulated num_err_pkt: 0
72     packet: packet correct. accumulated num_err_pkt: 0
73     packet: packet correct. accumulated num_err_pkt: 0
74     packet: packet correct. accumulated num_err_pkt: 0
75     packet: packet correct. accumulated num_err_pkt: 0
76     packet: packet correct. accumulated num_err_pkt: 0
77     packet: packet correct. accumulated num_err_pkt: 0
78     packet: packet correct. accumulated num_err_pkt: 0
79     packet: packet correct. accumulated num_err_pkt: 0
80     packet: packet correct. accumulated num_err_pkt: 0
81     packet: packet correct. accumulated num_err_pkt: 0
82     packet: packet correct. accumulated num_err_pkt: 0
83     packet: packet correct. accumulated num_err_pkt: 0
84     packet: packet correct. accumulated num_err_pkt: 0
85     packet: packet correct. accumulated num_err_pkt: 0
86     packet: packet correct. accumulated num_err_pkt: 0
87     packet: packet correct. accumulated num_err_pkt: 0
88     packet: packet correct. accumulated num_err_pkt: 0
89     packet: packet correct. accumulated num_err_pkt: 0
90     packet: packet correct. accumulated num_err_pkt: 0
91     packet: packet correct. accumulated num_err_pkt: 0
92     packet: packet correct. accumulated num_err_pkt: 0
93     packet: packet correct. accumulated num_err_pkt: 0
94     packet: packet correct. accumulated num_err_pkt: 0
95     packet: packet correct. accumulated num_err_pkt: 0
96     packet: packet correct. accumulated num_err_pkt: 0
97     packet: packet correct. accumulated num_err_pkt: 0
98     packet: packet correct. accumulated num_err_pkt: 0
99     packet: packet correct. accumulated num_err_pkt: 0
SNR: 6
BER: 0, error_bits: 0, total_bits: 1944
CER: 0, error_codewords: 0, total_codewords: 5000
PER: 0, error_packets: 0, total_packets: 100

execution time: 21.885 seconds
snr = 6.5
code_rate = 1/2, qam_bit = 2, n_cw_to_sim = 1, cw_factor = 50
n_ss = 4, QAM = 4, path_num = 1
0     packet: packet correct. accumulated num_err_pkt: 0
1     packet: packet correct. accumulated num_err_pkt: 0
2     packet: packet correct. accumulated num_err_pkt: 0
3     packet: packet correct. accumulated num_err_pkt: 0
4     packet: packet correct. accumulated num_err_pkt: 0
5     packet: packet correct. accumulated num_err_pkt: 0
6     packet: packet correct. accumulated num_err_pkt: 0
7     packet: packet correct. accumulated num_err_pkt: 0
8     packet: packet correct. accumulated num_err_pkt: 0
9     packet: packet correct. accumulated num_err_pkt: 0
10     packet: packet correct. accumulated num_err_pkt: 0
11     packet: packet correct. accumulated num_err_pkt: 0
12     packet: packet correct. accumulated num_err_pkt: 0
13     packet: packet correct. accumulated num_err_pkt: 0
14     packet: packet correct. accumulated num_err_pkt: 0
15     packet: packet correct. accumulated num_err_pkt: 0
16     packet: packet correct. accumulated num_err_pkt: 0
17     packet: packet correct. accumulated num_err_pkt: 0
18     packet: packet correct. accumulated num_err_pkt: 0
19     packet: packet correct. accumulated num_err_pkt: 0
20     packet: packet correct. accumulated num_err_pkt: 0
21     packet: packet correct. accumulated num_err_pkt: 0
22     packet: packet correct. accumulated num_err_pkt: 0
23     packet: packet correct. accumulated num_err_pkt: 0
24     packet: packet correct. accumulated num_err_pkt: 0
25     packet: packet correct. accumulated num_err_pkt: 0
26     packet: packet correct. accumulated num_err_pkt: 0
27     packet: packet correct. accumulated num_err_pkt: 0
28     packet: packet correct. accumulated num_err_pkt: 0
29     packet: packet correct. accumulated num_err_pkt: 0
30     packet: packet correct. accumulated num_err_pkt: 0
31     packet: packet correct. accumulated num_err_pkt: 0
32     packet: packet correct. accumulated num_err_pkt: 0
33     packet: packet correct. accumulated num_err_pkt: 0
34     packet: packet correct. accumulated num_err_pkt: 0
35     packet: packet correct. accumulated num_err_pkt: 0
36     packet: packet correct. accumulated num_err_pkt: 0
37     packet: packet correct. accumulated num_err_pkt: 0
38     packet: packet correct. accumulated num_err_pkt: 0
39     packet: packet correct. accumulated num_err_pkt: 0
40     packet: packet correct. accumulated num_err_pkt: 0
41     packet: packet correct. accumulated num_err_pkt: 0
42     packet: packet correct. accumulated num_err_pkt: 0
43     packet: packet correct. accumulated num_err_pkt: 0
44     packet: packet correct. accumulated num_err_pkt: 0
45     packet: packet correct. accumulated num_err_pkt: 0
46     packet: packet correct. accumulated num_err_pkt: 0
47     packet: packet correct. accumulated num_err_pkt: 0
48     packet: packet correct. accumulated num_err_pkt: 0
49     packet: packet correct. accumulated num_err_pkt: 0
50     packet: packet correct. accumulated num_err_pkt: 0
51     packet: packet correct. accumulated num_err_pkt: 0
52     packet: packet correct. accumulated num_err_pkt: 0
53     packet: packet correct. accumulated num_err_pkt: 0
54     packet: packet correct. accumulated num_err_pkt: 0
55     packet: packet correct. accumulated num_err_pkt: 0
56     packet: packet correct. accumulated num_err_pkt: 0
57     packet: packet correct. accumulated num_err_pkt: 0
58     packet: packet correct. accumulated num_err_pkt: 0
59     packet: packet correct. accumulated num_err_pkt: 0
60     packet: packet correct. accumulated num_err_pkt: 0
61     packet: packet correct. accumulated num_err_pkt: 0
62     packet: packet correct. accumulated num_err_pkt: 0
63     packet: packet correct. accumulated num_err_pkt: 0
64     packet: packet correct. accumulated num_err_pkt: 0
65     packet: packet correct. accumulated num_err_pkt: 0
66     packet: packet correct. accumulated num_err_pkt: 0
67     packet: packet correct. accumulated num_err_pkt: 0
68     packet: packet correct. accumulated num_err_pkt: 0
69     packet: packet correct. accumulated num_err_pkt: 0
70     packet: packet correct. accumulated num_err_pkt: 0
71     packet: packet correct. accumulated num_err_pkt: 0
72     packet: packet correct. accumulated num_err_pkt: 0
73     packet: packet correct. accumulated num_err_pkt: 0
74     packet: packet correct. accumulated num_err_pkt: 0
75     packet: packet correct. accumulated num_err_pkt: 0
76     packet: packet correct. accumulated num_err_pkt: 0
77     packet: packet correct. accumulated num_err_pkt: 0
78     packet: packet correct. accumulated num_err_pkt: 0
79     packet: packet correct. accumulated num_err_pkt: 0
80     packet: packet correct. accumulated num_err_pkt: 0
81     packet: packet correct. accumulated num_err_pkt: 0
82     packet: packet correct. accumulated num_err_pkt: 0
83     packet: packet correct. accumulated num_err_pkt: 0
84     packet: packet correct. accumulated num_err_pkt: 0
85     packet: packet correct. accumulated num_err_pkt: 0
86     packet: packet correct. accumulated num_err_pkt: 0
87     packet: packet correct. accumulated num_err_pkt: 0
88     packet: packet correct. accumulated num_err_pkt: 0
89     packet: packet correct. accumulated num_err_pkt: 0
90     packet: packet correct. accumulated num_err_pkt: 0
91     packet: packet correct. accumulated num_err_pkt: 0
92     packet: packet correct. accumulated num_err_pkt: 0
93     packet: packet correct. accumulated num_err_pkt: 0
94     packet: packet correct. accumulated num_err_pkt: 0
95     packet: packet correct. accumulated num_err_pkt: 0
96     packet: packet correct. accumulated num_err_pkt: 0
97     packet: packet correct. accumulated num_err_pkt: 0
98     packet: packet correct. accumulated num_err_pkt: 0
99     packet: packet correct. accumulated num_err_pkt: 0
SNR: 6.5
BER: 0, error_bits: 0, total_bits: 1944
CER: 0, error_codewords: 0, total_codewords: 5000
PER: 0, error_packets: 0, total_packets: 100

execution time: 21.781 seconds
snr = 7
code_rate = 1/2, qam_bit = 2, n_cw_to_sim = 1, cw_factor = 50
n_ss = 4, QAM = 4, path_num = 1
0     packet: packet correct. accumulated num_err_pkt: 0
1     packet: packet correct. accumulated num_err_pkt: 0
2     packet: packet correct. accumulated num_err_pkt: 0
3     packet: packet correct. accumulated num_err_pkt: 0
4     packet: packet correct. accumulated num_err_pkt: 0
5     packet: packet correct. accumulated num_err_pkt: 0
6     packet: packet correct. accumulated num_err_pkt: 0
7     packet: packet correct. accumulated num_err_pkt: 0
8     packet: packet correct. accumulated num_err_pkt: 0
9     packet: packet correct. accumulated num_err_pkt: 0
10     packet: packet correct. accumulated num_err_pkt: 0
11     packet: packet correct. accumulated num_err_pkt: 0
12     packet: packet correct. accumulated num_err_pkt: 0
13     packet: packet correct. accumulated num_err_pkt: 0
14     packet: packet correct. accumulated num_err_pkt: 0
15     packet: packet correct. accumulated num_err_pkt: 0
16     packet: packet correct. accumulated num_err_pkt: 0
17     packet: packet correct. accumulated num_err_pkt: 0
18     packet: packet correct. accumulated num_err_pkt: 0
19     packet: packet correct. accumulated num_err_pkt: 0
20     packet: packet correct. accumulated num_err_pkt: 0
21     packet: packet correct. accumulated num_err_pkt: 0
22     packet: packet correct. accumulated num_err_pkt: 0
23     packet: packet correct. accumulated num_err_pkt: 0
24     packet: packet correct. accumulated num_err_pkt: 0
25     packet: packet correct. accumulated num_err_pkt: 0
26     packet: packet correct. accumulated num_err_pkt: 0
27     packet: packet correct. accumulated num_err_pkt: 0
28     packet: packet correct. accumulated num_err_pkt: 0
29     packet: packet correct. accumulated num_err_pkt: 0
30     packet: packet correct. accumulated num_err_pkt: 0
31     packet: packet correct. accumulated num_err_pkt: 0
32     packet: packet correct. accumulated num_err_pkt: 0
33     packet: packet correct. accumulated num_err_pkt: 0
34     packet: packet correct. accumulated num_err_pkt: 0
35     packet: packet correct. accumulated num_err_pkt: 0
36     packet: packet correct. accumulated num_err_pkt: 0
37     packet: packet correct. accumulated num_err_pkt: 0
38     packet: packet correct. accumulated num_err_pkt: 0
39     packet: packet correct. accumulated num_err_pkt: 0
40     packet: packet correct. accumulated num_err_pkt: 0
41     packet: packet correct. accumulated num_err_pkt: 0
42     packet: packet correct. accumulated num_err_pkt: 0
43     packet: packet correct. accumulated num_err_pkt: 0
44     packet: packet correct. accumulated num_err_pkt: 0
45     packet: packet correct. accumulated num_err_pkt: 0
46     packet: packet correct. accumulated num_err_pkt: 0
47     packet: packet correct. accumulated num_err_pkt: 0
48     packet: packet correct. accumulated num_err_pkt: 0
49     packet: packet correct. accumulated num_err_pkt: 0
50     packet: packet correct. accumulated num_err_pkt: 0
51     packet: packet correct. accumulated num_err_pkt: 0
52     packet: packet correct. accumulated num_err_pkt: 0
53     packet: packet correct. accumulated num_err_pkt: 0
54     packet: packet correct. accumulated num_err_pkt: 0
55     packet: packet correct. accumulated num_err_pkt: 0
56     packet: packet correct. accumulated num_err_pkt: 0
57     packet: packet correct. accumulated num_err_pkt: 0
58     packet: packet correct. accumulated num_err_pkt: 0
59     packet: packet correct. accumulated num_err_pkt: 0
60     packet: packet correct. accumulated num_err_pkt: 0
61     packet: packet correct. accumulated num_err_pkt: 0
62     packet: packet correct. accumulated num_err_pkt: 0
63     packet: packet correct. accumulated num_err_pkt: 0
64     packet: packet correct. accumulated num_err_pkt: 0
65     packet: packet correct. accumulated num_err_pkt: 0
66     packet: packet correct. accumulated num_err_pkt: 0
67     packet: packet correct. accumulated num_err_pkt: 0
68     packet: packet correct. accumulated num_err_pkt: 0
69     packet: packet correct. accumulated num_err_pkt: 0
70     packet: packet correct. accumulated num_err_pkt: 0
71     packet: packet correct. accumulated num_err_pkt: 0
72     packet: packet correct. accumulated num_err_pkt: 0
73     packet: packet correct. accumulated num_err_pkt: 0
74     packet: packet correct. accumulated num_err_pkt: 0
75     packet: packet correct. accumulated num_err_pkt: 0
76     packet: packet correct. accumulated num_err_pkt: 0
77     packet: packet correct. accumulated num_err_pkt: 0
78     packet: packet correct. accumulated num_err_pkt: 0
79     packet: packet correct. accumulated num_err_pkt: 0
80     packet: packet correct. accumulated num_err_pkt: 0
81     packet: packet correct. accumulated num_err_pkt: 0
82     packet: packet correct. accumulated num_err_pkt: 0
83     packet: packet correct. accumulated num_err_pkt: 0
84     packet: packet correct. accumulated num_err_pkt: 0
85     packet: packet correct. accumulated num_err_pkt: 0
86     packet: packet correct. accumulated num_err_pkt: 0
87     packet: packet correct. accumulated num_err_pkt: 0
88     packet: packet correct. accumulated num_err_pkt: 0
89     packet: packet correct. accumulated num_err_pkt: 0
90     packet: packet correct. accumulated num_err_pkt: 0
91     packet: packet correct. accumulated num_err_pkt: 0
92     packet: packet correct. accumulated num_err_pkt: 0
93     packet: packet correct. accumulated num_err_pkt: 0
94     packet: packet correct. accumulated num_err_pkt: 0
95     packet: packet correct. accumulated num_err_pkt: 0
96     packet: packet correct. accumulated num_err_pkt: 0
97     packet: packet correct. accumulated num_err_pkt: 0
98     packet: packet correct. accumulated num_err_pkt: 0
99     packet: packet correct. accumulated num_err_pkt: 0
SNR: 7
BER: 0, error_bits: 0, total_bits: 1944
CER: 0, error_codewords: 0, total_codewords: 5000
PER: 0, error_packets: 0, total_packets: 100

execution time: 21.795 seconds
Unknown argument: 1
Unknown argument: 2
Unknown argument: 7
test end
