snr = 32
code_rate = 3/4, qam_bit = 12, n_cw_to_sim = 2, cw_factor = 25
n_ss = 4, QAM = 4096, path_num = 1
0     packet: packet ERROR!!! accumulated num_err_pkt: 1
1     packet: packet ERROR!!! accumulated num_err_pkt: 2
2     packet: packet ERROR!!! accumulated num_err_pkt: 3
3     packet: packet ERROR!!! accumulated num_err_pkt: 4
4     packet: packet ERROR!!! accumulated num_err_pkt: 5
5     packet: packet ERROR!!! accumulated num_err_pkt: 6
6     packet: packet ERROR!!! accumulated num_err_pkt: 7
7     packet: packet ERROR!!! accumulated num_err_pkt: 8
8     packet: packet ERROR!!! accumulated num_err_pkt: 9
9     packet: packet ERROR!!! accumulated num_err_pkt: 10
10     packet: packet ERROR!!! accumulated num_err_pkt: 11
11     packet: packet ERROR!!! accumulated num_err_pkt: 12
12     packet: packet ERROR!!! accumulated num_err_pkt: 13
13     packet: packet ERROR!!! accumulated num_err_pkt: 14
14     packet: packet ERROR!!! accumulated num_err_pkt: 15
15     packet: packet ERROR!!! accumulated num_err_pkt: 16
16     packet: packet ERROR!!! accumulated num_err_pkt: 17
17     packet: packet ERROR!!! accumulated num_err_pkt: 18
18     packet: packet ERROR!!! accumulated num_err_pkt: 19
19     packet: packet ERROR!!! accumulated num_err_pkt: 20
20     packet: packet ERROR!!! accumulated num_err_pkt: 21
21     packet: packet ERROR!!! accumulated num_err_pkt: 22
22     packet: packet ERROR!!! accumulated num_err_pkt: 23
23     packet: packet ERROR!!! accumulated num_err_pkt: 24
24     packet: packet ERROR!!! accumulated num_err_pkt: 25
25     packet: packet ERROR!!! accumulated num_err_pkt: 26
26     packet: packet ERROR!!! accumulated num_err_pkt: 27
27     packet: packet ERROR!!! accumulated num_err_pkt: 28
28     packet: packet ERROR!!! accumulated num_err_pkt: 29
29     packet: packet ERROR!!! accumulated num_err_pkt: 30
30     packet: packet ERROR!!! accumulated num_err_pkt: 31
31     packet: packet ERROR!!! accumulated num_err_pkt: 32
32     packet: packet ERROR!!! accumulated num_err_pkt: 33
33     packet: packet ERROR!!! accumulated num_err_pkt: 34
34     packet: packet ERROR!!! accumulated num_err_pkt: 35
35     packet: packet ERROR!!! accumulated num_err_pkt: 36
36     packet: packet ERROR!!! accumulated num_err_pkt: 37
37     packet: packet ERROR!!! accumulated num_err_pkt: 38
38     packet: packet ERROR!!! accumulated num_err_pkt: 39
39     packet: packet ERROR!!! accumulated num_err_pkt: 40
40     packet: packet ERROR!!! accumulated num_err_pkt: 41
41     packet: packet ERROR!!! accumulated num_err_pkt: 42
42     packet: packet ERROR!!! accumulated num_err_pkt: 43
43     packet: packet ERROR!!! accumulated num_err_pkt: 44
44     packet: packet ERROR!!! accumulated num_err_pkt: 45
45     packet: packet ERROR!!! accumulated num_err_pkt: 46
46     packet: packet ERROR!!! accumulated num_err_pkt: 47
47     packet: packet ERROR!!! accumulated num_err_pkt: 48
48     packet: packet ERROR!!! accumulated num_err_pkt: 49
49     packet: packet ERROR!!! accumulated num_err_pkt: 50
50     packet: packet ERROR!!! accumulated num_err_pkt: 51
51     packet: packet ERROR!!! accumulated num_err_pkt: 52
52     packet: packet ERROR!!! accumulated num_err_pkt: 53
53     packet: packet ERROR!!! accumulated num_err_pkt: 54
54     packet: packet ERROR!!! accumulated num_err_pkt: 55
55     packet: packet ERROR!!! accumulated num_err_pkt: 56
56     packet: packet ERROR!!! accumulated num_err_pkt: 57
57     packet: packet ERROR!!! accumulated num_err_pkt: 58
58     packet: packet ERROR!!! accumulated num_err_pkt: 59
59     packet: packet ERROR!!! accumulated num_err_pkt: 60
60     packet: packet ERROR!!! accumulated num_err_pkt: 61
61     packet: packet ERROR!!! accumulated num_err_pkt: 62
62     packet: packet ERROR!!! accumulated num_err_pkt: 63
63     packet: packet ERROR!!! accumulated num_err_pkt: 64
64     packet: packet ERROR!!! accumulated num_err_pkt: 65
65     packet: packet ERROR!!! accumulated num_err_pkt: 66
66     packet: packet ERROR!!! accumulated num_err_pkt: 67
67     packet: packet ERROR!!! accumulated num_err_pkt: 68
68     packet: packet ERROR!!! accumulated num_err_pkt: 69
69     packet: packet ERROR!!! accumulated num_err_pkt: 70
70     packet: packet ERROR!!! accumulated num_err_pkt: 71
71     packet: packet ERROR!!! accumulated num_err_pkt: 72
72     packet: packet ERROR!!! accumulated num_err_pkt: 73
73     packet: packet ERROR!!! accumulated num_err_pkt: 74
74     packet: packet ERROR!!! accumulated num_err_pkt: 75
75     packet: packet ERROR!!! accumulated num_err_pkt: 76
76     packet: packet ERROR!!! accumulated num_err_pkt: 77
77     packet: packet ERROR!!! accumulated num_err_pkt: 78
78     packet: packet ERROR!!! accumulated num_err_pkt: 79
79     packet: packet ERROR!!! accumulated num_err_pkt: 80
80     packet: packet ERROR!!! accumulated num_err_pkt: 81
81     packet: packet ERROR!!! accumulated num_err_pkt: 82
82     packet: packet ERROR!!! accumulated num_err_pkt: 83
83     packet: packet ERROR!!! accumulated num_err_pkt: 84
84     packet: packet ERROR!!! accumulated num_err_pkt: 85
85     packet: packet ERROR!!! accumulated num_err_pkt: 86
86     packet: packet ERROR!!! accumulated num_err_pkt: 87
87     packet: packet ERROR!!! accumulated num_err_pkt: 88
88     packet: packet ERROR!!! accumulated num_err_pkt: 89
89     packet: packet ERROR!!! accumulated num_err_pkt: 90
90     packet: packet ERROR!!! accumulated num_err_pkt: 91
91     packet: packet ERROR!!! accumulated num_err_pkt: 92
92     packet: packet ERROR!!! accumulated num_err_pkt: 93
93     packet: packet ERROR!!! accumulated num_err_pkt: 94
94     packet: packet ERROR!!! accumulated num_err_pkt: 95
95     packet: packet ERROR!!! accumulated num_err_pkt: 96
96     packet: packet ERROR!!! accumulated num_err_pkt: 97
97     packet: packet ERROR!!! accumulated num_err_pkt: 98
98     packet: packet ERROR!!! accumulated num_err_pkt: 99
99     packet: packet ERROR!!! accumulated num_err_pkt: 100
SNR: 32
BER: 4.7626, error_bits: 18517, total_bits: 3888
CER: 0.2962, error_codewords: 1481, total_codewords: 5000
PER: 1, error_packets: 100, total_packets: 100

execution time: 26.133 seconds
snr = 32.5
code_rate = 3/4, qam_bit = 12, n_cw_to_sim = 2, cw_factor = 25
n_ss = 4, QAM = 4096, path_num = 1
0     packet: packet ERROR!!! accumulated num_err_pkt: 1
1     packet: packet ERROR!!! accumulated num_err_pkt: 2
2     packet: packet ERROR!!! accumulated num_err_pkt: 3
3     packet: packet ERROR!!! accumulated num_err_pkt: 4
4     packet: packet ERROR!!! accumulated num_err_pkt: 5
5     packet: packet ERROR!!! accumulated num_err_pkt: 6
6     packet: packet ERROR!!! accumulated num_err_pkt: 7
7     packet: packet ERROR!!! accumulated num_err_pkt: 8
8     packet: packet ERROR!!! accumulated num_err_pkt: 9
9     packet: packet ERROR!!! accumulated num_err_pkt: 10
10     packet: packet ERROR!!! accumulated num_err_pkt: 11
11     packet: packet ERROR!!! accumulated num_err_pkt: 12
12     packet: packet ERROR!!! accumulated num_err_pkt: 13
13     packet: packet correct. accumulated num_err_pkt: 13
14     packet: packet ERROR!!! accumulated num_err_pkt: 14
15     packet: packet ERROR!!! accumulated num_err_pkt: 15
16     packet: packet ERROR!!! accumulated num_err_pkt: 16
17     packet: packet ERROR!!! accumulated num_err_pkt: 17
18     packet: packet ERROR!!! accumulated num_err_pkt: 18
19     packet: packet correct. accumulated num_err_pkt: 18
20     packet: packet ERROR!!! accumulated num_err_pkt: 19
21     packet: packet correct. accumulated num_err_pkt: 19
22     packet: packet ERROR!!! accumulated num_err_pkt: 20
23     packet: packet ERROR!!! accumulated num_err_pkt: 21
24     packet: packet ERROR!!! accumulated num_err_pkt: 22
25     packet: packet ERROR!!! accumulated num_err_pkt: 23
26     packet: packet ERROR!!! accumulated num_err_pkt: 24
27     packet: packet ERROR!!! accumulated num_err_pkt: 25
28     packet: packet ERROR!!! accumulated num_err_pkt: 26
29     packet: packet ERROR!!! accumulated num_err_pkt: 27
30     packet: packet ERROR!!! accumulated num_err_pkt: 28
31     packet: packet ERROR!!! accumulated num_err_pkt: 29
32     packet: packet ERROR!!! accumulated num_err_pkt: 30
33     packet: packet ERROR!!! accumulated num_err_pkt: 31
34     packet: packet ERROR!!! accumulated num_err_pkt: 32
35     packet: packet ERROR!!! accumulated num_err_pkt: 33
36     packet: packet correct. accumulated num_err_pkt: 33
37     packet: packet correct. accumulated num_err_pkt: 33
38     packet: packet ERROR!!! accumulated num_err_pkt: 34
39     packet: packet ERROR!!! accumulated num_err_pkt: 35
40     packet: packet ERROR!!! accumulated num_err_pkt: 36
41     packet: packet ERROR!!! accumulated num_err_pkt: 37
42     packet: packet ERROR!!! accumulated num_err_pkt: 38
43     packet: packet ERROR!!! accumulated num_err_pkt: 39
44     packet: packet ERROR!!! accumulated num_err_pkt: 40
45     packet: packet ERROR!!! accumulated num_err_pkt: 41
46     packet: packet ERROR!!! accumulated num_err_pkt: 42
47     packet: packet ERROR!!! accumulated num_err_pkt: 43
48     packet: packet ERROR!!! accumulated num_err_pkt: 44
49     packet: packet ERROR!!! accumulated num_err_pkt: 45
50     packet: packet ERROR!!! accumulated num_err_pkt: 46
51     packet: packet ERROR!!! accumulated num_err_pkt: 47
52     packet: packet ERROR!!! accumulated num_err_pkt: 48
53     packet: packet ERROR!!! accumulated num_err_pkt: 49
54     packet: packet ERROR!!! accumulated num_err_pkt: 50
55     packet: packet ERROR!!! accumulated num_err_pkt: 51
56     packet: packet ERROR!!! accumulated num_err_pkt: 52
57     packet: packet ERROR!!! accumulated num_err_pkt: 53
58     packet: packet ERROR!!! accumulated num_err_pkt: 54
59     packet: packet ERROR!!! accumulated num_err_pkt: 55
60     packet: packet ERROR!!! accumulated num_err_pkt: 56
61     packet: packet ERROR!!! accumulated num_err_pkt: 57
62     packet: packet ERROR!!! accumulated num_err_pkt: 58
63     packet: packet ERROR!!! accumulated num_err_pkt: 59
64     packet: packet ERROR!!! accumulated num_err_pkt: 60
65     packet: packet ERROR!!! accumulated num_err_pkt: 61
66     packet: packet ERROR!!! accumulated num_err_pkt: 62
67     packet: packet ERROR!!! accumulated num_err_pkt: 63
68     packet: packet ERROR!!! accumulated num_err_pkt: 64
69     packet: packet ERROR!!! accumulated num_err_pkt: 65
70     packet: packet ERROR!!! accumulated num_err_pkt: 66
71     packet: packet ERROR!!! accumulated num_err_pkt: 67
72     packet: packet ERROR!!! accumulated num_err_pkt: 68
73     packet: packet ERROR!!! accumulated num_err_pkt: 69
74     packet: packet ERROR!!! accumulated num_err_pkt: 70
75     packet: packet ERROR!!! accumulated num_err_pkt: 71
76     packet: packet ERROR!!! accumulated num_err_pkt: 72
77     packet: packet ERROR!!! accumulated num_err_pkt: 73
78     packet: packet ERROR!!! accumulated num_err_pkt: 74
79     packet: packet correct. accumulated num_err_pkt: 74
80     packet: packet ERROR!!! accumulated num_err_pkt: 75
81     packet: packet ERROR!!! accumulated num_err_pkt: 76
82     packet: packet ERROR!!! accumulated num_err_pkt: 77
83     packet: packet ERROR!!! accumulated num_err_pkt: 78
84     packet: packet ERROR!!! accumulated num_err_pkt: 79
85     packet: packet ERROR!!! accumulated num_err_pkt: 80
86     packet: packet correct. accumulated num_err_pkt: 80
87     packet: packet ERROR!!! accumulated num_err_pkt: 81
88     packet: packet ERROR!!! accumulated num_err_pkt: 82
89     packet: packet ERROR!!! accumulated num_err_pkt: 83
90     packet: packet ERROR!!! accumulated num_err_pkt: 84
91     packet: packet ERROR!!! accumulated num_err_pkt: 85
92     packet: packet ERROR!!! accumulated num_err_pkt: 86
93     packet: packet ERROR!!! accumulated num_err_pkt: 87
94     packet: packet ERROR!!! accumulated num_err_pkt: 88
95     packet: packet ERROR!!! accumulated num_err_pkt: 89
96     packet: packet ERROR!!! accumulated num_err_pkt: 90
97     packet: packet ERROR!!! accumulated num_err_pkt: 91
98     packet: packet ERROR!!! accumulated num_err_pkt: 92
99     packet: packet ERROR!!! accumulated num_err_pkt: 93
SNR: 32.5
BER: 0.847994, error_bits: 3297, total_bits: 3888
CER: 0.079, error_codewords: 395, total_codewords: 5000
PER: 0.93, error_packets: 93, total_packets: 100

execution time: 24.361 seconds
snr = 33
code_rate = 3/4, qam_bit = 12, n_cw_to_sim = 2, cw_factor = 25
n_ss = 4, QAM = 4096, path_num = 1
0     packet: packet correct. accumulated num_err_pkt: 0
1     packet: packet correct. accumulated num_err_pkt: 0
2     packet: packet ERROR!!! accumulated num_err_pkt: 1
3     packet: packet correct. accumulated num_err_pkt: 1
4     packet: packet correct. accumulated num_err_pkt: 1
5     packet: packet correct. accumulated num_err_pkt: 1
6     packet: packet ERROR!!! accumulated num_err_pkt: 2
7     packet: packet correct. accumulated num_err_pkt: 2
8     packet: packet correct. accumulated num_err_pkt: 2
9     packet: packet ERROR!!! accumulated num_err_pkt: 3
10     packet: packet ERROR!!! accumulated num_err_pkt: 4
11     packet: packet ERROR!!! accumulated num_err_pkt: 5
12     packet: packet correct. accumulated num_err_pkt: 5
13     packet: packet correct. accumulated num_err_pkt: 5
14     packet: packet correct. accumulated num_err_pkt: 5
15     packet: packet correct. accumulated num_err_pkt: 5
16     packet: packet correct. accumulated num_err_pkt: 5
17     packet: packet ERROR!!! accumulated num_err_pkt: 6
18     packet: packet ERROR!!! accumulated num_err_pkt: 7
19     packet: packet correct. accumulated num_err_pkt: 7
20     packet: packet correct. accumulated num_err_pkt: 7
21     packet: packet correct. accumulated num_err_pkt: 7
22     packet: packet correct. accumulated num_err_pkt: 7
23     packet: packet ERROR!!! accumulated num_err_pkt: 8
24     packet: packet ERROR!!! accumulated num_err_pkt: 9
25     packet: packet correct. accumulated num_err_pkt: 9
26     packet: packet ERROR!!! accumulated num_err_pkt: 10
27     packet: packet correct. accumulated num_err_pkt: 10
28     packet: packet ERROR!!! accumulated num_err_pkt: 11
29     packet: packet ERROR!!! accumulated num_err_pkt: 12
30     packet: packet correct. accumulated num_err_pkt: 12
31     packet: packet correct. accumulated num_err_pkt: 12
32     packet: packet correct. accumulated num_err_pkt: 12
33     packet: packet correct. accumulated num_err_pkt: 12
34     packet: packet correct. accumulated num_err_pkt: 12
35     packet: packet correct. accumulated num_err_pkt: 12
36     packet: packet correct. accumulated num_err_pkt: 12
37     packet: packet correct. accumulated num_err_pkt: 12
38     packet: packet correct. accumulated num_err_pkt: 12
39     packet: packet correct. accumulated num_err_pkt: 12
40     packet: packet ERROR!!! accumulated num_err_pkt: 13
41     packet: packet correct. accumulated num_err_pkt: 13
42     packet: packet ERROR!!! accumulated num_err_pkt: 14
43     packet: packet ERROR!!! accumulated num_err_pkt: 15
44     packet: packet ERROR!!! accumulated num_err_pkt: 16
45     packet: packet ERROR!!! accumulated num_err_pkt: 17
46     packet: packet correct. accumulated num_err_pkt: 17
47     packet: packet correct. accumulated num_err_pkt: 17
48     packet: packet ERROR!!! accumulated num_err_pkt: 18
49     packet: packet correct. accumulated num_err_pkt: 18
50     packet: packet ERROR!!! accumulated num_err_pkt: 19
51     packet: packet ERROR!!! accumulated num_err_pkt: 20
52     packet: packet correct. accumulated num_err_pkt: 20
53     packet: packet ERROR!!! accumulated num_err_pkt: 21
54     packet: packet correct. accumulated num_err_pkt: 21
55     packet: packet correct. accumulated num_err_pkt: 21
56     packet: packet correct. accumulated num_err_pkt: 21
57     packet: packet correct. accumulated num_err_pkt: 21
58     packet: packet ERROR!!! accumulated num_err_pkt: 22
59     packet: packet ERROR!!! accumulated num_err_pkt: 23
60     packet: packet ERROR!!! accumulated num_err_pkt: 24
61     packet: packet ERROR!!! accumulated num_err_pkt: 25
62     packet: packet correct. accumulated num_err_pkt: 25
63     packet: packet correct. accumulated num_err_pkt: 25
64     packet: packet ERROR!!! accumulated num_err_pkt: 26
65     packet: packet correct. accumulated num_err_pkt: 26
66     packet: packet ERROR!!! accumulated num_err_pkt: 27
67     packet: packet correct. accumulated num_err_pkt: 27
68     packet: packet ERROR!!! accumulated num_err_pkt: 28
69     packet: packet ERROR!!! accumulated num_err_pkt: 29
70     packet: packet correct. accumulated num_err_pkt: 29
71     packet: packet correct. accumulated num_err_pkt: 29
72     packet: packet correct. accumulated num_err_pkt: 29
73     packet: packet correct. accumulated num_err_pkt: 29
74     packet: packet correct. accumulated num_err_pkt: 29
75     packet: packet correct. accumulated num_err_pkt: 29
76     packet: packet correct. accumulated num_err_pkt: 29
77     packet: packet correct. accumulated num_err_pkt: 29
78     packet: packet correct. accumulated num_err_pkt: 29
79     packet: packet correct. accumulated num_err_pkt: 29
80     packet: packet ERROR!!! accumulated num_err_pkt: 30
81     packet: packet correct. accumulated num_err_pkt: 30
82     packet: packet correct. accumulated num_err_pkt: 30
83     packet: packet correct. accumulated num_err_pkt: 30
84     packet: packet ERROR!!! accumulated num_err_pkt: 31
85     packet: packet correct. accumulated num_err_pkt: 31
86     packet: packet correct. accumulated num_err_pkt: 31
87     packet: packet ERROR!!! accumulated num_err_pkt: 32
88     packet: packet ERROR!!! accumulated num_err_pkt: 33
89     packet: packet correct. accumulated num_err_pkt: 33
90     packet: packet ERROR!!! accumulated num_err_pkt: 34
91     packet: packet correct. accumulated num_err_pkt: 34
92     packet: packet correct. accumulated num_err_pkt: 34
93     packet: packet correct. accumulated num_err_pkt: 34
94     packet: packet correct. accumulated num_err_pkt: 34
95     packet: packet correct. accumulated num_err_pkt: 34
96     packet: packet correct. accumulated num_err_pkt: 34
97     packet: packet correct. accumulated num_err_pkt: 34
98     packet: packet correct. accumulated num_err_pkt: 34
99     packet: packet correct. accumulated num_err_pkt: 34
SNR: 33
BER: 0.12037, error_bits: 468, total_bits: 3888
CER: 0.0132, error_codewords: 66, total_codewords: 5000
PER: 0.34, error_packets: 34, total_packets: 100

execution time: 22.694 seconds
snr = 33.5
code_rate = 3/4, qam_bit = 12, n_cw_to_sim = 2, cw_factor = 25
n_ss = 4, QAM = 4096, path_num = 1
0     packet: packet correct. accumulated num_err_pkt: 0
1     packet: packet correct. accumulated num_err_pkt: 0
2     packet: packet correct. accumulated num_err_pkt: 0
3     packet: packet correct. accumulated num_err_pkt: 0
4     packet: packet correct. accumulated num_err_pkt: 0
5     packet: packet correct. accumulated num_err_pkt: 0
6     packet: packet correct. accumulated num_err_pkt: 0
7     packet: packet correct. accumulated num_err_pkt: 0
8     packet: packet correct. accumulated num_err_pkt: 0
9     packet: packet correct. accumulated num_err_pkt: 0
10     packet: packet correct. accumulated num_err_pkt: 0
11     packet: packet correct. accumulated num_err_pkt: 0
12     packet: packet correct. accumulated num_err_pkt: 0
13     packet: packet correct. accumulated num_err_pkt: 0
14     packet: packet correct. accumulated num_err_pkt: 0
15     packet: packet correct. accumulated num_err_pkt: 0
16     packet: packet correct. accumulated num_err_pkt: 0
17     packet: packet correct. accumulated num_err_pkt: 0
18     packet: packet ERROR!!! accumulated num_err_pkt: 1
19     packet: packet correct. accumulated num_err_pkt: 1
20     packet: packet correct. accumulated num_err_pkt: 1
21     packet: packet correct. accumulated num_err_pkt: 1
22     packet: packet correct. accumulated num_err_pkt: 1
23     packet: packet ERROR!!! accumulated num_err_pkt: 2
24     packet: packet correct. accumulated num_err_pkt: 2
25     packet: packet correct. accumulated num_err_pkt: 2
26     packet: packet correct. accumulated num_err_pkt: 2
27     packet: packet correct. accumulated num_err_pkt: 2
28     packet: packet correct. accumulated num_err_pkt: 2
29     packet: packet correct. accumulated num_err_pkt: 2
30     packet: packet correct. accumulated num_err_pkt: 2
31     packet: packet correct. accumulated num_err_pkt: 2
32     packet: packet correct. accumulated num_err_pkt: 2
33     packet: packet correct. accumulated num_err_pkt: 2
34     packet: packet correct. accumulated num_err_pkt: 2
35     packet: packet correct. accumulated num_err_pkt: 2
36     packet: packet correct. accumulated num_err_pkt: 2
37     packet: packet correct. accumulated num_err_pkt: 2
38     packet: packet correct. accumulated num_err_pkt: 2
39     packet: packet correct. accumulated num_err_pkt: 2
40     packet: packet correct. accumulated num_err_pkt: 2
41     packet: packet correct. accumulated num_err_pkt: 2
42     packet: packet correct. accumulated num_err_pkt: 2
43     packet: packet correct. accumulated num_err_pkt: 2
44     packet: packet correct. accumulated num_err_pkt: 2
45     packet: packet ERROR!!! accumulated num_err_pkt: 3
46     packet: packet correct. accumulated num_err_pkt: 3
47     packet: packet correct. accumulated num_err_pkt: 3
48     packet: packet correct. accumulated num_err_pkt: 3
49     packet: packet correct. accumulated num_err_pkt: 3
50     packet: packet correct. accumulated num_err_pkt: 3
51     packet: packet ERROR!!! accumulated num_err_pkt: 4
52     packet: packet correct. accumulated num_err_pkt: 4
53     packet: packet correct. accumulated num_err_pkt: 4
54     packet: packet correct. accumulated num_err_pkt: 4
55     packet: packet correct. accumulated num_err_pkt: 4
56     packet: packet correct. accumulated num_err_pkt: 4
57     packet: packet correct. accumulated num_err_pkt: 4
58     packet: packet ERROR!!! accumulated num_err_pkt: 5
59     packet: packet correct. accumulated num_err_pkt: 5
60     packet: packet correct. accumulated num_err_pkt: 5
61     packet: packet correct. accumulated num_err_pkt: 5
62     packet: packet correct. accumulated num_err_pkt: 5
63     packet: packet correct. accumulated num_err_pkt: 5
64     packet: packet ERROR!!! accumulated num_err_pkt: 6
65     packet: packet correct. accumulated num_err_pkt: 6
66     packet: packet ERROR!!! accumulated num_err_pkt: 7
67     packet: packet correct. accumulated num_err_pkt: 7
68     packet: packet ERROR!!! accumulated num_err_pkt: 8
69     packet: packet ERROR!!! accumulated num_err_pkt: 9
70     packet: packet correct. accumulated num_err_pkt: 9
71     packet: packet correct. accumulated num_err_pkt: 9
72     packet: packet correct. accumulated num_err_pkt: 9
73     packet: packet correct. accumulated num_err_pkt: 9
74     packet: packet correct. accumulated num_err_pkt: 9
75     packet: packet correct. accumulated num_err_pkt: 9
76     packet: packet correct. accumulated num_err_pkt: 9
77     packet: packet correct. accumulated num_err_pkt: 9
78     packet: packet correct. accumulated num_err_pkt: 9
79     packet: packet correct. accumulated num_err_pkt: 9
80     packet: packet correct. accumulated num_err_pkt: 9
81     packet: packet correct. accumulated num_err_pkt: 9
82     packet: packet correct. accumulated num_err_pkt: 9
83     packet: packet correct. accumulated num_err_pkt: 9
84     packet: packet correct. accumulated num_err_pkt: 9
85     packet: packet correct. accumulated num_err_pkt: 9
86     packet: packet correct. accumulated num_err_pkt: 9
87     packet: packet ERROR!!! accumulated num_err_pkt: 10
88     packet: packet ERROR!!! accumulated num_err_pkt: 11
89     packet: packet correct. accumulated num_err_pkt: 11
90     packet: packet correct. accumulated num_err_pkt: 11
91     packet: packet correct. accumulated num_err_pkt: 11
92     packet: packet correct. accumulated num_err_pkt: 11
93     packet: packet correct. accumulated num_err_pkt: 11
94     packet: packet correct. accumulated num_err_pkt: 11
95     packet: packet correct. accumulated num_err_pkt: 11
96     packet: packet correct. accumulated num_err_pkt: 11
97     packet: packet correct. accumulated num_err_pkt: 11
98     packet: packet correct. accumulated num_err_pkt: 11
99     packet: packet correct. accumulated num_err_pkt: 11
SNR: 33.5
BER: 0.0270062, error_bits: 105, total_bits: 3888
CER: 0.0036, error_codewords: 18, total_codewords: 5000
PER: 0.11, error_packets: 11, total_packets: 100

execution time: 22.054 seconds
snr = 34
code_rate = 3/4, qam_bit = 12, n_cw_to_sim = 2, cw_factor = 25
n_ss = 4, QAM = 4096, path_num = 1
0     packet: packet correct. accumulated num_err_pkt: 0
1     packet: packet correct. accumulated num_err_pkt: 0
2     packet: packet correct. accumulated num_err_pkt: 0
3     packet: packet correct. accumulated num_err_pkt: 0
4     packet: packet correct. accumulated num_err_pkt: 0
5     packet: packet correct. accumulated num_err_pkt: 0
6     packet: packet correct. accumulated num_err_pkt: 0
7     packet: packet correct. accumulated num_err_pkt: 0
8     packet: packet correct. accumulated num_err_pkt: 0
9     packet: packet correct. accumulated num_err_pkt: 0
10     packet: packet correct. accumulated num_err_pkt: 0
11     packet: packet correct. accumulated num_err_pkt: 0
12     packet: packet correct. accumulated num_err_pkt: 0
13     packet: packet correct. accumulated num_err_pkt: 0
14     packet: packet correct. accumulated num_err_pkt: 0
15     packet: packet correct. accumulated num_err_pkt: 0
16     packet: packet correct. accumulated num_err_pkt: 0
17     packet: packet correct. accumulated num_err_pkt: 0
18     packet: packet correct. accumulated num_err_pkt: 0
19     packet: packet correct. accumulated num_err_pkt: 0
20     packet: packet correct. accumulated num_err_pkt: 0
21     packet: packet correct. accumulated num_err_pkt: 0
22     packet: packet correct. accumulated num_err_pkt: 0
23     packet: packet correct. accumulated num_err_pkt: 0
24     packet: packet correct. accumulated num_err_pkt: 0
25     packet: packet correct. accumulated num_err_pkt: 0
26     packet: packet correct. accumulated num_err_pkt: 0
27     packet: packet correct. accumulated num_err_pkt: 0
28     packet: packet correct. accumulated num_err_pkt: 0
29     packet: packet correct. accumulated num_err_pkt: 0
30     packet: packet correct. accumulated num_err_pkt: 0
31     packet: packet correct. accumulated num_err_pkt: 0
32     packet: packet correct. accumulated num_err_pkt: 0
33     packet: packet correct. accumulated num_err_pkt: 0
34     packet: packet correct. accumulated num_err_pkt: 0
35     packet: packet correct. accumulated num_err_pkt: 0
36     packet: packet correct. accumulated num_err_pkt: 0
37     packet: packet correct. accumulated num_err_pkt: 0
38     packet: packet correct. accumulated num_err_pkt: 0
39     packet: packet correct. accumulated num_err_pkt: 0
40     packet: packet correct. accumulated num_err_pkt: 0
41     packet: packet correct. accumulated num_err_pkt: 0
42     packet: packet correct. accumulated num_err_pkt: 0
43     packet: packet correct. accumulated num_err_pkt: 0
44     packet: packet correct. accumulated num_err_pkt: 0
45     packet: packet correct. accumulated num_err_pkt: 0
46     packet: packet correct. accumulated num_err_pkt: 0
47     packet: packet correct. accumulated num_err_pkt: 0
48     packet: packet correct. accumulated num_err_pkt: 0
49     packet: packet correct. accumulated num_err_pkt: 0
50     packet: packet correct. accumulated num_err_pkt: 0
51     packet: packet correct. accumulated num_err_pkt: 0
52     packet: packet correct. accumulated num_err_pkt: 0
53     packet: packet correct. accumulated num_err_pkt: 0
54     packet: packet correct. accumulated num_err_pkt: 0
55     packet: packet correct. accumulated num_err_pkt: 0
56     packet: packet correct. accumulated num_err_pkt: 0
57     packet: packet correct. accumulated num_err_pkt: 0
58     packet: packet correct. accumulated num_err_pkt: 0
59     packet: packet correct. accumulated num_err_pkt: 0
60     packet: packet correct. accumulated num_err_pkt: 0
61     packet: packet correct. accumulated num_err_pkt: 0
62     packet: packet correct. accumulated num_err_pkt: 0
63     packet: packet correct. accumulated num_err_pkt: 0
64     packet: packet correct. accumulated num_err_pkt: 0
65     packet: packet correct. accumulated num_err_pkt: 0
66     packet: packet correct. accumulated num_err_pkt: 0
67     packet: packet correct. accumulated num_err_pkt: 0
68     packet: packet correct. accumulated num_err_pkt: 0
69     packet: packet correct. accumulated num_err_pkt: 0
70     packet: packet correct. accumulated num_err_pkt: 0
71     packet: packet correct. accumulated num_err_pkt: 0
72     packet: packet correct. accumulated num_err_pkt: 0
73     packet: packet correct. accumulated num_err_pkt: 0
74     packet: packet correct. accumulated num_err_pkt: 0
75     packet: packet correct. accumulated num_err_pkt: 0
76     packet: packet correct. accumulated num_err_pkt: 0
77     packet: packet correct. accumulated num_err_pkt: 0
78     packet: packet correct. accumulated num_err_pkt: 0
79     packet: packet correct. accumulated num_err_pkt: 0
80     packet: packet correct. accumulated num_err_pkt: 0
81     packet: packet correct. accumulated num_err_pkt: 0
82     packet: packet correct. accumulated num_err_pkt: 0
83     packet: packet correct. accumulated num_err_pkt: 0
84     packet: packet correct. accumulated num_err_pkt: 0
85     packet: packet correct. accumulated num_err_pkt: 0
86     packet: packet correct. accumulated num_err_pkt: 0
87     packet: packet ERROR!!! accumulated num_err_pkt: 1
88     packet: packet correct. accumulated num_err_pkt: 1
89     packet: packet correct. accumulated num_err_pkt: 1
90     packet: packet correct. accumulated num_err_pkt: 1
91     packet: packet correct. accumulated num_err_pkt: 1
92     packet: packet correct. accumulated num_err_pkt: 1
93     packet: packet correct. accumulated num_err_pkt: 1
94     packet: packet correct. accumulated num_err_pkt: 1
95     packet: packet correct. accumulated num_err_pkt: 1
96     packet: packet correct. accumulated num_err_pkt: 1
97     packet: packet correct. accumulated num_err_pkt: 1
98     packet: packet correct. accumulated num_err_pkt: 1
99     packet: packet correct. accumulated num_err_pkt: 1
SNR: 34
BER: 0.00180041, error_bits: 7, total_bits: 3888
CER: 0.0004, error_codewords: 2, total_codewords: 5000
PER: 0.01, error_packets: 1, total_packets: 100

execution time: 19.648 seconds
snr = 34.5
code_rate = 3/4, qam_bit = 12, n_cw_to_sim = 2, cw_factor = 25
n_ss = 4, QAM = 4096, path_num = 1
0     packet: packet correct. accumulated num_err_pkt: 0
1     packet: packet correct. accumulated num_err_pkt: 0
2     packet: packet correct. accumulated num_err_pkt: 0
3     packet: packet correct. accumulated num_err_pkt: 0
4     packet: packet correct. accumulated num_err_pkt: 0
5     packet: packet correct. accumulated num_err_pkt: 0
6     packet: packet correct. accumulated num_err_pkt: 0
7     packet: packet correct. accumulated num_err_pkt: 0
8     packet: packet correct. accumulated num_err_pkt: 0
9     packet: packet correct. accumulated num_err_pkt: 0
10     packet: packet correct. accumulated num_err_pkt: 0
11     packet: packet correct. accumulated num_err_pkt: 0
12     packet: packet correct. accumulated num_err_pkt: 0
13     packet: packet correct. accumulated num_err_pkt: 0
14     packet: packet correct. accumulated num_err_pkt: 0
15     packet: packet correct. accumulated num_err_pkt: 0
16     packet: packet correct. accumulated num_err_pkt: 0
17     packet: packet correct. accumulated num_err_pkt: 0
18     packet: packet correct. accumulated num_err_pkt: 0
19     packet: packet correct. accumulated num_err_pkt: 0
20     packet: packet correct. accumulated num_err_pkt: 0
21     packet: packet correct. accumulated num_err_pkt: 0
22     packet: packet correct. accumulated num_err_pkt: 0
23     packet: packet correct. accumulated num_err_pkt: 0
24     packet: packet correct. accumulated num_err_pkt: 0
25     packet: packet correct. accumulated num_err_pkt: 0
26     packet: packet correct. accumulated num_err_pkt: 0
27     packet: packet correct. accumulated num_err_pkt: 0
28     packet: packet correct. accumulated num_err_pkt: 0
29     packet: packet correct. accumulated num_err_pkt: 0
30     packet: packet correct. accumulated num_err_pkt: 0
31     packet: packet correct. accumulated num_err_pkt: 0
32     packet: packet correct. accumulated num_err_pkt: 0
33     packet: packet correct. accumulated num_err_pkt: 0
34     packet: packet correct. accumulated num_err_pkt: 0
35     packet: packet correct. accumulated num_err_pkt: 0
36     packet: packet correct. accumulated num_err_pkt: 0
37     packet: packet correct. accumulated num_err_pkt: 0
38     packet: packet correct. accumulated num_err_pkt: 0
39     packet: packet correct. accumulated num_err_pkt: 0
40     packet: packet correct. accumulated num_err_pkt: 0
41     packet: packet correct. accumulated num_err_pkt: 0
42     packet: packet correct. accumulated num_err_pkt: 0
43     packet: packet correct. accumulated num_err_pkt: 0
44     packet: packet correct. accumulated num_err_pkt: 0
45     packet: packet correct. accumulated num_err_pkt: 0
46     packet: packet correct. accumulated num_err_pkt: 0
47     packet: packet correct. accumulated num_err_pkt: 0
48     packet: packet correct. accumulated num_err_pkt: 0
49     packet: packet correct. accumulated num_err_pkt: 0
50     packet: packet correct. accumulated num_err_pkt: 0
51     packet: packet correct. accumulated num_err_pkt: 0
52     packet: packet correct. accumulated num_err_pkt: 0
53     packet: packet correct. accumulated num_err_pkt: 0
54     packet: packet correct. accumulated num_err_pkt: 0
55     packet: packet correct. accumulated num_err_pkt: 0
56     packet: packet correct. accumulated num_err_pkt: 0
57     packet: packet correct. accumulated num_err_pkt: 0
58     packet: packet correct. accumulated num_err_pkt: 0
59     packet: packet correct. accumulated num_err_pkt: 0
60     packet: packet correct. accumulated num_err_pkt: 0
61     packet: packet correct. accumulated num_err_pkt: 0
62     packet: packet correct. accumulated num_err_pkt: 0
63     packet: packet correct. accumulated num_err_pkt: 0
64     packet: packet correct. accumulated num_err_pkt: 0
65     packet: packet correct. accumulated num_err_pkt: 0
66     packet: packet correct. accumulated num_err_pkt: 0
67     packet: packet correct. accumulated num_err_pkt: 0
68     packet: packet correct. accumulated num_err_pkt: 0
69     packet: packet correct. accumulated num_err_pkt: 0
70     packet: packet correct. accumulated num_err_pkt: 0
71     packet: packet correct. accumulated num_err_pkt: 0
72     packet: packet correct. accumulated num_err_pkt: 0
73     packet: packet correct. accumulated num_err_pkt: 0
74     packet: packet correct. accumulated num_err_pkt: 0
75     packet: packet correct. accumulated num_err_pkt: 0
76     packet: packet correct. accumulated num_err_pkt: 0
77     packet: packet correct. accumulated num_err_pkt: 0
78     packet: packet correct. accumulated num_err_pkt: 0
79     packet: packet correct. accumulated num_err_pkt: 0
80     packet: packet correct. accumulated num_err_pkt: 0
81     packet: packet correct. accumulated num_err_pkt: 0
82     packet: packet correct. accumulated num_err_pkt: 0
83     packet: packet correct. accumulated num_err_pkt: 0
84     packet: packet correct. accumulated num_err_pkt: 0
85     packet: packet correct. accumulated num_err_pkt: 0
86     packet: packet correct. accumulated num_err_pkt: 0
87     packet: packet correct. accumulated num_err_pkt: 0
88     packet: packet correct. accumulated num_err_pkt: 0
89     packet: packet correct. accumulated num_err_pkt: 0
90     packet: packet correct. accumulated num_err_pkt: 0
91     packet: packet correct. accumulated num_err_pkt: 0
92     packet: packet correct. accumulated num_err_pkt: 0
93     packet: packet correct. accumulated num_err_pkt: 0
94     packet: packet correct. accumulated num_err_pkt: 0
95     packet: packet correct. accumulated num_err_pkt: 0
96     packet: packet correct. accumulated num_err_pkt: 0
97     packet: packet correct. accumulated num_err_pkt: 0
98     packet: packet correct. accumulated num_err_pkt: 0
99     packet: packet correct. accumulated num_err_pkt: 0
SNR: 34.5
BER: 0, error_bits: 0, total_bits: 3888
CER: 0, error_codewords: 0, total_codewords: 5000
PER: 0, error_packets: 0, total_packets: 100

execution time: 16.7 seconds
snr = 35
code_rate = 3/4, qam_bit = 12, n_cw_to_sim = 2, cw_factor = 25
n_ss = 4, QAM = 4096, path_num = 1
0     packet: packet correct. accumulated num_err_pkt: 0
1     packet: packet correct. accumulated num_err_pkt: 0
2     packet: packet correct. accumulated num_err_pkt: 0
3     packet: packet correct. accumulated num_err_pkt: 0
4     packet: packet correct. accumulated num_err_pkt: 0
5     packet: packet correct. accumulated num_err_pkt: 0
6     packet: packet correct. accumulated num_err_pkt: 0
7     packet: packet correct. accumulated num_err_pkt: 0
8     packet: packet correct. accumulated num_err_pkt: 0
9     packet: packet correct. accumulated num_err_pkt: 0
10     packet: packet correct. accumulated num_err_pkt: 0
11     packet: packet correct. accumulated num_err_pkt: 0
12     packet: packet correct. accumulated num_err_pkt: 0
13     packet: packet correct. accumulated num_err_pkt: 0
14     packet: packet correct. accumulated num_err_pkt: 0
15     packet: packet correct. accumulated num_err_pkt: 0
16     packet: packet correct. accumulated num_err_pkt: 0
17     packet: packet correct. accumulated num_err_pkt: 0
18     packet: packet correct. accumulated num_err_pkt: 0
19     packet: packet correct. accumulated num_err_pkt: 0
20     packet: packet correct. accumulated num_err_pkt: 0
21     packet: packet correct. accumulated num_err_pkt: 0
22     packet: packet correct. accumulated num_err_pkt: 0
23     packet: packet correct. accumulated num_err_pkt: 0
24     packet: packet correct. accumulated num_err_pkt: 0
25     packet: packet correct. accumulated num_err_pkt: 0
26     packet: packet correct. accumulated num_err_pkt: 0
27     packet: packet correct. accumulated num_err_pkt: 0
28     packet: packet correct. accumulated num_err_pkt: 0
29     packet: packet correct. accumulated num_err_pkt: 0
30     packet: packet correct. accumulated num_err_pkt: 0
31     packet: packet correct. accumulated num_err_pkt: 0
32     packet: packet correct. accumulated num_err_pkt: 0
33     packet: packet correct. accumulated num_err_pkt: 0
34     packet: packet correct. accumulated num_err_pkt: 0
35     packet: packet correct. accumulated num_err_pkt: 0
36     packet: packet correct. accumulated num_err_pkt: 0
37     packet: packet correct. accumulated num_err_pkt: 0
38     packet: packet correct. accumulated num_err_pkt: 0
39     packet: packet correct. accumulated num_err_pkt: 0
40     packet: packet correct. accumulated num_err_pkt: 0
41     packet: packet correct. accumulated num_err_pkt: 0
42     packet: packet correct. accumulated num_err_pkt: 0
43     packet: packet correct. accumulated num_err_pkt: 0
44     packet: packet correct. accumulated num_err_pkt: 0
45     packet: packet correct. accumulated num_err_pkt: 0
46     packet: packet correct. accumulated num_err_pkt: 0
47     packet: packet correct. accumulated num_err_pkt: 0
48     packet: packet correct. accumulated num_err_pkt: 0
49     packet: packet correct. accumulated num_err_pkt: 0
50     packet: packet correct. accumulated num_err_pkt: 0
51     packet: packet correct. accumulated num_err_pkt: 0
52     packet: packet correct. accumulated num_err_pkt: 0
53     packet: packet correct. accumulated num_err_pkt: 0
54     packet: packet correct. accumulated num_err_pkt: 0
55     packet: packet correct. accumulated num_err_pkt: 0
56     packet: packet correct. accumulated num_err_pkt: 0
57     packet: packet correct. accumulated num_err_pkt: 0
58     packet: packet correct. accumulated num_err_pkt: 0
59     packet: packet correct. accumulated num_err_pkt: 0
60     packet: packet correct. accumulated num_err_pkt: 0
61     packet: packet correct. accumulated num_err_pkt: 0
62     packet: packet correct. accumulated num_err_pkt: 0
63     packet: packet correct. accumulated num_err_pkt: 0
64     packet: packet correct. accumulated num_err_pkt: 0
65     packet: packet correct. accumulated num_err_pkt: 0
66     packet: packet correct. accumulated num_err_pkt: 0
67     packet: packet correct. accumulated num_err_pkt: 0
68     packet: packet correct. accumulated num_err_pkt: 0
69     packet: packet correct. accumulated num_err_pkt: 0
70     packet: packet correct. accumulated num_err_pkt: 0
71     packet: packet correct. accumulated num_err_pkt: 0
72     packet: packet correct. accumulated num_err_pkt: 0
73     packet: packet correct. accumulated num_err_pkt: 0
74     packet: packet correct. accumulated num_err_pkt: 0
75     packet: packet correct. accumulated num_err_pkt: 0
76     packet: packet correct. accumulated num_err_pkt: 0
77     packet: packet correct. accumulated num_err_pkt: 0
78     packet: packet correct. accumulated num_err_pkt: 0
79     packet: packet correct. accumulated num_err_pkt: 0
80     packet: packet correct. accumulated num_err_pkt: 0
81     packet: packet correct. accumulated num_err_pkt: 0
82     packet: packet correct. accumulated num_err_pkt: 0
83     packet: packet correct. accumulated num_err_pkt: 0
84     packet: packet correct. accumulated num_err_pkt: 0
85     packet: packet correct. accumulated num_err_pkt: 0
86     packet: packet correct. accumulated num_err_pkt: 0
87     packet: packet correct. accumulated num_err_pkt: 0
88     packet: packet correct. accumulated num_err_pkt: 0
89     packet: packet correct. accumulated num_err_pkt: 0
90     packet: packet correct. accumulated num_err_pkt: 0
91     packet: packet correct. accumulated num_err_pkt: 0
92     packet: packet correct. accumulated num_err_pkt: 0
93     packet: packet correct. accumulated num_err_pkt: 0
94     packet: packet correct. accumulated num_err_pkt: 0
95     packet: packet correct. accumulated num_err_pkt: 0
96     packet: packet correct. accumulated num_err_pkt: 0
97     packet: packet correct. accumulated num_err_pkt: 0
98     packet: packet correct. accumulated num_err_pkt: 0
99     packet: packet correct. accumulated num_err_pkt: 0
SNR: 35
BER: 0, error_bits: 0, total_bits: 3888
CER: 0, error_codewords: 0, total_codewords: 5000
PER: 0, error_packets: 0, total_packets: 100

execution time: 15.438 seconds
Unknown argument: 12
Unknown argument: 32
Unknown argument: 35
test end
