snr = 7
code_rate = 1/2, qam_bit = 4, n_cw_to_sim = 2, cw_factor = 25
n_ss = 4, QAM = 16, path_num = 1
0     packet: packet ERROR!!! accumulated num_err_pkt: 1
1     packet: packet ERROR!!! accumulated num_err_pkt: 2
2     packet: packet ERROR!!! accumulated num_err_pkt: 3
3     packet: packet ERROR!!! accumulated num_err_pkt: 4
4     packet: packet ERROR!!! accumulated num_err_pkt: 5
5     packet: packet ERROR!!! accumulated num_err_pkt: 6
6     packet: packet ERROR!!! accumulated num_err_pkt: 7
7     packet: packet ERROR!!! accumulated num_err_pkt: 8
8     packet: packet ERROR!!! accumulated num_err_pkt: 9
9     packet: packet ERROR!!! accumulated num_err_pkt: 10
10     packet: packet ERROR!!! accumulated num_err_pkt: 11
11     packet: packet ERROR!!! accumulated num_err_pkt: 12
12     packet: packet ERROR!!! accumulated num_err_pkt: 13
13     packet: packet ERROR!!! accumulated num_err_pkt: 14
14     packet: packet ERROR!!! accumulated num_err_pkt: 15
15     packet: packet ERROR!!! accumulated num_err_pkt: 16
16     packet: packet ERROR!!! accumulated num_err_pkt: 17
17     packet: packet ERROR!!! accumulated num_err_pkt: 18
18     packet: packet ERROR!!! accumulated num_err_pkt: 19
19     packet: packet ERROR!!! accumulated num_err_pkt: 20
20     packet: packet ERROR!!! accumulated num_err_pkt: 21
21     packet: packet ERROR!!! accumulated num_err_pkt: 22
22     packet: packet ERROR!!! accumulated num_err_pkt: 23
23     packet: packet ERROR!!! accumulated num_err_pkt: 24
24     packet: packet ERROR!!! accumulated num_err_pkt: 25
25     packet: packet ERROR!!! accumulated num_err_pkt: 26
26     packet: packet ERROR!!! accumulated num_err_pkt: 27
27     packet: packet ERROR!!! accumulated num_err_pkt: 28
28     packet: packet ERROR!!! accumulated num_err_pkt: 29
29     packet: packet ERROR!!! accumulated num_err_pkt: 30
30     packet: packet ERROR!!! accumulated num_err_pkt: 31
31     packet: packet ERROR!!! accumulated num_err_pkt: 32
32     packet: packet ERROR!!! accumulated num_err_pkt: 33
33     packet: packet ERROR!!! accumulated num_err_pkt: 34
34     packet: packet ERROR!!! accumulated num_err_pkt: 35
35     packet: packet ERROR!!! accumulated num_err_pkt: 36
36     packet: packet ERROR!!! accumulated num_err_pkt: 37
37     packet: packet ERROR!!! accumulated num_err_pkt: 38
38     packet: packet ERROR!!! accumulated num_err_pkt: 39
39     packet: packet ERROR!!! accumulated num_err_pkt: 40
40     packet: packet ERROR!!! accumulated num_err_pkt: 41
41     packet: packet ERROR!!! accumulated num_err_pkt: 42
42     packet: packet ERROR!!! accumulated num_err_pkt: 43
43     packet: packet ERROR!!! accumulated num_err_pkt: 44
44     packet: packet ERROR!!! accumulated num_err_pkt: 45
45     packet: packet ERROR!!! accumulated num_err_pkt: 46
46     packet: packet ERROR!!! accumulated num_err_pkt: 47
47     packet: packet ERROR!!! accumulated num_err_pkt: 48
48     packet: packet ERROR!!! accumulated num_err_pkt: 49
49     packet: packet ERROR!!! accumulated num_err_pkt: 50
50     packet: packet ERROR!!! accumulated num_err_pkt: 51
51     packet: packet ERROR!!! accumulated num_err_pkt: 52
52     packet: packet ERROR!!! accumulated num_err_pkt: 53
53     packet: packet ERROR!!! accumulated num_err_pkt: 54
54     packet: packet ERROR!!! accumulated num_err_pkt: 55
55     packet: packet ERROR!!! accumulated num_err_pkt: 56
56     packet: packet ERROR!!! accumulated num_err_pkt: 57
57     packet: packet ERROR!!! accumulated num_err_pkt: 58
58     packet: packet ERROR!!! accumulated num_err_pkt: 59
59     packet: packet ERROR!!! accumulated num_err_pkt: 60
60     packet: packet ERROR!!! accumulated num_err_pkt: 61
61     packet: packet ERROR!!! accumulated num_err_pkt: 62
62     packet: packet ERROR!!! accumulated num_err_pkt: 63
63     packet: packet ERROR!!! accumulated num_err_pkt: 64
64     packet: packet ERROR!!! accumulated num_err_pkt: 65
65     packet: packet ERROR!!! accumulated num_err_pkt: 66
66     packet: packet ERROR!!! accumulated num_err_pkt: 67
67     packet: packet ERROR!!! accumulated num_err_pkt: 68
68     packet: packet ERROR!!! accumulated num_err_pkt: 69
69     packet: packet ERROR!!! accumulated num_err_pkt: 70
70     packet: packet ERROR!!! accumulated num_err_pkt: 71
71     packet: packet ERROR!!! accumulated num_err_pkt: 72
72     packet: packet ERROR!!! accumulated num_err_pkt: 73
73     packet: packet ERROR!!! accumulated num_err_pkt: 74
74     packet: packet ERROR!!! accumulated num_err_pkt: 75
75     packet: packet ERROR!!! accumulated num_err_pkt: 76
76     packet: packet ERROR!!! accumulated num_err_pkt: 77
77     packet: packet ERROR!!! accumulated num_err_pkt: 78
78     packet: packet ERROR!!! accumulated num_err_pkt: 79
79     packet: packet ERROR!!! accumulated num_err_pkt: 80
80     packet: packet ERROR!!! accumulated num_err_pkt: 81
81     packet: packet ERROR!!! accumulated num_err_pkt: 82
82     packet: packet ERROR!!! accumulated num_err_pkt: 83
83     packet: packet ERROR!!! accumulated num_err_pkt: 84
84     packet: packet ERROR!!! accumulated num_err_pkt: 85
85     packet: packet ERROR!!! accumulated num_err_pkt: 86
86     packet: packet ERROR!!! accumulated num_err_pkt: 87
87     packet: packet ERROR!!! accumulated num_err_pkt: 88
88     packet: packet ERROR!!! accumulated num_err_pkt: 89
89     packet: packet ERROR!!! accumulated num_err_pkt: 90
90     packet: packet ERROR!!! accumulated num_err_pkt: 91
91     packet: packet ERROR!!! accumulated num_err_pkt: 92
92     packet: packet ERROR!!! accumulated num_err_pkt: 93
93     packet: packet ERROR!!! accumulated num_err_pkt: 94
94     packet: packet ERROR!!! accumulated num_err_pkt: 95
95     packet: packet ERROR!!! accumulated num_err_pkt: 96
96     packet: packet ERROR!!! accumulated num_err_pkt: 97
97     packet: packet ERROR!!! accumulated num_err_pkt: 98
98     packet: packet ERROR!!! accumulated num_err_pkt: 99
99     packet: packet ERROR!!! accumulated num_err_pkt: 100
SNR: 7
BER: 208.414, error_bits: 810312, total_bits: 3888
CER: 1, error_codewords: 5000, total_codewords: 5000
PER: 1, error_packets: 100, total_packets: 100

execution time: 43.732 seconds
snr = 7.5
code_rate = 1/2, qam_bit = 4, n_cw_to_sim = 2, cw_factor = 25
n_ss = 4, QAM = 16, path_num = 1
0     packet: packet ERROR!!! accumulated num_err_pkt: 1
1     packet: packet ERROR!!! accumulated num_err_pkt: 2
2     packet: packet ERROR!!! accumulated num_err_pkt: 3
3     packet: packet ERROR!!! accumulated num_err_pkt: 4
4     packet: packet ERROR!!! accumulated num_err_pkt: 5
5     packet: packet ERROR!!! accumulated num_err_pkt: 6
6     packet: packet ERROR!!! accumulated num_err_pkt: 7
7     packet: packet ERROR!!! accumulated num_err_pkt: 8
8     packet: packet ERROR!!! accumulated num_err_pkt: 9
9     packet: packet ERROR!!! accumulated num_err_pkt: 10
10     packet: packet ERROR!!! accumulated num_err_pkt: 11
11     packet: packet ERROR!!! accumulated num_err_pkt: 12
12     packet: packet ERROR!!! accumulated num_err_pkt: 13
13     packet: packet ERROR!!! accumulated num_err_pkt: 14
14     packet: packet ERROR!!! accumulated num_err_pkt: 15
15     packet: packet ERROR!!! accumulated num_err_pkt: 16
16     packet: packet ERROR!!! accumulated num_err_pkt: 17
17     packet: packet ERROR!!! accumulated num_err_pkt: 18
18     packet: packet ERROR!!! accumulated num_err_pkt: 19
19     packet: packet ERROR!!! accumulated num_err_pkt: 20
20     packet: packet ERROR!!! accumulated num_err_pkt: 21
21     packet: packet ERROR!!! accumulated num_err_pkt: 22
22     packet: packet ERROR!!! accumulated num_err_pkt: 23
23     packet: packet ERROR!!! accumulated num_err_pkt: 24
24     packet: packet ERROR!!! accumulated num_err_pkt: 25
25     packet: packet ERROR!!! accumulated num_err_pkt: 26
26     packet: packet ERROR!!! accumulated num_err_pkt: 27
27     packet: packet ERROR!!! accumulated num_err_pkt: 28
28     packet: packet ERROR!!! accumulated num_err_pkt: 29
29     packet: packet ERROR!!! accumulated num_err_pkt: 30
30     packet: packet ERROR!!! accumulated num_err_pkt: 31
31     packet: packet ERROR!!! accumulated num_err_pkt: 32
32     packet: packet ERROR!!! accumulated num_err_pkt: 33
33     packet: packet ERROR!!! accumulated num_err_pkt: 34
34     packet: packet ERROR!!! accumulated num_err_pkt: 35
35     packet: packet ERROR!!! accumulated num_err_pkt: 36
36     packet: packet ERROR!!! accumulated num_err_pkt: 37
37     packet: packet ERROR!!! accumulated num_err_pkt: 38
38     packet: packet ERROR!!! accumulated num_err_pkt: 39
39     packet: packet ERROR!!! accumulated num_err_pkt: 40
40     packet: packet ERROR!!! accumulated num_err_pkt: 41
41     packet: packet ERROR!!! accumulated num_err_pkt: 42
42     packet: packet ERROR!!! accumulated num_err_pkt: 43
43     packet: packet ERROR!!! accumulated num_err_pkt: 44
44     packet: packet ERROR!!! accumulated num_err_pkt: 45
45     packet: packet ERROR!!! accumulated num_err_pkt: 46
46     packet: packet ERROR!!! accumulated num_err_pkt: 47
47     packet: packet ERROR!!! accumulated num_err_pkt: 48
48     packet: packet ERROR!!! accumulated num_err_pkt: 49
49     packet: packet ERROR!!! accumulated num_err_pkt: 50
50     packet: packet ERROR!!! accumulated num_err_pkt: 51
51     packet: packet ERROR!!! accumulated num_err_pkt: 52
52     packet: packet ERROR!!! accumulated num_err_pkt: 53
53     packet: packet ERROR!!! accumulated num_err_pkt: 54
54     packet: packet ERROR!!! accumulated num_err_pkt: 55
55     packet: packet ERROR!!! accumulated num_err_pkt: 56
56     packet: packet ERROR!!! accumulated num_err_pkt: 57
57     packet: packet ERROR!!! accumulated num_err_pkt: 58
58     packet: packet ERROR!!! accumulated num_err_pkt: 59
59     packet: packet ERROR!!! accumulated num_err_pkt: 60
60     packet: packet ERROR!!! accumulated num_err_pkt: 61
61     packet: packet ERROR!!! accumulated num_err_pkt: 62
62     packet: packet ERROR!!! accumulated num_err_pkt: 63
63     packet: packet ERROR!!! accumulated num_err_pkt: 64
64     packet: packet ERROR!!! accumulated num_err_pkt: 65
65     packet: packet ERROR!!! accumulated num_err_pkt: 66
66     packet: packet ERROR!!! accumulated num_err_pkt: 67
67     packet: packet ERROR!!! accumulated num_err_pkt: 68
68     packet: packet ERROR!!! accumulated num_err_pkt: 69
69     packet: packet ERROR!!! accumulated num_err_pkt: 70
70     packet: packet ERROR!!! accumulated num_err_pkt: 71
71     packet: packet ERROR!!! accumulated num_err_pkt: 72
72     packet: packet ERROR!!! accumulated num_err_pkt: 73
73     packet: packet ERROR!!! accumulated num_err_pkt: 74
74     packet: packet ERROR!!! accumulated num_err_pkt: 75
75     packet: packet ERROR!!! accumulated num_err_pkt: 76
76     packet: packet ERROR!!! accumulated num_err_pkt: 77
77     packet: packet ERROR!!! accumulated num_err_pkt: 78
78     packet: packet ERROR!!! accumulated num_err_pkt: 79
79     packet: packet ERROR!!! accumulated num_err_pkt: 80
80     packet: packet ERROR!!! accumulated num_err_pkt: 81
81     packet: packet ERROR!!! accumulated num_err_pkt: 82
82     packet: packet ERROR!!! accumulated num_err_pkt: 83
83     packet: packet ERROR!!! accumulated num_err_pkt: 84
84     packet: packet ERROR!!! accumulated num_err_pkt: 85
85     packet: packet ERROR!!! accumulated num_err_pkt: 86
86     packet: packet ERROR!!! accumulated num_err_pkt: 87
87     packet: packet ERROR!!! accumulated num_err_pkt: 88
88     packet: packet ERROR!!! accumulated num_err_pkt: 89
89     packet: packet ERROR!!! accumulated num_err_pkt: 90
90     packet: packet ERROR!!! accumulated num_err_pkt: 91
91     packet: packet ERROR!!! accumulated num_err_pkt: 92
92     packet: packet ERROR!!! accumulated num_err_pkt: 93
93     packet: packet ERROR!!! accumulated num_err_pkt: 94
94     packet: packet ERROR!!! accumulated num_err_pkt: 95
95     packet: packet ERROR!!! accumulated num_err_pkt: 96
96     packet: packet ERROR!!! accumulated num_err_pkt: 97
97     packet: packet ERROR!!! accumulated num_err_pkt: 98
98     packet: packet ERROR!!! accumulated num_err_pkt: 99
99     packet: packet ERROR!!! accumulated num_err_pkt: 100
SNR: 7.5
BER: 167.417, error_bits: 650918, total_bits: 3888
CER: 1, error_codewords: 5000, total_codewords: 5000
PER: 1, error_packets: 100, total_packets: 100

execution time: 43.445 seconds
snr = 8
code_rate = 1/2, qam_bit = 4, n_cw_to_sim = 2, cw_factor = 25
n_ss = 4, QAM = 16, path_num = 1
0     packet: packet ERROR!!! accumulated num_err_pkt: 1
1     packet: packet ERROR!!! accumulated num_err_pkt: 2
2     packet: packet ERROR!!! accumulated num_err_pkt: 3
3     packet: packet ERROR!!! accumulated num_err_pkt: 4
4     packet: packet ERROR!!! accumulated num_err_pkt: 5
5     packet: packet ERROR!!! accumulated num_err_pkt: 6
6     packet: packet ERROR!!! accumulated num_err_pkt: 7
7     packet: packet ERROR!!! accumulated num_err_pkt: 8
8     packet: packet ERROR!!! accumulated num_err_pkt: 9
9     packet: packet ERROR!!! accumulated num_err_pkt: 10
10     packet: packet ERROR!!! accumulated num_err_pkt: 11
11     packet: packet ERROR!!! accumulated num_err_pkt: 12
12     packet: packet ERROR!!! accumulated num_err_pkt: 13
13     packet: packet ERROR!!! accumulated num_err_pkt: 14
14     packet: packet ERROR!!! accumulated num_err_pkt: 15
15     packet: packet ERROR!!! accumulated num_err_pkt: 16
16     packet: packet ERROR!!! accumulated num_err_pkt: 17
17     packet: packet ERROR!!! accumulated num_err_pkt: 18
18     packet: packet ERROR!!! accumulated num_err_pkt: 19
19     packet: packet ERROR!!! accumulated num_err_pkt: 20
20     packet: packet ERROR!!! accumulated num_err_pkt: 21
21     packet: packet ERROR!!! accumulated num_err_pkt: 22
22     packet: packet ERROR!!! accumulated num_err_pkt: 23
23     packet: packet ERROR!!! accumulated num_err_pkt: 24
24     packet: packet ERROR!!! accumulated num_err_pkt: 25
25     packet: packet ERROR!!! accumulated num_err_pkt: 26
26     packet: packet ERROR!!! accumulated num_err_pkt: 27
27     packet: packet ERROR!!! accumulated num_err_pkt: 28
28     packet: packet ERROR!!! accumulated num_err_pkt: 29
29     packet: packet ERROR!!! accumulated num_err_pkt: 30
30     packet: packet ERROR!!! accumulated num_err_pkt: 31
31     packet: packet ERROR!!! accumulated num_err_pkt: 32
32     packet: packet ERROR!!! accumulated num_err_pkt: 33
33     packet: packet ERROR!!! accumulated num_err_pkt: 34
34     packet: packet ERROR!!! accumulated num_err_pkt: 35
35     packet: packet ERROR!!! accumulated num_err_pkt: 36
36     packet: packet ERROR!!! accumulated num_err_pkt: 37
37     packet: packet ERROR!!! accumulated num_err_pkt: 38
38     packet: packet ERROR!!! accumulated num_err_pkt: 39
39     packet: packet ERROR!!! accumulated num_err_pkt: 40
40     packet: packet ERROR!!! accumulated num_err_pkt: 41
41     packet: packet ERROR!!! accumulated num_err_pkt: 42
42     packet: packet ERROR!!! accumulated num_err_pkt: 43
43     packet: packet ERROR!!! accumulated num_err_pkt: 44
44     packet: packet ERROR!!! accumulated num_err_pkt: 45
45     packet: packet ERROR!!! accumulated num_err_pkt: 46
46     packet: packet ERROR!!! accumulated num_err_pkt: 47
47     packet: packet ERROR!!! accumulated num_err_pkt: 48
48     packet: packet ERROR!!! accumulated num_err_pkt: 49
49     packet: packet ERROR!!! accumulated num_err_pkt: 50
50     packet: packet ERROR!!! accumulated num_err_pkt: 51
51     packet: packet ERROR!!! accumulated num_err_pkt: 52
52     packet: packet ERROR!!! accumulated num_err_pkt: 53
53     packet: packet ERROR!!! accumulated num_err_pkt: 54
54     packet: packet ERROR!!! accumulated num_err_pkt: 55
55     packet: packet ERROR!!! accumulated num_err_pkt: 56
56     packet: packet ERROR!!! accumulated num_err_pkt: 57
57     packet: packet ERROR!!! accumulated num_err_pkt: 58
58     packet: packet ERROR!!! accumulated num_err_pkt: 59
59     packet: packet ERROR!!! accumulated num_err_pkt: 60
60     packet: packet ERROR!!! accumulated num_err_pkt: 61
61     packet: packet ERROR!!! accumulated num_err_pkt: 62
62     packet: packet ERROR!!! accumulated num_err_pkt: 63
63     packet: packet ERROR!!! accumulated num_err_pkt: 64
64     packet: packet ERROR!!! accumulated num_err_pkt: 65
65     packet: packet ERROR!!! accumulated num_err_pkt: 66
66     packet: packet ERROR!!! accumulated num_err_pkt: 67
67     packet: packet ERROR!!! accumulated num_err_pkt: 68
68     packet: packet ERROR!!! accumulated num_err_pkt: 69
69     packet: packet ERROR!!! accumulated num_err_pkt: 70
70     packet: packet ERROR!!! accumulated num_err_pkt: 71
71     packet: packet ERROR!!! accumulated num_err_pkt: 72
72     packet: packet ERROR!!! accumulated num_err_pkt: 73
73     packet: packet ERROR!!! accumulated num_err_pkt: 74
74     packet: packet ERROR!!! accumulated num_err_pkt: 75
75     packet: packet ERROR!!! accumulated num_err_pkt: 76
76     packet: packet ERROR!!! accumulated num_err_pkt: 77
77     packet: packet ERROR!!! accumulated num_err_pkt: 78
78     packet: packet ERROR!!! accumulated num_err_pkt: 79
79     packet: packet ERROR!!! accumulated num_err_pkt: 80
80     packet: packet ERROR!!! accumulated num_err_pkt: 81
81     packet: packet ERROR!!! accumulated num_err_pkt: 82
82     packet: packet ERROR!!! accumulated num_err_pkt: 83
83     packet: packet ERROR!!! accumulated num_err_pkt: 84
84     packet: packet ERROR!!! accumulated num_err_pkt: 85
85     packet: packet ERROR!!! accumulated num_err_pkt: 86
86     packet: packet ERROR!!! accumulated num_err_pkt: 87
87     packet: packet ERROR!!! accumulated num_err_pkt: 88
88     packet: packet ERROR!!! accumulated num_err_pkt: 89
89     packet: packet ERROR!!! accumulated num_err_pkt: 90
90     packet: packet ERROR!!! accumulated num_err_pkt: 91
91     packet: packet ERROR!!! accumulated num_err_pkt: 92
92     packet: packet ERROR!!! accumulated num_err_pkt: 93
93     packet: packet ERROR!!! accumulated num_err_pkt: 94
94     packet: packet ERROR!!! accumulated num_err_pkt: 95
95     packet: packet ERROR!!! accumulated num_err_pkt: 96
96     packet: packet ERROR!!! accumulated num_err_pkt: 97
97     packet: packet ERROR!!! accumulated num_err_pkt: 98
98     packet: packet ERROR!!! accumulated num_err_pkt: 99
99     packet: packet ERROR!!! accumulated num_err_pkt: 100
SNR: 8
BER: 118.779, error_bits: 461814, total_bits: 3888
CER: 1, error_codewords: 5000, total_codewords: 5000
PER: 1, error_packets: 100, total_packets: 100

execution time: 37.935 seconds
snr = 8.5
code_rate = 1/2, qam_bit = 4, n_cw_to_sim = 2, cw_factor = 25
n_ss = 4, QAM = 16, path_num = 1
0     packet: packet ERROR!!! accumulated num_err_pkt: 1
1     packet: packet ERROR!!! accumulated num_err_pkt: 2
2     packet: packet ERROR!!! accumulated num_err_pkt: 3
3     packet: packet ERROR!!! accumulated num_err_pkt: 4
4     packet: packet ERROR!!! accumulated num_err_pkt: 5
5     packet: packet ERROR!!! accumulated num_err_pkt: 6
6     packet: packet ERROR!!! accumulated num_err_pkt: 7
7     packet: packet ERROR!!! accumulated num_err_pkt: 8
8     packet: packet ERROR!!! accumulated num_err_pkt: 9
9     packet: packet ERROR!!! accumulated num_err_pkt: 10
10     packet: packet ERROR!!! accumulated num_err_pkt: 11
11     packet: packet ERROR!!! accumulated num_err_pkt: 12
12     packet: packet ERROR!!! accumulated num_err_pkt: 13
13     packet: packet ERROR!!! accumulated num_err_pkt: 14
14     packet: packet ERROR!!! accumulated num_err_pkt: 15
15     packet: packet ERROR!!! accumulated num_err_pkt: 16
16     packet: packet ERROR!!! accumulated num_err_pkt: 17
17     packet: packet ERROR!!! accumulated num_err_pkt: 18
18     packet: packet ERROR!!! accumulated num_err_pkt: 19
19     packet: packet ERROR!!! accumulated num_err_pkt: 20
20     packet: packet ERROR!!! accumulated num_err_pkt: 21
21     packet: packet ERROR!!! accumulated num_err_pkt: 22
22     packet: packet ERROR!!! accumulated num_err_pkt: 23
23     packet: packet ERROR!!! accumulated num_err_pkt: 24
24     packet: packet ERROR!!! accumulated num_err_pkt: 25
25     packet: packet ERROR!!! accumulated num_err_pkt: 26
26     packet: packet ERROR!!! accumulated num_err_pkt: 27
27     packet: packet ERROR!!! accumulated num_err_pkt: 28
28     packet: packet ERROR!!! accumulated num_err_pkt: 29
29     packet: packet ERROR!!! accumulated num_err_pkt: 30
30     packet: packet ERROR!!! accumulated num_err_pkt: 31
31     packet: packet ERROR!!! accumulated num_err_pkt: 32
32     packet: packet ERROR!!! accumulated num_err_pkt: 33
33     packet: packet ERROR!!! accumulated num_err_pkt: 34
34     packet: packet ERROR!!! accumulated num_err_pkt: 35
35     packet: packet ERROR!!! accumulated num_err_pkt: 36
36     packet: packet ERROR!!! accumulated num_err_pkt: 37
37     packet: packet ERROR!!! accumulated num_err_pkt: 38
38     packet: packet ERROR!!! accumulated num_err_pkt: 39
39     packet: packet ERROR!!! accumulated num_err_pkt: 40
40     packet: packet ERROR!!! accumulated num_err_pkt: 41
41     packet: packet ERROR!!! accumulated num_err_pkt: 42
42     packet: packet ERROR!!! accumulated num_err_pkt: 43
43     packet: packet ERROR!!! accumulated num_err_pkt: 44
44     packet: packet ERROR!!! accumulated num_err_pkt: 45
45     packet: packet ERROR!!! accumulated num_err_pkt: 46
46     packet: packet ERROR!!! accumulated num_err_pkt: 47
47     packet: packet ERROR!!! accumulated num_err_pkt: 48
48     packet: packet ERROR!!! accumulated num_err_pkt: 49
49     packet: packet ERROR!!! accumulated num_err_pkt: 50
50     packet: packet ERROR!!! accumulated num_err_pkt: 51
51     packet: packet ERROR!!! accumulated num_err_pkt: 52
52     packet: packet ERROR!!! accumulated num_err_pkt: 53
53     packet: packet ERROR!!! accumulated num_err_pkt: 54
54     packet: packet ERROR!!! accumulated num_err_pkt: 55
55     packet: packet ERROR!!! accumulated num_err_pkt: 56
56     packet: packet ERROR!!! accumulated num_err_pkt: 57
57     packet: packet ERROR!!! accumulated num_err_pkt: 58
58     packet: packet ERROR!!! accumulated num_err_pkt: 59
59     packet: packet ERROR!!! accumulated num_err_pkt: 60
60     packet: packet ERROR!!! accumulated num_err_pkt: 61
61     packet: packet ERROR!!! accumulated num_err_pkt: 62
62     packet: packet ERROR!!! accumulated num_err_pkt: 63
63     packet: packet ERROR!!! accumulated num_err_pkt: 64
64     packet: packet ERROR!!! accumulated num_err_pkt: 65
65     packet: packet ERROR!!! accumulated num_err_pkt: 66
66     packet: packet ERROR!!! accumulated num_err_pkt: 67
67     packet: packet ERROR!!! accumulated num_err_pkt: 68
68     packet: packet ERROR!!! accumulated num_err_pkt: 69
69     packet: packet ERROR!!! accumulated num_err_pkt: 70
70     packet: packet ERROR!!! accumulated num_err_pkt: 71
71     packet: packet ERROR!!! accumulated num_err_pkt: 72
72     packet: packet ERROR!!! accumulated num_err_pkt: 73
73     packet: packet ERROR!!! accumulated num_err_pkt: 74
74     packet: packet ERROR!!! accumulated num_err_pkt: 75
75     packet: packet ERROR!!! accumulated num_err_pkt: 76
76     packet: packet ERROR!!! accumulated num_err_pkt: 77
77     packet: packet ERROR!!! accumulated num_err_pkt: 78
78     packet: packet ERROR!!! accumulated num_err_pkt: 79
79     packet: packet ERROR!!! accumulated num_err_pkt: 80
80     packet: packet ERROR!!! accumulated num_err_pkt: 81
81     packet: packet ERROR!!! accumulated num_err_pkt: 82
82     packet: packet ERROR!!! accumulated num_err_pkt: 83
83     packet: packet ERROR!!! accumulated num_err_pkt: 84
84     packet: packet ERROR!!! accumulated num_err_pkt: 85
85     packet: packet ERROR!!! accumulated num_err_pkt: 86
86     packet: packet ERROR!!! accumulated num_err_pkt: 87
87     packet: packet ERROR!!! accumulated num_err_pkt: 88
88     packet: packet ERROR!!! accumulated num_err_pkt: 89
89     packet: packet ERROR!!! accumulated num_err_pkt: 90
90     packet: packet ERROR!!! accumulated num_err_pkt: 91
91     packet: packet ERROR!!! accumulated num_err_pkt: 92
92     packet: packet ERROR!!! accumulated num_err_pkt: 93
93     packet: packet ERROR!!! accumulated num_err_pkt: 94
94     packet: packet ERROR!!! accumulated num_err_pkt: 95
95     packet: packet ERROR!!! accumulated num_err_pkt: 96
96     packet: packet ERROR!!! accumulated num_err_pkt: 97
97     packet: packet ERROR!!! accumulated num_err_pkt: 98
98     packet: packet ERROR!!! accumulated num_err_pkt: 99
99     packet: packet ERROR!!! accumulated num_err_pkt: 100
SNR: 8.5
BER: 66.1667, error_bits: 257256, total_bits: 3888
CER: 0.9968, error_codewords: 4984, total_codewords: 5000
PER: 1, error_packets: 100, total_packets: 100

execution time: 30.257 seconds
snr = 9
code_rate = 1/2, qam_bit = 4, n_cw_to_sim = 2, cw_factor = 25
n_ss = 4, QAM = 16, path_num = 1
0     packet: packet ERROR!!! accumulated num_err_pkt: 1
1     packet: packet ERROR!!! accumulated num_err_pkt: 2
2     packet: packet ERROR!!! accumulated num_err_pkt: 3
3     packet: packet ERROR!!! accumulated num_err_pkt: 4
4     packet: packet ERROR!!! accumulated num_err_pkt: 5
5     packet: packet ERROR!!! accumulated num_err_pkt: 6
6     packet: packet ERROR!!! accumulated num_err_pkt: 7
7     packet: packet ERROR!!! accumulated num_err_pkt: 8
8     packet: packet ERROR!!! accumulated num_err_pkt: 9
9     packet: packet ERROR!!! accumulated num_err_pkt: 10
10     packet: packet ERROR!!! accumulated num_err_pkt: 11
11     packet: packet ERROR!!! accumulated num_err_pkt: 12
12     packet: packet ERROR!!! accumulated num_err_pkt: 13
13     packet: packet ERROR!!! accumulated num_err_pkt: 14
14     packet: packet ERROR!!! accumulated num_err_pkt: 15
15     packet: packet ERROR!!! accumulated num_err_pkt: 16
16     packet: packet ERROR!!! accumulated num_err_pkt: 17
17     packet: packet ERROR!!! accumulated num_err_pkt: 18
18     packet: packet ERROR!!! accumulated num_err_pkt: 19
19     packet: packet ERROR!!! accumulated num_err_pkt: 20
20     packet: packet ERROR!!! accumulated num_err_pkt: 21
21     packet: packet ERROR!!! accumulated num_err_pkt: 22
22     packet: packet ERROR!!! accumulated num_err_pkt: 23
23     packet: packet ERROR!!! accumulated num_err_pkt: 24
24     packet: packet ERROR!!! accumulated num_err_pkt: 25
25     packet: packet ERROR!!! accumulated num_err_pkt: 26
26     packet: packet ERROR!!! accumulated num_err_pkt: 27
27     packet: packet ERROR!!! accumulated num_err_pkt: 28
28     packet: packet ERROR!!! accumulated num_err_pkt: 29
29     packet: packet ERROR!!! accumulated num_err_pkt: 30
30     packet: packet ERROR!!! accumulated num_err_pkt: 31
31     packet: packet ERROR!!! accumulated num_err_pkt: 32
32     packet: packet ERROR!!! accumulated num_err_pkt: 33
33     packet: packet ERROR!!! accumulated num_err_pkt: 34
34     packet: packet ERROR!!! accumulated num_err_pkt: 35
35     packet: packet ERROR!!! accumulated num_err_pkt: 36
36     packet: packet ERROR!!! accumulated num_err_pkt: 37
37     packet: packet ERROR!!! accumulated num_err_pkt: 38
38     packet: packet ERROR!!! accumulated num_err_pkt: 39
39     packet: packet ERROR!!! accumulated num_err_pkt: 40
40     packet: packet ERROR!!! accumulated num_err_pkt: 41
41     packet: packet ERROR!!! accumulated num_err_pkt: 42
42     packet: packet ERROR!!! accumulated num_err_pkt: 43
43     packet: packet ERROR!!! accumulated num_err_pkt: 44
44     packet: packet ERROR!!! accumulated num_err_pkt: 45
45     packet: packet ERROR!!! accumulated num_err_pkt: 46
46     packet: packet ERROR!!! accumulated num_err_pkt: 47
47     packet: packet ERROR!!! accumulated num_err_pkt: 48
48     packet: packet ERROR!!! accumulated num_err_pkt: 49
49     packet: packet ERROR!!! accumulated num_err_pkt: 50
50     packet: packet ERROR!!! accumulated num_err_pkt: 51
51     packet: packet ERROR!!! accumulated num_err_pkt: 52
52     packet: packet ERROR!!! accumulated num_err_pkt: 53
53     packet: packet ERROR!!! accumulated num_err_pkt: 54
54     packet: packet ERROR!!! accumulated num_err_pkt: 55
55     packet: packet ERROR!!! accumulated num_err_pkt: 56
56     packet: packet ERROR!!! accumulated num_err_pkt: 57
57     packet: packet ERROR!!! accumulated num_err_pkt: 58
58     packet: packet ERROR!!! accumulated num_err_pkt: 59
59     packet: packet ERROR!!! accumulated num_err_pkt: 60
60     packet: packet ERROR!!! accumulated num_err_pkt: 61
61     packet: packet ERROR!!! accumulated num_err_pkt: 62
62     packet: packet ERROR!!! accumulated num_err_pkt: 63
63     packet: packet ERROR!!! accumulated num_err_pkt: 64
64     packet: packet ERROR!!! accumulated num_err_pkt: 65
65     packet: packet ERROR!!! accumulated num_err_pkt: 66
66     packet: packet ERROR!!! accumulated num_err_pkt: 67
67     packet: packet ERROR!!! accumulated num_err_pkt: 68
68     packet: packet ERROR!!! accumulated num_err_pkt: 69
69     packet: packet ERROR!!! accumulated num_err_pkt: 70
70     packet: packet ERROR!!! accumulated num_err_pkt: 71
71     packet: packet ERROR!!! accumulated num_err_pkt: 72
72     packet: packet ERROR!!! accumulated num_err_pkt: 73
73     packet: packet ERROR!!! accumulated num_err_pkt: 74
74     packet: packet ERROR!!! accumulated num_err_pkt: 75
75     packet: packet ERROR!!! accumulated num_err_pkt: 76
76     packet: packet ERROR!!! accumulated num_err_pkt: 77
77     packet: packet ERROR!!! accumulated num_err_pkt: 78
78     packet: packet ERROR!!! accumulated num_err_pkt: 79
79     packet: packet ERROR!!! accumulated num_err_pkt: 80
80     packet: packet ERROR!!! accumulated num_err_pkt: 81
81     packet: packet ERROR!!! accumulated num_err_pkt: 82
82     packet: packet ERROR!!! accumulated num_err_pkt: 83
83     packet: packet ERROR!!! accumulated num_err_pkt: 84
84     packet: packet ERROR!!! accumulated num_err_pkt: 85
85     packet: packet ERROR!!! accumulated num_err_pkt: 86
86     packet: packet ERROR!!! accumulated num_err_pkt: 87
87     packet: packet ERROR!!! accumulated num_err_pkt: 88
88     packet: packet ERROR!!! accumulated num_err_pkt: 89
89     packet: packet ERROR!!! accumulated num_err_pkt: 90
90     packet: packet ERROR!!! accumulated num_err_pkt: 91
91     packet: packet ERROR!!! accumulated num_err_pkt: 92
92     packet: packet ERROR!!! accumulated num_err_pkt: 93
93     packet: packet ERROR!!! accumulated num_err_pkt: 94
94     packet: packet ERROR!!! accumulated num_err_pkt: 95
95     packet: packet ERROR!!! accumulated num_err_pkt: 96
96     packet: packet ERROR!!! accumulated num_err_pkt: 97
97     packet: packet ERROR!!! accumulated num_err_pkt: 98
98     packet: packet ERROR!!! accumulated num_err_pkt: 99
99     packet: packet ERROR!!! accumulated num_err_pkt: 100
SNR: 9
BER: 24.0702, error_bits: 93585, total_bits: 3888
CER: 0.919, error_codewords: 4595, total_codewords: 5000
PER: 1, error_packets: 100, total_packets: 100

execution time: 26.293 seconds
snr = 9.5
code_rate = 1/2, qam_bit = 4, n_cw_to_sim = 2, cw_factor = 25
n_ss = 4, QAM = 16, path_num = 1
0     packet: packet ERROR!!! accumulated num_err_pkt: 1
1     packet: packet ERROR!!! accumulated num_err_pkt: 2
2     packet: packet ERROR!!! accumulated num_err_pkt: 3
3     packet: packet ERROR!!! accumulated num_err_pkt: 4
4     packet: packet ERROR!!! accumulated num_err_pkt: 5
5     packet: packet ERROR!!! accumulated num_err_pkt: 6
6     packet: packet ERROR!!! accumulated num_err_pkt: 7
7     packet: packet ERROR!!! accumulated num_err_pkt: 8
8     packet: packet ERROR!!! accumulated num_err_pkt: 9
9     packet: packet ERROR!!! accumulated num_err_pkt: 10
10     packet: packet ERROR!!! accumulated num_err_pkt: 11
11     packet: packet ERROR!!! accumulated num_err_pkt: 12
12     packet: packet ERROR!!! accumulated num_err_pkt: 13
13     packet: packet ERROR!!! accumulated num_err_pkt: 14
14     packet: packet ERROR!!! accumulated num_err_pkt: 15
15     packet: packet ERROR!!! accumulated num_err_pkt: 16
16     packet: packet ERROR!!! accumulated num_err_pkt: 17
17     packet: packet ERROR!!! accumulated num_err_pkt: 18
18     packet: packet ERROR!!! accumulated num_err_pkt: 19
19     packet: packet ERROR!!! accumulated num_err_pkt: 20
20     packet: packet ERROR!!! accumulated num_err_pkt: 21
21     packet: packet ERROR!!! accumulated num_err_pkt: 22
22     packet: packet ERROR!!! accumulated num_err_pkt: 23
23     packet: packet ERROR!!! accumulated num_err_pkt: 24
24     packet: packet ERROR!!! accumulated num_err_pkt: 25
25     packet: packet ERROR!!! accumulated num_err_pkt: 26
26     packet: packet ERROR!!! accumulated num_err_pkt: 27
27     packet: packet ERROR!!! accumulated num_err_pkt: 28
28     packet: packet ERROR!!! accumulated num_err_pkt: 29
29     packet: packet ERROR!!! accumulated num_err_pkt: 30
30     packet: packet ERROR!!! accumulated num_err_pkt: 31
31     packet: packet ERROR!!! accumulated num_err_pkt: 32
32     packet: packet ERROR!!! accumulated num_err_pkt: 33
33     packet: packet ERROR!!! accumulated num_err_pkt: 34
34     packet: packet ERROR!!! accumulated num_err_pkt: 35
35     packet: packet ERROR!!! accumulated num_err_pkt: 36
36     packet: packet ERROR!!! accumulated num_err_pkt: 37
37     packet: packet ERROR!!! accumulated num_err_pkt: 38
38     packet: packet ERROR!!! accumulated num_err_pkt: 39
39     packet: packet ERROR!!! accumulated num_err_pkt: 40
40     packet: packet ERROR!!! accumulated num_err_pkt: 41
41     packet: packet ERROR!!! accumulated num_err_pkt: 42
42     packet: packet ERROR!!! accumulated num_err_pkt: 43
43     packet: packet ERROR!!! accumulated num_err_pkt: 44
44     packet: packet ERROR!!! accumulated num_err_pkt: 45
45     packet: packet ERROR!!! accumulated num_err_pkt: 46
46     packet: packet ERROR!!! accumulated num_err_pkt: 47
47     packet: packet ERROR!!! accumulated num_err_pkt: 48
48     packet: packet ERROR!!! accumulated num_err_pkt: 49
49     packet: packet ERROR!!! accumulated num_err_pkt: 50
50     packet: packet ERROR!!! accumulated num_err_pkt: 51
51     packet: packet ERROR!!! accumulated num_err_pkt: 52
52     packet: packet ERROR!!! accumulated num_err_pkt: 53
53     packet: packet ERROR!!! accumulated num_err_pkt: 54
54     packet: packet ERROR!!! accumulated num_err_pkt: 55
55     packet: packet ERROR!!! accumulated num_err_pkt: 56
56     packet: packet ERROR!!! accumulated num_err_pkt: 57
57     packet: packet ERROR!!! accumulated num_err_pkt: 58
58     packet: packet ERROR!!! accumulated num_err_pkt: 59
59     packet: packet ERROR!!! accumulated num_err_pkt: 60
60     packet: packet ERROR!!! accumulated num_err_pkt: 61
61     packet: packet ERROR!!! accumulated num_err_pkt: 62
62     packet: packet ERROR!!! accumulated num_err_pkt: 63
63     packet: packet ERROR!!! accumulated num_err_pkt: 64
64     packet: packet ERROR!!! accumulated num_err_pkt: 65
65     packet: packet ERROR!!! accumulated num_err_pkt: 66
66     packet: packet ERROR!!! accumulated num_err_pkt: 67
67     packet: packet ERROR!!! accumulated num_err_pkt: 68
68     packet: packet ERROR!!! accumulated num_err_pkt: 69
69     packet: packet ERROR!!! accumulated num_err_pkt: 70
70     packet: packet ERROR!!! accumulated num_err_pkt: 71
71     packet: packet ERROR!!! accumulated num_err_pkt: 72
72     packet: packet ERROR!!! accumulated num_err_pkt: 73
73     packet: packet ERROR!!! accumulated num_err_pkt: 74
74     packet: packet ERROR!!! accumulated num_err_pkt: 75
75     packet: packet ERROR!!! accumulated num_err_pkt: 76
76     packet: packet ERROR!!! accumulated num_err_pkt: 77
77     packet: packet ERROR!!! accumulated num_err_pkt: 78
78     packet: packet ERROR!!! accumulated num_err_pkt: 79
79     packet: packet ERROR!!! accumulated num_err_pkt: 80
80     packet: packet ERROR!!! accumulated num_err_pkt: 81
81     packet: packet ERROR!!! accumulated num_err_pkt: 82
82     packet: packet ERROR!!! accumulated num_err_pkt: 83
83     packet: packet ERROR!!! accumulated num_err_pkt: 84
84     packet: packet ERROR!!! accumulated num_err_pkt: 85
85     packet: packet ERROR!!! accumulated num_err_pkt: 86
86     packet: packet ERROR!!! accumulated num_err_pkt: 87
87     packet: packet ERROR!!! accumulated num_err_pkt: 88
88     packet: packet ERROR!!! accumulated num_err_pkt: 89
89     packet: packet ERROR!!! accumulated num_err_pkt: 90
90     packet: packet ERROR!!! accumulated num_err_pkt: 91
91     packet: packet ERROR!!! accumulated num_err_pkt: 92
92     packet: packet ERROR!!! accumulated num_err_pkt: 93
93     packet: packet ERROR!!! accumulated num_err_pkt: 94
94     packet: packet ERROR!!! accumulated num_err_pkt: 95
95     packet: packet ERROR!!! accumulated num_err_pkt: 96
96     packet: packet ERROR!!! accumulated num_err_pkt: 97
97     packet: packet ERROR!!! accumulated num_err_pkt: 98
98     packet: packet ERROR!!! accumulated num_err_pkt: 99
99     packet: packet ERROR!!! accumulated num_err_pkt: 100
SNR: 9.5
BER: 5.03987, error_bits: 19595, total_bits: 3888
CER: 0.5526, error_codewords: 2763, total_codewords: 5000
PER: 1, error_packets: 100, total_packets: 100

execution time: 23.522 seconds
snr = 10
code_rate = 1/2, qam_bit = 4, n_cw_to_sim = 2, cw_factor = 25
n_ss = 4, QAM = 16, path_num = 1
0     packet: packet ERROR!!! accumulated num_err_pkt: 1
1     packet: packet ERROR!!! accumulated num_err_pkt: 2
2     packet: packet ERROR!!! accumulated num_err_pkt: 3
3     packet: packet ERROR!!! accumulated num_err_pkt: 4
4     packet: packet ERROR!!! accumulated num_err_pkt: 5
5     packet: packet ERROR!!! accumulated num_err_pkt: 6
6     packet: packet ERROR!!! accumulated num_err_pkt: 7
7     packet: packet ERROR!!! accumulated num_err_pkt: 8
8     packet: packet ERROR!!! accumulated num_err_pkt: 9
9     packet: packet ERROR!!! accumulated num_err_pkt: 10
10     packet: packet ERROR!!! accumulated num_err_pkt: 11
11     packet: packet ERROR!!! accumulated num_err_pkt: 12
12     packet: packet ERROR!!! accumulated num_err_pkt: 13
13     packet: packet ERROR!!! accumulated num_err_pkt: 14
14     packet: packet ERROR!!! accumulated num_err_pkt: 15
15     packet: packet ERROR!!! accumulated num_err_pkt: 16
16     packet: packet ERROR!!! accumulated num_err_pkt: 17
17     packet: packet ERROR!!! accumulated num_err_pkt: 18
18     packet: packet ERROR!!! accumulated num_err_pkt: 19
19     packet: packet ERROR!!! accumulated num_err_pkt: 20
20     packet: packet ERROR!!! accumulated num_err_pkt: 21
21     packet: packet ERROR!!! accumulated num_err_pkt: 22
22     packet: packet ERROR!!! accumulated num_err_pkt: 23
23     packet: packet ERROR!!! accumulated num_err_pkt: 24
24     packet: packet ERROR!!! accumulated num_err_pkt: 25
25     packet: packet ERROR!!! accumulated num_err_pkt: 26
26     packet: packet ERROR!!! accumulated num_err_pkt: 27
27     packet: packet ERROR!!! accumulated num_err_pkt: 28
28     packet: packet ERROR!!! accumulated num_err_pkt: 29
29     packet: packet ERROR!!! accumulated num_err_pkt: 30
30     packet: packet ERROR!!! accumulated num_err_pkt: 31
31     packet: packet ERROR!!! accumulated num_err_pkt: 32
32     packet: packet ERROR!!! accumulated num_err_pkt: 33
33     packet: packet ERROR!!! accumulated num_err_pkt: 34
34     packet: packet ERROR!!! accumulated num_err_pkt: 35
35     packet: packet ERROR!!! accumulated num_err_pkt: 36
36     packet: packet ERROR!!! accumulated num_err_pkt: 37
37     packet: packet ERROR!!! accumulated num_err_pkt: 38
38     packet: packet ERROR!!! accumulated num_err_pkt: 39
39     packet: packet ERROR!!! accumulated num_err_pkt: 40
40     packet: packet ERROR!!! accumulated num_err_pkt: 41
41     packet: packet ERROR!!! accumulated num_err_pkt: 42
42     packet: packet ERROR!!! accumulated num_err_pkt: 43
43     packet: packet ERROR!!! accumulated num_err_pkt: 44
44     packet: packet ERROR!!! accumulated num_err_pkt: 45
45     packet: packet ERROR!!! accumulated num_err_pkt: 46
46     packet: packet ERROR!!! accumulated num_err_pkt: 47
47     packet: packet ERROR!!! accumulated num_err_pkt: 48
48     packet: packet ERROR!!! accumulated num_err_pkt: 49
49     packet: packet ERROR!!! accumulated num_err_pkt: 50
50     packet: packet ERROR!!! accumulated num_err_pkt: 51
51     packet: packet ERROR!!! accumulated num_err_pkt: 52
52     packet: packet ERROR!!! accumulated num_err_pkt: 53
53     packet: packet ERROR!!! accumulated num_err_pkt: 54
54     packet: packet ERROR!!! accumulated num_err_pkt: 55
55     packet: packet ERROR!!! accumulated num_err_pkt: 56
56     packet: packet ERROR!!! accumulated num_err_pkt: 57
57     packet: packet ERROR!!! accumulated num_err_pkt: 58
58     packet: packet ERROR!!! accumulated num_err_pkt: 59
59     packet: packet ERROR!!! accumulated num_err_pkt: 60
60     packet: packet ERROR!!! accumulated num_err_pkt: 61
61     packet: packet ERROR!!! accumulated num_err_pkt: 62
62     packet: packet ERROR!!! accumulated num_err_pkt: 63
63     packet: packet ERROR!!! accumulated num_err_pkt: 64
64     packet: packet ERROR!!! accumulated num_err_pkt: 65
65     packet: packet ERROR!!! accumulated num_err_pkt: 66
66     packet: packet ERROR!!! accumulated num_err_pkt: 67
67     packet: packet ERROR!!! accumulated num_err_pkt: 68
68     packet: packet ERROR!!! accumulated num_err_pkt: 69
69     packet: packet ERROR!!! accumulated num_err_pkt: 70
70     packet: packet ERROR!!! accumulated num_err_pkt: 71
71     packet: packet ERROR!!! accumulated num_err_pkt: 72
72     packet: packet ERROR!!! accumulated num_err_pkt: 73
73     packet: packet ERROR!!! accumulated num_err_pkt: 74
74     packet: packet ERROR!!! accumulated num_err_pkt: 75
75     packet: packet ERROR!!! accumulated num_err_pkt: 76
76     packet: packet ERROR!!! accumulated num_err_pkt: 77
77     packet: packet ERROR!!! accumulated num_err_pkt: 78
78     packet: packet ERROR!!! accumulated num_err_pkt: 79
79     packet: packet ERROR!!! accumulated num_err_pkt: 80
80     packet: packet ERROR!!! accumulated num_err_pkt: 81
81     packet: packet ERROR!!! accumulated num_err_pkt: 82
82     packet: packet ERROR!!! accumulated num_err_pkt: 83
83     packet: packet ERROR!!! accumulated num_err_pkt: 84
84     packet: packet ERROR!!! accumulated num_err_pkt: 85
85     packet: packet ERROR!!! accumulated num_err_pkt: 86
86     packet: packet ERROR!!! accumulated num_err_pkt: 87
87     packet: packet ERROR!!! accumulated num_err_pkt: 88
88     packet: packet ERROR!!! accumulated num_err_pkt: 89
89     packet: packet ERROR!!! accumulated num_err_pkt: 90
90     packet: packet ERROR!!! accumulated num_err_pkt: 91
91     packet: packet ERROR!!! accumulated num_err_pkt: 92
92     packet: packet ERROR!!! accumulated num_err_pkt: 93
93     packet: packet ERROR!!! accumulated num_err_pkt: 94
94     packet: packet ERROR!!! accumulated num_err_pkt: 95
95     packet: packet ERROR!!! accumulated num_err_pkt: 96
96     packet: packet ERROR!!! accumulated num_err_pkt: 97
97     packet: packet ERROR!!! accumulated num_err_pkt: 98
98     packet: packet ERROR!!! accumulated num_err_pkt: 99
99     packet: packet ERROR!!! accumulated num_err_pkt: 100
SNR: 10
BER: 0.747428, error_bits: 2906, total_bits: 3888
CER: 0.1798, error_codewords: 899, total_codewords: 5000
PER: 1, error_packets: 100, total_packets: 100

execution time: 19.997 seconds
Unknown argument: 3
Unknown argument: 7
Unknown argument: 10
test end
