snr = 17
code_rate = 5/6, qam_bit = 6, n_cw_to_sim = 1, cw_factor = 50
n_ss = 4, QAM = 64, path_num = 1
0     packet: packet ERROR!!! accumulated num_err_pkt: 1
1     packet: packet ERROR!!! accumulated num_err_pkt: 2
2     packet: packet ERROR!!! accumulated num_err_pkt: 3
3     packet: packet ERROR!!! accumulated num_err_pkt: 4
4     packet: packet ERROR!!! accumulated num_err_pkt: 5
5     packet: packet ERROR!!! accumulated num_err_pkt: 6
6     packet: packet ERROR!!! accumulated num_err_pkt: 7
7     packet: packet ERROR!!! accumulated num_err_pkt: 8
8     packet: packet ERROR!!! accumulated num_err_pkt: 9
9     packet: packet ERROR!!! accumulated num_err_pkt: 10
10     packet: packet ERROR!!! accumulated num_err_pkt: 11
11     packet: packet ERROR!!! accumulated num_err_pkt: 12
12     packet: packet ERROR!!! accumulated num_err_pkt: 13
13     packet: packet ERROR!!! accumulated num_err_pkt: 14
14     packet: packet ERROR!!! accumulated num_err_pkt: 15
15     packet: packet ERROR!!! accumulated num_err_pkt: 16
16     packet: packet ERROR!!! accumulated num_err_pkt: 17
17     packet: packet ERROR!!! accumulated num_err_pkt: 18
18     packet: packet ERROR!!! accumulated num_err_pkt: 19
19     packet: packet ERROR!!! accumulated num_err_pkt: 20
20     packet: packet ERROR!!! accumulated num_err_pkt: 21
21     packet: packet ERROR!!! accumulated num_err_pkt: 22
22     packet: packet ERROR!!! accumulated num_err_pkt: 23
23     packet: packet ERROR!!! accumulated num_err_pkt: 24
24     packet: packet ERROR!!! accumulated num_err_pkt: 25
25     packet: packet ERROR!!! accumulated num_err_pkt: 26
26     packet: packet ERROR!!! accumulated num_err_pkt: 27
27     packet: packet ERROR!!! accumulated num_err_pkt: 28
28     packet: packet ERROR!!! accumulated num_err_pkt: 29
29     packet: packet ERROR!!! accumulated num_err_pkt: 30
30     packet: packet ERROR!!! accumulated num_err_pkt: 31
31     packet: packet ERROR!!! accumulated num_err_pkt: 32
32     packet: packet ERROR!!! accumulated num_err_pkt: 33
33     packet: packet ERROR!!! accumulated num_err_pkt: 34
34     packet: packet ERROR!!! accumulated num_err_pkt: 35
35     packet: packet ERROR!!! accumulated num_err_pkt: 36
36     packet: packet ERROR!!! accumulated num_err_pkt: 37
37     packet: packet ERROR!!! accumulated num_err_pkt: 38
38     packet: packet ERROR!!! accumulated num_err_pkt: 39
39     packet: packet ERROR!!! accumulated num_err_pkt: 40
40     packet: packet ERROR!!! accumulated num_err_pkt: 41
41     packet: packet ERROR!!! accumulated num_err_pkt: 42
42     packet: packet ERROR!!! accumulated num_err_pkt: 43
43     packet: packet ERROR!!! accumulated num_err_pkt: 44
44     packet: packet ERROR!!! accumulated num_err_pkt: 45
45     packet: packet ERROR!!! accumulated num_err_pkt: 46
46     packet: packet ERROR!!! accumulated num_err_pkt: 47
47     packet: packet ERROR!!! accumulated num_err_pkt: 48
48     packet: packet ERROR!!! accumulated num_err_pkt: 49
49     packet: packet ERROR!!! accumulated num_err_pkt: 50
50     packet: packet ERROR!!! accumulated num_err_pkt: 51
51     packet: packet ERROR!!! accumulated num_err_pkt: 52
52     packet: packet ERROR!!! accumulated num_err_pkt: 53
53     packet: packet ERROR!!! accumulated num_err_pkt: 54
54     packet: packet ERROR!!! accumulated num_err_pkt: 55
55     packet: packet ERROR!!! accumulated num_err_pkt: 56
56     packet: packet ERROR!!! accumulated num_err_pkt: 57
57     packet: packet ERROR!!! accumulated num_err_pkt: 58
58     packet: packet ERROR!!! accumulated num_err_pkt: 59
59     packet: packet ERROR!!! accumulated num_err_pkt: 60
60     packet: packet ERROR!!! accumulated num_err_pkt: 61
61     packet: packet ERROR!!! accumulated num_err_pkt: 62
62     packet: packet ERROR!!! accumulated num_err_pkt: 63
63     packet: packet ERROR!!! accumulated num_err_pkt: 64
64     packet: packet ERROR!!! accumulated num_err_pkt: 65
65     packet: packet ERROR!!! accumulated num_err_pkt: 66
66     packet: packet ERROR!!! accumulated num_err_pkt: 67
67     packet: packet ERROR!!! accumulated num_err_pkt: 68
68     packet: packet ERROR!!! accumulated num_err_pkt: 69
69     packet: packet ERROR!!! accumulated num_err_pkt: 70
70     packet: packet ERROR!!! accumulated num_err_pkt: 71
71     packet: packet ERROR!!! accumulated num_err_pkt: 72
72     packet: packet ERROR!!! accumulated num_err_pkt: 73
73     packet: packet ERROR!!! accumulated num_err_pkt: 74
74     packet: packet ERROR!!! accumulated num_err_pkt: 75
75     packet: packet ERROR!!! accumulated num_err_pkt: 76
76     packet: packet ERROR!!! accumulated num_err_pkt: 77
77     packet: packet ERROR!!! accumulated num_err_pkt: 78
78     packet: packet ERROR!!! accumulated num_err_pkt: 79
79     packet: packet ERROR!!! accumulated num_err_pkt: 80
80     packet: packet ERROR!!! accumulated num_err_pkt: 81
81     packet: packet ERROR!!! accumulated num_err_pkt: 82
82     packet: packet ERROR!!! accumulated num_err_pkt: 83
83     packet: packet ERROR!!! accumulated num_err_pkt: 84
84     packet: packet ERROR!!! accumulated num_err_pkt: 85
85     packet: packet ERROR!!! accumulated num_err_pkt: 86
86     packet: packet ERROR!!! accumulated num_err_pkt: 87
87     packet: packet ERROR!!! accumulated num_err_pkt: 88
88     packet: packet ERROR!!! accumulated num_err_pkt: 89
89     packet: packet ERROR!!! accumulated num_err_pkt: 90
90     packet: packet ERROR!!! accumulated num_err_pkt: 91
91     packet: packet ERROR!!! accumulated num_err_pkt: 92
92     packet: packet ERROR!!! accumulated num_err_pkt: 93
93     packet: packet ERROR!!! accumulated num_err_pkt: 94
94     packet: packet ERROR!!! accumulated num_err_pkt: 95
95     packet: packet ERROR!!! accumulated num_err_pkt: 96
96     packet: packet ERROR!!! accumulated num_err_pkt: 97
97     packet: packet ERROR!!! accumulated num_err_pkt: 98
98     packet: packet ERROR!!! accumulated num_err_pkt: 99
99     packet: packet ERROR!!! accumulated num_err_pkt: 100
SNR: 17
BER: 146.95, error_bits: 285671, total_bits: 1944
CER: 0.9962, error_codewords: 4981, total_codewords: 5000
PER: 1, error_packets: 100, total_packets: 100

execution time: 49.578 seconds
snr = 17.5
code_rate = 5/6, qam_bit = 6, n_cw_to_sim = 1, cw_factor = 50
n_ss = 4, QAM = 64, path_num = 1
0     packet: packet ERROR!!! accumulated num_err_pkt: 1
1     packet: packet ERROR!!! accumulated num_err_pkt: 2
2     packet: packet ERROR!!! accumulated num_err_pkt: 3
3     packet: packet ERROR!!! accumulated num_err_pkt: 4
4     packet: packet ERROR!!! accumulated num_err_pkt: 5
5     packet: packet ERROR!!! accumulated num_err_pkt: 6
6     packet: packet ERROR!!! accumulated num_err_pkt: 7
7     packet: packet ERROR!!! accumulated num_err_pkt: 8
8     packet: packet ERROR!!! accumulated num_err_pkt: 9
9     packet: packet ERROR!!! accumulated num_err_pkt: 10
10     packet: packet ERROR!!! accumulated num_err_pkt: 11
11     packet: packet ERROR!!! accumulated num_err_pkt: 12
12     packet: packet ERROR!!! accumulated num_err_pkt: 13
13     packet: packet ERROR!!! accumulated num_err_pkt: 14
14     packet: packet ERROR!!! accumulated num_err_pkt: 15
15     packet: packet ERROR!!! accumulated num_err_pkt: 16
16     packet: packet ERROR!!! accumulated num_err_pkt: 17
17     packet: packet ERROR!!! accumulated num_err_pkt: 18
18     packet: packet ERROR!!! accumulated num_err_pkt: 19
19     packet: packet ERROR!!! accumulated num_err_pkt: 20
20     packet: packet ERROR!!! accumulated num_err_pkt: 21
21     packet: packet ERROR!!! accumulated num_err_pkt: 22
22     packet: packet ERROR!!! accumulated num_err_pkt: 23
23     packet: packet ERROR!!! accumulated num_err_pkt: 24
24     packet: packet ERROR!!! accumulated num_err_pkt: 25
25     packet: packet ERROR!!! accumulated num_err_pkt: 26
26     packet: packet ERROR!!! accumulated num_err_pkt: 27
27     packet: packet ERROR!!! accumulated num_err_pkt: 28
28     packet: packet ERROR!!! accumulated num_err_pkt: 29
29     packet: packet ERROR!!! accumulated num_err_pkt: 30
30     packet: packet ERROR!!! accumulated num_err_pkt: 31
31     packet: packet ERROR!!! accumulated num_err_pkt: 32
32     packet: packet ERROR!!! accumulated num_err_pkt: 33
33     packet: packet ERROR!!! accumulated num_err_pkt: 34
34     packet: packet ERROR!!! accumulated num_err_pkt: 35
35     packet: packet ERROR!!! accumulated num_err_pkt: 36
36     packet: packet ERROR!!! accumulated num_err_pkt: 37
37     packet: packet ERROR!!! accumulated num_err_pkt: 38
38     packet: packet ERROR!!! accumulated num_err_pkt: 39
39     packet: packet ERROR!!! accumulated num_err_pkt: 40
40     packet: packet ERROR!!! accumulated num_err_pkt: 41
41     packet: packet ERROR!!! accumulated num_err_pkt: 42
42     packet: packet ERROR!!! accumulated num_err_pkt: 43
43     packet: packet ERROR!!! accumulated num_err_pkt: 44
44     packet: packet ERROR!!! accumulated num_err_pkt: 45
45     packet: packet ERROR!!! accumulated num_err_pkt: 46
46     packet: packet ERROR!!! accumulated num_err_pkt: 47
47     packet: packet ERROR!!! accumulated num_err_pkt: 48
48     packet: packet ERROR!!! accumulated num_err_pkt: 49
49     packet: packet ERROR!!! accumulated num_err_pkt: 50
50     packet: packet ERROR!!! accumulated num_err_pkt: 51
51     packet: packet ERROR!!! accumulated num_err_pkt: 52
52     packet: packet ERROR!!! accumulated num_err_pkt: 53
53     packet: packet ERROR!!! accumulated num_err_pkt: 54
54     packet: packet ERROR!!! accumulated num_err_pkt: 55
55     packet: packet ERROR!!! accumulated num_err_pkt: 56
56     packet: packet ERROR!!! accumulated num_err_pkt: 57
57     packet: packet ERROR!!! accumulated num_err_pkt: 58
58     packet: packet ERROR!!! accumulated num_err_pkt: 59
59     packet: packet ERROR!!! accumulated num_err_pkt: 60
60     packet: packet ERROR!!! accumulated num_err_pkt: 61
61     packet: packet ERROR!!! accumulated num_err_pkt: 62
62     packet: packet ERROR!!! accumulated num_err_pkt: 63
63     packet: packet ERROR!!! accumulated num_err_pkt: 64
64     packet: packet ERROR!!! accumulated num_err_pkt: 65
65     packet: packet ERROR!!! accumulated num_err_pkt: 66
66     packet: packet ERROR!!! accumulated num_err_pkt: 67
67     packet: packet ERROR!!! accumulated num_err_pkt: 68
68     packet: packet ERROR!!! accumulated num_err_pkt: 69
69     packet: packet ERROR!!! accumulated num_err_pkt: 70
70     packet: packet ERROR!!! accumulated num_err_pkt: 71
71     packet: packet ERROR!!! accumulated num_err_pkt: 72
72     packet: packet ERROR!!! accumulated num_err_pkt: 73
73     packet: packet ERROR!!! accumulated num_err_pkt: 74
74     packet: packet ERROR!!! accumulated num_err_pkt: 75
75     packet: packet ERROR!!! accumulated num_err_pkt: 76
76     packet: packet ERROR!!! accumulated num_err_pkt: 77
77     packet: packet ERROR!!! accumulated num_err_pkt: 78
78     packet: packet ERROR!!! accumulated num_err_pkt: 79
79     packet: packet ERROR!!! accumulated num_err_pkt: 80
80     packet: packet ERROR!!! accumulated num_err_pkt: 81
81     packet: packet ERROR!!! accumulated num_err_pkt: 82
82     packet: packet ERROR!!! accumulated num_err_pkt: 83
83     packet: packet ERROR!!! accumulated num_err_pkt: 84
84     packet: packet ERROR!!! accumulated num_err_pkt: 85
85     packet: packet ERROR!!! accumulated num_err_pkt: 86
86     packet: packet ERROR!!! accumulated num_err_pkt: 87
87     packet: packet ERROR!!! accumulated num_err_pkt: 88
88     packet: packet ERROR!!! accumulated num_err_pkt: 89
89     packet: packet ERROR!!! accumulated num_err_pkt: 90
90     packet: packet ERROR!!! accumulated num_err_pkt: 91
91     packet: packet ERROR!!! accumulated num_err_pkt: 92
92     packet: packet ERROR!!! accumulated num_err_pkt: 93
93     packet: packet ERROR!!! accumulated num_err_pkt: 94
94     packet: packet ERROR!!! accumulated num_err_pkt: 95
95     packet: packet ERROR!!! accumulated num_err_pkt: 96
96     packet: packet ERROR!!! accumulated num_err_pkt: 97
97     packet: packet ERROR!!! accumulated num_err_pkt: 98
98     packet: packet ERROR!!! accumulated num_err_pkt: 99
99     packet: packet ERROR!!! accumulated num_err_pkt: 100
SNR: 17.5
BER: 79.5093, error_bits: 154566, total_bits: 1944
CER: 0.8992, error_codewords: 4496, total_codewords: 5000
PER: 1, error_packets: 100, total_packets: 100

execution time: 48.293 seconds
snr = 18
code_rate = 5/6, qam_bit = 6, n_cw_to_sim = 1, cw_factor = 50
n_ss = 4, QAM = 64, path_num = 1
0     packet: packet ERROR!!! accumulated num_err_pkt: 1
1     packet: packet ERROR!!! accumulated num_err_pkt: 2
2     packet: packet ERROR!!! accumulated num_err_pkt: 3
3     packet: packet ERROR!!! accumulated num_err_pkt: 4
4     packet: packet ERROR!!! accumulated num_err_pkt: 5
5     packet: packet ERROR!!! accumulated num_err_pkt: 6
6     packet: packet ERROR!!! accumulated num_err_pkt: 7
7     packet: packet ERROR!!! accumulated num_err_pkt: 8
8     packet: packet ERROR!!! accumulated num_err_pkt: 9
9     packet: packet ERROR!!! accumulated num_err_pkt: 10
10     packet: packet ERROR!!! accumulated num_err_pkt: 11
11     packet: packet ERROR!!! accumulated num_err_pkt: 12
12     packet: packet ERROR!!! accumulated num_err_pkt: 13
13     packet: packet ERROR!!! accumulated num_err_pkt: 14
14     packet: packet ERROR!!! accumulated num_err_pkt: 15
15     packet: packet ERROR!!! accumulated num_err_pkt: 16
16     packet: packet ERROR!!! accumulated num_err_pkt: 17
17     packet: packet ERROR!!! accumulated num_err_pkt: 18
18     packet: packet ERROR!!! accumulated num_err_pkt: 19
19     packet: packet ERROR!!! accumulated num_err_pkt: 20
20     packet: packet ERROR!!! accumulated num_err_pkt: 21
21     packet: packet ERROR!!! accumulated num_err_pkt: 22
22     packet: packet ERROR!!! accumulated num_err_pkt: 23
23     packet: packet ERROR!!! accumulated num_err_pkt: 24
24     packet: packet ERROR!!! accumulated num_err_pkt: 25
25     packet: packet ERROR!!! accumulated num_err_pkt: 26
26     packet: packet ERROR!!! accumulated num_err_pkt: 27
27     packet: packet ERROR!!! accumulated num_err_pkt: 28
28     packet: packet ERROR!!! accumulated num_err_pkt: 29
29     packet: packet ERROR!!! accumulated num_err_pkt: 30
30     packet: packet ERROR!!! accumulated num_err_pkt: 31
31     packet: packet ERROR!!! accumulated num_err_pkt: 32
32     packet: packet ERROR!!! accumulated num_err_pkt: 33
33     packet: packet ERROR!!! accumulated num_err_pkt: 34
34     packet: packet ERROR!!! accumulated num_err_pkt: 35
35     packet: packet ERROR!!! accumulated num_err_pkt: 36
36     packet: packet ERROR!!! accumulated num_err_pkt: 37
37     packet: packet ERROR!!! accumulated num_err_pkt: 38
38     packet: packet ERROR!!! accumulated num_err_pkt: 39
39     packet: packet ERROR!!! accumulated num_err_pkt: 40
40     packet: packet ERROR!!! accumulated num_err_pkt: 41
41     packet: packet ERROR!!! accumulated num_err_pkt: 42
42     packet: packet ERROR!!! accumulated num_err_pkt: 43
43     packet: packet ERROR!!! accumulated num_err_pkt: 44
44     packet: packet ERROR!!! accumulated num_err_pkt: 45
45     packet: packet ERROR!!! accumulated num_err_pkt: 46
46     packet: packet ERROR!!! accumulated num_err_pkt: 47
47     packet: packet ERROR!!! accumulated num_err_pkt: 48
48     packet: packet ERROR!!! accumulated num_err_pkt: 49
49     packet: packet ERROR!!! accumulated num_err_pkt: 50
50     packet: packet ERROR!!! accumulated num_err_pkt: 51
51     packet: packet ERROR!!! accumulated num_err_pkt: 52
52     packet: packet ERROR!!! accumulated num_err_pkt: 53
53     packet: packet ERROR!!! accumulated num_err_pkt: 54
54     packet: packet ERROR!!! accumulated num_err_pkt: 55
55     packet: packet ERROR!!! accumulated num_err_pkt: 56
56     packet: packet ERROR!!! accumulated num_err_pkt: 57
57     packet: packet ERROR!!! accumulated num_err_pkt: 58
58     packet: packet ERROR!!! accumulated num_err_pkt: 59
59     packet: packet ERROR!!! accumulated num_err_pkt: 60
60     packet: packet ERROR!!! accumulated num_err_pkt: 61
61     packet: packet ERROR!!! accumulated num_err_pkt: 62
62     packet: packet ERROR!!! accumulated num_err_pkt: 63
63     packet: packet ERROR!!! accumulated num_err_pkt: 64
64     packet: packet ERROR!!! accumulated num_err_pkt: 65
65     packet: packet ERROR!!! accumulated num_err_pkt: 66
66     packet: packet ERROR!!! accumulated num_err_pkt: 67
67     packet: packet ERROR!!! accumulated num_err_pkt: 68
68     packet: packet ERROR!!! accumulated num_err_pkt: 69
69     packet: packet ERROR!!! accumulated num_err_pkt: 70
70     packet: packet ERROR!!! accumulated num_err_pkt: 71
71     packet: packet ERROR!!! accumulated num_err_pkt: 72
72     packet: packet ERROR!!! accumulated num_err_pkt: 73
73     packet: packet ERROR!!! accumulated num_err_pkt: 74
74     packet: packet ERROR!!! accumulated num_err_pkt: 75
75     packet: packet ERROR!!! accumulated num_err_pkt: 76
76     packet: packet ERROR!!! accumulated num_err_pkt: 77
77     packet: packet ERROR!!! accumulated num_err_pkt: 78
78     packet: packet ERROR!!! accumulated num_err_pkt: 79
79     packet: packet ERROR!!! accumulated num_err_pkt: 80
80     packet: packet ERROR!!! accumulated num_err_pkt: 81
81     packet: packet ERROR!!! accumulated num_err_pkt: 82
82     packet: packet ERROR!!! accumulated num_err_pkt: 83
83     packet: packet ERROR!!! accumulated num_err_pkt: 84
84     packet: packet ERROR!!! accumulated num_err_pkt: 85
85     packet: packet ERROR!!! accumulated num_err_pkt: 86
86     packet: packet ERROR!!! accumulated num_err_pkt: 87
87     packet: packet ERROR!!! accumulated num_err_pkt: 88
88     packet: packet ERROR!!! accumulated num_err_pkt: 89
89     packet: packet ERROR!!! accumulated num_err_pkt: 90
90     packet: packet ERROR!!! accumulated num_err_pkt: 91
91     packet: packet ERROR!!! accumulated num_err_pkt: 92
92     packet: packet ERROR!!! accumulated num_err_pkt: 93
93     packet: packet ERROR!!! accumulated num_err_pkt: 94
94     packet: packet ERROR!!! accumulated num_err_pkt: 95
95     packet: packet ERROR!!! accumulated num_err_pkt: 96
96     packet: packet ERROR!!! accumulated num_err_pkt: 97
97     packet: packet ERROR!!! accumulated num_err_pkt: 98
98     packet: packet ERROR!!! accumulated num_err_pkt: 99
99     packet: packet ERROR!!! accumulated num_err_pkt: 100
SNR: 18
BER: 23.6168, error_bits: 45911, total_bits: 1944
CER: 0.4712, error_codewords: 2356, total_codewords: 5000
PER: 1, error_packets: 100, total_packets: 100

execution time: 35.982 seconds
snr = 18.5
code_rate = 5/6, qam_bit = 6, n_cw_to_sim = 1, cw_factor = 50
n_ss = 4, QAM = 64, path_num = 1
0     packet: packet ERROR!!! accumulated num_err_pkt: 1
1     packet: packet ERROR!!! accumulated num_err_pkt: 2
2     packet: packet ERROR!!! accumulated num_err_pkt: 3
3     packet: packet ERROR!!! accumulated num_err_pkt: 4
4     packet: packet ERROR!!! accumulated num_err_pkt: 5
5     packet: packet ERROR!!! accumulated num_err_pkt: 6
6     packet: packet ERROR!!! accumulated num_err_pkt: 7
7     packet: packet ERROR!!! accumulated num_err_pkt: 8
8     packet: packet ERROR!!! accumulated num_err_pkt: 9
9     packet: packet ERROR!!! accumulated num_err_pkt: 10
10     packet: packet ERROR!!! accumulated num_err_pkt: 11
11     packet: packet ERROR!!! accumulated num_err_pkt: 12
12     packet: packet ERROR!!! accumulated num_err_pkt: 13
13     packet: packet ERROR!!! accumulated num_err_pkt: 14
14     packet: packet ERROR!!! accumulated num_err_pkt: 15
15     packet: packet ERROR!!! accumulated num_err_pkt: 16
16     packet: packet ERROR!!! accumulated num_err_pkt: 17
17     packet: packet ERROR!!! accumulated num_err_pkt: 18
18     packet: packet ERROR!!! accumulated num_err_pkt: 19
19     packet: packet ERROR!!! accumulated num_err_pkt: 20
20     packet: packet ERROR!!! accumulated num_err_pkt: 21
21     packet: packet ERROR!!! accumulated num_err_pkt: 22
22     packet: packet ERROR!!! accumulated num_err_pkt: 23
23     packet: packet ERROR!!! accumulated num_err_pkt: 24
24     packet: packet ERROR!!! accumulated num_err_pkt: 25
25     packet: packet ERROR!!! accumulated num_err_pkt: 26
26     packet: packet ERROR!!! accumulated num_err_pkt: 27
27     packet: packet ERROR!!! accumulated num_err_pkt: 28
28     packet: packet ERROR!!! accumulated num_err_pkt: 29
29     packet: packet ERROR!!! accumulated num_err_pkt: 30
30     packet: packet ERROR!!! accumulated num_err_pkt: 31
31     packet: packet ERROR!!! accumulated num_err_pkt: 32
32     packet: packet ERROR!!! accumulated num_err_pkt: 33
33     packet: packet ERROR!!! accumulated num_err_pkt: 34
34     packet: packet ERROR!!! accumulated num_err_pkt: 35
35     packet: packet ERROR!!! accumulated num_err_pkt: 36
36     packet: packet ERROR!!! accumulated num_err_pkt: 37
37     packet: packet ERROR!!! accumulated num_err_pkt: 38
38     packet: packet ERROR!!! accumulated num_err_pkt: 39
39     packet: packet ERROR!!! accumulated num_err_pkt: 40
40     packet: packet ERROR!!! accumulated num_err_pkt: 41
41     packet: packet ERROR!!! accumulated num_err_pkt: 42
42     packet: packet ERROR!!! accumulated num_err_pkt: 43
43     packet: packet ERROR!!! accumulated num_err_pkt: 44
44     packet: packet ERROR!!! accumulated num_err_pkt: 45
45     packet: packet ERROR!!! accumulated num_err_pkt: 46
46     packet: packet ERROR!!! accumulated num_err_pkt: 47
47     packet: packet ERROR!!! accumulated num_err_pkt: 48
48     packet: packet ERROR!!! accumulated num_err_pkt: 49
49     packet: packet ERROR!!! accumulated num_err_pkt: 50
50     packet: packet ERROR!!! accumulated num_err_pkt: 51
51     packet: packet ERROR!!! accumulated num_err_pkt: 52
52     packet: packet ERROR!!! accumulated num_err_pkt: 53
53     packet: packet ERROR!!! accumulated num_err_pkt: 54
54     packet: packet ERROR!!! accumulated num_err_pkt: 55
55     packet: packet ERROR!!! accumulated num_err_pkt: 56
56     packet: packet ERROR!!! accumulated num_err_pkt: 57
57     packet: packet ERROR!!! accumulated num_err_pkt: 58
58     packet: packet ERROR!!! accumulated num_err_pkt: 59
59     packet: packet ERROR!!! accumulated num_err_pkt: 60
60     packet: packet ERROR!!! accumulated num_err_pkt: 61
61     packet: packet ERROR!!! accumulated num_err_pkt: 62
62     packet: packet ERROR!!! accumulated num_err_pkt: 63
63     packet: packet ERROR!!! accumulated num_err_pkt: 64
64     packet: packet ERROR!!! accumulated num_err_pkt: 65
65     packet: packet ERROR!!! accumulated num_err_pkt: 66
66     packet: packet ERROR!!! accumulated num_err_pkt: 67
67     packet: packet ERROR!!! accumulated num_err_pkt: 68
68     packet: packet ERROR!!! accumulated num_err_pkt: 69
69     packet: packet ERROR!!! accumulated num_err_pkt: 70
70     packet: packet ERROR!!! accumulated num_err_pkt: 71
71     packet: packet ERROR!!! accumulated num_err_pkt: 72
72     packet: packet ERROR!!! accumulated num_err_pkt: 73
73     packet: packet ERROR!!! accumulated num_err_pkt: 74
74     packet: packet ERROR!!! accumulated num_err_pkt: 75
75     packet: packet ERROR!!! accumulated num_err_pkt: 76
76     packet: packet ERROR!!! accumulated num_err_pkt: 77
77     packet: packet ERROR!!! accumulated num_err_pkt: 78
78     packet: packet ERROR!!! accumulated num_err_pkt: 79
79     packet: packet ERROR!!! accumulated num_err_pkt: 80
80     packet: packet ERROR!!! accumulated num_err_pkt: 81
81     packet: packet ERROR!!! accumulated num_err_pkt: 82
82     packet: packet ERROR!!! accumulated num_err_pkt: 83
83     packet: packet ERROR!!! accumulated num_err_pkt: 84
84     packet: packet ERROR!!! accumulated num_err_pkt: 85
85     packet: packet ERROR!!! accumulated num_err_pkt: 86
86     packet: packet ERROR!!! accumulated num_err_pkt: 87
87     packet: packet ERROR!!! accumulated num_err_pkt: 88
88     packet: packet ERROR!!! accumulated num_err_pkt: 89
89     packet: packet ERROR!!! accumulated num_err_pkt: 90
90     packet: packet ERROR!!! accumulated num_err_pkt: 91
91     packet: packet ERROR!!! accumulated num_err_pkt: 92
92     packet: packet ERROR!!! accumulated num_err_pkt: 93
93     packet: packet ERROR!!! accumulated num_err_pkt: 94
94     packet: packet ERROR!!! accumulated num_err_pkt: 95
95     packet: packet ERROR!!! accumulated num_err_pkt: 96
96     packet: packet ERROR!!! accumulated num_err_pkt: 97
97     packet: packet ERROR!!! accumulated num_err_pkt: 98
98     packet: packet ERROR!!! accumulated num_err_pkt: 99
99     packet: packet ERROR!!! accumulated num_err_pkt: 100
SNR: 18.5
BER: 2.62551, error_bits: 5104, total_bits: 1944
CER: 0.088, error_codewords: 440, total_codewords: 5000
PER: 1, error_packets: 100, total_packets: 100

execution time: 26.35 seconds
snr = 19
code_rate = 5/6, qam_bit = 6, n_cw_to_sim = 1, cw_factor = 50
n_ss = 4, QAM = 64, path_num = 1
0     packet: packet ERROR!!! accumulated num_err_pkt: 1
1     packet: packet correct. accumulated num_err_pkt: 1
2     packet: packet correct. accumulated num_err_pkt: 1
3     packet: packet correct. accumulated num_err_pkt: 1
4     packet: packet correct. accumulated num_err_pkt: 1
5     packet: packet ERROR!!! accumulated num_err_pkt: 2
6     packet: packet correct. accumulated num_err_pkt: 2
7     packet: packet correct. accumulated num_err_pkt: 2
8     packet: packet ERROR!!! accumulated num_err_pkt: 3
9     packet: packet correct. accumulated num_err_pkt: 3
10     packet: packet correct. accumulated num_err_pkt: 3
11     packet: packet correct. accumulated num_err_pkt: 3
12     packet: packet correct. accumulated num_err_pkt: 3
13     packet: packet correct. accumulated num_err_pkt: 3
14     packet: packet correct. accumulated num_err_pkt: 3
15     packet: packet correct. accumulated num_err_pkt: 3
16     packet: packet ERROR!!! accumulated num_err_pkt: 4
17     packet: packet correct. accumulated num_err_pkt: 4
18     packet: packet correct. accumulated num_err_pkt: 4
19     packet: packet ERROR!!! accumulated num_err_pkt: 5
20     packet: packet ERROR!!! accumulated num_err_pkt: 6
21     packet: packet ERROR!!! accumulated num_err_pkt: 7
22     packet: packet correct. accumulated num_err_pkt: 7
23     packet: packet correct. accumulated num_err_pkt: 7
24     packet: packet correct. accumulated num_err_pkt: 7
25     packet: packet correct. accumulated num_err_pkt: 7
26     packet: packet correct. accumulated num_err_pkt: 7
27     packet: packet correct. accumulated num_err_pkt: 7
28     packet: packet ERROR!!! accumulated num_err_pkt: 8
29     packet: packet ERROR!!! accumulated num_err_pkt: 9
30     packet: packet ERROR!!! accumulated num_err_pkt: 10
31     packet: packet correct. accumulated num_err_pkt: 10
32     packet: packet correct. accumulated num_err_pkt: 10
33     packet: packet correct. accumulated num_err_pkt: 10
34     packet: packet correct. accumulated num_err_pkt: 10
35     packet: packet ERROR!!! accumulated num_err_pkt: 11
36     packet: packet correct. accumulated num_err_pkt: 11
37     packet: packet correct. accumulated num_err_pkt: 11
38     packet: packet correct. accumulated num_err_pkt: 11
39     packet: packet ERROR!!! accumulated num_err_pkt: 12
40     packet: packet ERROR!!! accumulated num_err_pkt: 13
41     packet: packet ERROR!!! accumulated num_err_pkt: 14
42     packet: packet correct. accumulated num_err_pkt: 14
43     packet: packet correct. accumulated num_err_pkt: 14
44     packet: packet ERROR!!! accumulated num_err_pkt: 15
45     packet: packet correct. accumulated num_err_pkt: 15
46     packet: packet correct. accumulated num_err_pkt: 15
47     packet: packet correct. accumulated num_err_pkt: 15
48     packet: packet correct. accumulated num_err_pkt: 15
49     packet: packet correct. accumulated num_err_pkt: 15
50     packet: packet correct. accumulated num_err_pkt: 15
51     packet: packet ERROR!!! accumulated num_err_pkt: 16
52     packet: packet correct. accumulated num_err_pkt: 16
53     packet: packet ERROR!!! accumulated num_err_pkt: 17
54     packet: packet correct. accumulated num_err_pkt: 17
55     packet: packet correct. accumulated num_err_pkt: 17
56     packet: packet correct. accumulated num_err_pkt: 17
57     packet: packet ERROR!!! accumulated num_err_pkt: 18
58     packet: packet correct. accumulated num_err_pkt: 18
59     packet: packet correct. accumulated num_err_pkt: 18
60     packet: packet ERROR!!! accumulated num_err_pkt: 19
61     packet: packet correct. accumulated num_err_pkt: 19
62     packet: packet correct. accumulated num_err_pkt: 19
63     packet: packet correct. accumulated num_err_pkt: 19
64     packet: packet ERROR!!! accumulated num_err_pkt: 20
65     packet: packet correct. accumulated num_err_pkt: 20
66     packet: packet correct. accumulated num_err_pkt: 20
67     packet: packet ERROR!!! accumulated num_err_pkt: 21
68     packet: packet correct. accumulated num_err_pkt: 21
69     packet: packet ERROR!!! accumulated num_err_pkt: 22
70     packet: packet ERROR!!! accumulated num_err_pkt: 23
71     packet: packet correct. accumulated num_err_pkt: 23
72     packet: packet correct. accumulated num_err_pkt: 23
73     packet: packet correct. accumulated num_err_pkt: 23
74     packet: packet ERROR!!! accumulated num_err_pkt: 24
75     packet: packet correct. accumulated num_err_pkt: 24
76     packet: packet correct. accumulated num_err_pkt: 24
77     packet: packet ERROR!!! accumulated num_err_pkt: 25
78     packet: packet correct. accumulated num_err_pkt: 25
79     packet: packet ERROR!!! accumulated num_err_pkt: 26
80     packet: packet ERROR!!! accumulated num_err_pkt: 27
81     packet: packet ERROR!!! accumulated num_err_pkt: 28
82     packet: packet correct. accumulated num_err_pkt: 28
83     packet: packet correct. accumulated num_err_pkt: 28
84     packet: packet ERROR!!! accumulated num_err_pkt: 29
85     packet: packet correct. accumulated num_err_pkt: 29
86     packet: packet correct. accumulated num_err_pkt: 29
87     packet: packet ERROR!!! accumulated num_err_pkt: 30
88     packet: packet ERROR!!! accumulated num_err_pkt: 31
89     packet: packet correct. accumulated num_err_pkt: 31
90     packet: packet correct. accumulated num_err_pkt: 31
91     packet: packet ERROR!!! accumulated num_err_pkt: 32
92     packet: packet ERROR!!! accumulated num_err_pkt: 33
93     packet: packet correct. accumulated num_err_pkt: 33
94     packet: packet correct. accumulated num_err_pkt: 33
95     packet: packet ERROR!!! accumulated num_err_pkt: 34
96     packet: packet ERROR!!! accumulated num_err_pkt: 35
97     packet: packet correct. accumulated num_err_pkt: 35
98     packet: packet correct. accumulated num_err_pkt: 35
99     packet: packet correct. accumulated num_err_pkt: 35
SNR: 19
BER: 0.168724, error_bits: 328, total_bits: 1944
CER: 0.0078, error_codewords: 39, total_codewords: 5000
PER: 0.35, error_packets: 35, total_packets: 100

execution time: 23.79 seconds
snr = 19.5
code_rate = 5/6, qam_bit = 6, n_cw_to_sim = 1, cw_factor = 50
n_ss = 4, QAM = 64, path_num = 1
0     packet: packet correct. accumulated num_err_pkt: 0
1     packet: packet correct. accumulated num_err_pkt: 0
2     packet: packet correct. accumulated num_err_pkt: 0
3     packet: packet correct. accumulated num_err_pkt: 0
4     packet: packet correct. accumulated num_err_pkt: 0
5     packet: packet correct. accumulated num_err_pkt: 0
6     packet: packet correct. accumulated num_err_pkt: 0
7     packet: packet correct. accumulated num_err_pkt: 0
8     packet: packet correct. accumulated num_err_pkt: 0
9     packet: packet correct. accumulated num_err_pkt: 0
10     packet: packet correct. accumulated num_err_pkt: 0
11     packet: packet correct. accumulated num_err_pkt: 0
12     packet: packet correct. accumulated num_err_pkt: 0
13     packet: packet correct. accumulated num_err_pkt: 0
14     packet: packet correct. accumulated num_err_pkt: 0
15     packet: packet correct. accumulated num_err_pkt: 0
16     packet: packet correct. accumulated num_err_pkt: 0
17     packet: packet correct. accumulated num_err_pkt: 0
18     packet: packet correct. accumulated num_err_pkt: 0
19     packet: packet correct. accumulated num_err_pkt: 0
20     packet: packet correct. accumulated num_err_pkt: 0
21     packet: packet correct. accumulated num_err_pkt: 0
22     packet: packet correct. accumulated num_err_pkt: 0
23     packet: packet correct. accumulated num_err_pkt: 0
24     packet: packet correct. accumulated num_err_pkt: 0
25     packet: packet correct. accumulated num_err_pkt: 0
26     packet: packet correct. accumulated num_err_pkt: 0
27     packet: packet correct. accumulated num_err_pkt: 0
28     packet: packet correct. accumulated num_err_pkt: 0
29     packet: packet correct. accumulated num_err_pkt: 0
30     packet: packet correct. accumulated num_err_pkt: 0
31     packet: packet correct. accumulated num_err_pkt: 0
32     packet: packet correct. accumulated num_err_pkt: 0
33     packet: packet correct. accumulated num_err_pkt: 0
34     packet: packet correct. accumulated num_err_pkt: 0
35     packet: packet correct. accumulated num_err_pkt: 0
36     packet: packet correct. accumulated num_err_pkt: 0
37     packet: packet correct. accumulated num_err_pkt: 0
38     packet: packet correct. accumulated num_err_pkt: 0
39     packet: packet correct. accumulated num_err_pkt: 0
40     packet: packet correct. accumulated num_err_pkt: 0
41     packet: packet correct. accumulated num_err_pkt: 0
42     packet: packet correct. accumulated num_err_pkt: 0
43     packet: packet correct. accumulated num_err_pkt: 0
44     packet: packet correct. accumulated num_err_pkt: 0
45     packet: packet correct. accumulated num_err_pkt: 0
46     packet: packet correct. accumulated num_err_pkt: 0
47     packet: packet correct. accumulated num_err_pkt: 0
48     packet: packet correct. accumulated num_err_pkt: 0
49     packet: packet correct. accumulated num_err_pkt: 0
50     packet: packet correct. accumulated num_err_pkt: 0
51     packet: packet correct. accumulated num_err_pkt: 0
52     packet: packet correct. accumulated num_err_pkt: 0
53     packet: packet correct. accumulated num_err_pkt: 0
54     packet: packet correct. accumulated num_err_pkt: 0
55     packet: packet correct. accumulated num_err_pkt: 0
56     packet: packet correct. accumulated num_err_pkt: 0
57     packet: packet correct. accumulated num_err_pkt: 0
58     packet: packet correct. accumulated num_err_pkt: 0
59     packet: packet correct. accumulated num_err_pkt: 0
60     packet: packet correct. accumulated num_err_pkt: 0
61     packet: packet correct. accumulated num_err_pkt: 0
62     packet: packet correct. accumulated num_err_pkt: 0
63     packet: packet correct. accumulated num_err_pkt: 0
64     packet: packet correct. accumulated num_err_pkt: 0
65     packet: packet correct. accumulated num_err_pkt: 0
66     packet: packet correct. accumulated num_err_pkt: 0
67     packet: packet correct. accumulated num_err_pkt: 0
68     packet: packet correct. accumulated num_err_pkt: 0
69     packet: packet ERROR!!! accumulated num_err_pkt: 1
70     packet: packet correct. accumulated num_err_pkt: 1
71     packet: packet correct. accumulated num_err_pkt: 1
72     packet: packet correct. accumulated num_err_pkt: 1
73     packet: packet correct. accumulated num_err_pkt: 1
74     packet: packet correct. accumulated num_err_pkt: 1
75     packet: packet correct. accumulated num_err_pkt: 1
76     packet: packet correct. accumulated num_err_pkt: 1
77     packet: packet correct. accumulated num_err_pkt: 1
78     packet: packet correct. accumulated num_err_pkt: 1
79     packet: packet correct. accumulated num_err_pkt: 1
80     packet: packet correct. accumulated num_err_pkt: 1
81     packet: packet correct. accumulated num_err_pkt: 1
82     packet: packet correct. accumulated num_err_pkt: 1
83     packet: packet correct. accumulated num_err_pkt: 1
84     packet: packet correct. accumulated num_err_pkt: 1
85     packet: packet correct. accumulated num_err_pkt: 1
86     packet: packet correct. accumulated num_err_pkt: 1
87     packet: packet correct. accumulated num_err_pkt: 1
88     packet: packet correct. accumulated num_err_pkt: 1
89     packet: packet correct. accumulated num_err_pkt: 1
90     packet: packet correct. accumulated num_err_pkt: 1
91     packet: packet correct. accumulated num_err_pkt: 1
92     packet: packet correct. accumulated num_err_pkt: 1
93     packet: packet correct. accumulated num_err_pkt: 1
94     packet: packet correct. accumulated num_err_pkt: 1
95     packet: packet correct. accumulated num_err_pkt: 1
96     packet: packet correct. accumulated num_err_pkt: 1
97     packet: packet correct. accumulated num_err_pkt: 1
98     packet: packet correct. accumulated num_err_pkt: 1
99     packet: packet correct. accumulated num_err_pkt: 1
SNR: 19.5
BER: 0.00360082, error_bits: 7, total_bits: 1944
CER: 0.0002, error_codewords: 1, total_codewords: 5000
PER: 0.01, error_packets: 1, total_packets: 100

execution time: 22.899 seconds
snr = 20
code_rate = 5/6, qam_bit = 6, n_cw_to_sim = 1, cw_factor = 50
n_ss = 4, QAM = 64, path_num = 1
0     packet: packet correct. accumulated num_err_pkt: 0
1     packet: packet correct. accumulated num_err_pkt: 0
2     packet: packet correct. accumulated num_err_pkt: 0
3     packet: packet correct. accumulated num_err_pkt: 0
4     packet: packet correct. accumulated num_err_pkt: 0
5     packet: packet correct. accumulated num_err_pkt: 0
6     packet: packet correct. accumulated num_err_pkt: 0
7     packet: packet correct. accumulated num_err_pkt: 0
8     packet: packet correct. accumulated num_err_pkt: 0
9     packet: packet correct. accumulated num_err_pkt: 0
10     packet: packet correct. accumulated num_err_pkt: 0
11     packet: packet correct. accumulated num_err_pkt: 0
12     packet: packet correct. accumulated num_err_pkt: 0
13     packet: packet correct. accumulated num_err_pkt: 0
14     packet: packet correct. accumulated num_err_pkt: 0
15     packet: packet correct. accumulated num_err_pkt: 0
16     packet: packet correct. accumulated num_err_pkt: 0
17     packet: packet correct. accumulated num_err_pkt: 0
18     packet: packet correct. accumulated num_err_pkt: 0
19     packet: packet correct. accumulated num_err_pkt: 0
20     packet: packet correct. accumulated num_err_pkt: 0
21     packet: packet correct. accumulated num_err_pkt: 0
22     packet: packet correct. accumulated num_err_pkt: 0
23     packet: packet correct. accumulated num_err_pkt: 0
24     packet: packet correct. accumulated num_err_pkt: 0
25     packet: packet correct. accumulated num_err_pkt: 0
26     packet: packet correct. accumulated num_err_pkt: 0
27     packet: packet correct. accumulated num_err_pkt: 0
28     packet: packet correct. accumulated num_err_pkt: 0
29     packet: packet correct. accumulated num_err_pkt: 0
30     packet: packet correct. accumulated num_err_pkt: 0
31     packet: packet correct. accumulated num_err_pkt: 0
32     packet: packet correct. accumulated num_err_pkt: 0
33     packet: packet correct. accumulated num_err_pkt: 0
34     packet: packet correct. accumulated num_err_pkt: 0
35     packet: packet correct. accumulated num_err_pkt: 0
36     packet: packet correct. accumulated num_err_pkt: 0
37     packet: packet correct. accumulated num_err_pkt: 0
38     packet: packet correct. accumulated num_err_pkt: 0
39     packet: packet correct. accumulated num_err_pkt: 0
40     packet: packet correct. accumulated num_err_pkt: 0
41     packet: packet correct. accumulated num_err_pkt: 0
42     packet: packet correct. accumulated num_err_pkt: 0
43     packet: packet correct. accumulated num_err_pkt: 0
44     packet: packet correct. accumulated num_err_pkt: 0
45     packet: packet correct. accumulated num_err_pkt: 0
46     packet: packet correct. accumulated num_err_pkt: 0
47     packet: packet correct. accumulated num_err_pkt: 0
48     packet: packet correct. accumulated num_err_pkt: 0
49     packet: packet correct. accumulated num_err_pkt: 0
50     packet: packet correct. accumulated num_err_pkt: 0
51     packet: packet correct. accumulated num_err_pkt: 0
52     packet: packet correct. accumulated num_err_pkt: 0
53     packet: packet correct. accumulated num_err_pkt: 0
54     packet: packet correct. accumulated num_err_pkt: 0
55     packet: packet correct. accumulated num_err_pkt: 0
56     packet: packet correct. accumulated num_err_pkt: 0
57     packet: packet correct. accumulated num_err_pkt: 0
58     packet: packet correct. accumulated num_err_pkt: 0
59     packet: packet correct. accumulated num_err_pkt: 0
60     packet: packet correct. accumulated num_err_pkt: 0
61     packet: packet correct. accumulated num_err_pkt: 0
62     packet: packet correct. accumulated num_err_pkt: 0
63     packet: packet correct. accumulated num_err_pkt: 0
64     packet: packet correct. accumulated num_err_pkt: 0
65     packet: packet correct. accumulated num_err_pkt: 0
66     packet: packet correct. accumulated num_err_pkt: 0
67     packet: packet correct. accumulated num_err_pkt: 0
68     packet: packet correct. accumulated num_err_pkt: 0
69     packet: packet correct. accumulated num_err_pkt: 0
70     packet: packet correct. accumulated num_err_pkt: 0
71     packet: packet correct. accumulated num_err_pkt: 0
72     packet: packet correct. accumulated num_err_pkt: 0
73     packet: packet correct. accumulated num_err_pkt: 0
74     packet: packet correct. accumulated num_err_pkt: 0
75     packet: packet correct. accumulated num_err_pkt: 0
76     packet: packet correct. accumulated num_err_pkt: 0
77     packet: packet correct. accumulated num_err_pkt: 0
78     packet: packet correct. accumulated num_err_pkt: 0
79     packet: packet correct. accumulated num_err_pkt: 0
80     packet: packet correct. accumulated num_err_pkt: 0
81     packet: packet correct. accumulated num_err_pkt: 0
82     packet: packet correct. accumulated num_err_pkt: 0
83     packet: packet correct. accumulated num_err_pkt: 0
84     packet: packet correct. accumulated num_err_pkt: 0
85     packet: packet correct. accumulated num_err_pkt: 0
86     packet: packet correct. accumulated num_err_pkt: 0
87     packet: packet correct. accumulated num_err_pkt: 0
88     packet: packet correct. accumulated num_err_pkt: 0
89     packet: packet correct. accumulated num_err_pkt: 0
90     packet: packet correct. accumulated num_err_pkt: 0
91     packet: packet correct. accumulated num_err_pkt: 0
92     packet: packet correct. accumulated num_err_pkt: 0
93     packet: packet correct. accumulated num_err_pkt: 0
94     packet: packet correct. accumulated num_err_pkt: 0
95     packet: packet correct. accumulated num_err_pkt: 0
96     packet: packet correct. accumulated num_err_pkt: 0
97     packet: packet correct. accumulated num_err_pkt: 0
98     packet: packet correct. accumulated num_err_pkt: 0
99     packet: packet correct. accumulated num_err_pkt: 0
SNR: 20
BER: 0, error_bits: 0, total_bits: 1944
CER: 0, error_codewords: 0, total_codewords: 5000
PER: 0, error_packets: 0, total_packets: 100

execution time: 21.129 seconds
Unknown argument: 7
Unknown argument: 17
Unknown argument: 20
test end
